Log file open, 12/19/19 16:29:16
LogWindows: Failed to load 'aqProf.dll' (GetLastError=126)
LogWindows: File 'aqProf.dll' does not exist
LogWindows: Failed to load 'VtuneApi.dll' (GetLastError=126)
LogWindows: File 'VtuneApi.dll' does not exist
LogWindows: Failed to load 'VtuneApi32e.dll' (GetLastError=126)
LogWindows: File 'VtuneApi32e.dll' does not exist
LogConsoleResponse: Display: Failed to find resolution value strings in scalability ini. Falling back to default.
LogInit: Display: Running engine for game: MyGame
LogPlatformFile: Not using cached read wrapper
LogTaskGraph: Started task graph with 5 named threads and 11 total threads with 3 sets of task threads.
LogStats: Stats thread started at 1.005394
LogD3D11RHI: Loaded GFSDK_Aftermath_Lib.x64.dll
LogICUInternationalization: ICU TimeZone Detection - Raw Offset: +3:00, Platform Override: ''
LogPluginManager: Mounting plugin Paper2D
LogPluginManager: Mounting plugin AISupport
LogPluginManager: Mounting plugin LightPropagationVolume
LogPluginManager: Mounting plugin ActorLayerUtilities
LogPluginManager: Mounting plugin AnimationSharing
LogPluginManager: Mounting plugin CLionSourceCodeAccess
LogPluginManager: Mounting plugin CodeLiteSourceCodeAccess
LogPluginManager: Mounting plugin GitSourceControl
LogPluginManager: Mounting plugin KDevelopSourceCodeAccess
LogPluginManager: Mounting plugin NullSourceCodeAccess
LogPluginManager: Mounting plugin PerforceSourceControl
LogPluginManager: Mounting plugin SubversionSourceControl
LogPluginManager: Mounting plugin UObjectPlugin
LogPluginManager: Mounting plugin VisualStudioCodeSourceCodeAccess
LogPluginManager: Mounting plugin VisualStudioSourceCodeAccess
LogPluginManager: Mounting plugin XCodeSourceCodeAccess
LogPluginManager: Mounting plugin AssetManagerEditor
LogPluginManager: Mounting plugin CryptoKeys
LogPluginManager: Mounting plugin CurveEditorTools
LogPluginManager: Mounting plugin DataValidation
LogPluginManager: Mounting plugin EditorScriptingUtilities
LogPluginManager: Mounting plugin FacialAnimation
LogPluginManager: Mounting plugin GameplayTagsEditor
LogPluginManager: Mounting plugin GLTFImporter
LogPluginManager: Mounting plugin MacGraphicsSwitching
LogPluginManager: Mounting plugin MaterialAnalyzer
LogPluginManager: Mounting plugin MeshEditor
LogPluginManager: Mounting plugin MobileLauncherProfileWizard
LogPluginManager: Mounting plugin PluginBrowser
LogPluginManager: Mounting plugin SpeedTreeImporter
LogPluginManager: Mounting plugin DatasmithContent
LogPluginManager: Mounting plugin VariantManagerContent
LogPluginManager: Mounting plugin AlembicImporter
LogPluginManager: Mounting plugin AutomationUtils
LogPluginManager: Mounting plugin BackChannel
LogPluginManager: Mounting plugin BlastPlugin
LogPluginManager: Mounting plugin ChaosSolverPlugin
LogPluginManager: Mounting plugin CharacterAI
LogPluginManager: Mounting plugin DataPrepEditor
LogPluginManager: Mounting plugin GeometryCache
LogPluginManager: Mounting plugin GeometryCollectionPlugin
LogPluginManager: Mounting plugin HTML5Networking
LogPluginManager: Mounting plugin PlatformCrypto
LogPluginManager: Mounting plugin ProxyLODPlugin
LogPluginManager: Mounting plugin SkeletalReduction
LogPluginManager: Mounting plugin MagicLeap
LogPluginManager: Mounting plugin MagicLeapMedia
LogPluginManager: Mounting plugin AndroidMedia
LogPluginManager: Mounting plugin AvfMedia
LogPluginManager: Mounting plugin ImgMedia
LogPluginManager: Mounting plugin MediaCompositing
LogPluginManager: Mounting plugin MediaPlayerEditor
LogPluginManager: Mounting plugin WebMMedia
LogPluginManager: Mounting plugin WmfMedia
LogPluginManager: Mounting plugin TcpMessaging
LogPluginManager: Mounting plugin UdpMessaging
LogPluginManager: Mounting plugin ActorSequence
LogPluginManager: Mounting plugin LevelSequenceEditor
LogPluginManager: Mounting plugin MatineeToLevelSequence
LogPluginManager: Mounting plugin NetcodeUnitTest
LogPluginManager: Mounting plugin NUTUnrealEngine4
LogPluginManager: Mounting plugin OnlineSubsystemGooglePlay
LogPluginManager: Mounting plugin OnlineSubsystemIOS
LogPluginManager: Mounting plugin OnlineSubsystem
LogPluginManager: Mounting plugin OnlineSubsystemNull
LogPluginManager: Mounting plugin OnlineSubsystemUtils
LogPluginManager: Mounting plugin LauncherChunkInstaller
LogPluginManager: Mounting plugin AndroidDeviceProfileSelector
LogPluginManager: Mounting plugin AndroidMoviePlayer
LogPluginManager: Mounting plugin AndroidPermission
LogPluginManager: Mounting plugin AppleImageUtils
LogPluginManager: Mounting plugin AppleMoviePlayer
LogPluginManager: Mounting plugin ArchVisCharacter
LogPluginManager: Mounting plugin AudioCapture
LogPluginManager: Mounting plugin CableComponent
LogPluginManager: Mounting plugin CustomMeshComponent
LogPluginManager: Mounting plugin EditableMesh
LogPluginManager: Mounting plugin ExampleDeviceProfileSelector
LogPluginManager: Mounting plugin GoogleCloudMessaging
LogPluginManager: Mounting plugin IOSDeviceProfileSelector
LogPluginManager: Mounting plugin LinuxDeviceProfileSelector
LogPluginManager: Mounting plugin LocationServicesBPLibrary
LogPluginManager: Mounting plugin MobilePatchingUtils
LogPluginManager: Mounting plugin OculusVR
LogPluginManager: Mounting plugin PhysXVehicles
LogPluginManager: Mounting plugin ProceduralMeshComponent
LogPluginManager: Mounting plugin RuntimePhysXCooking
LogPluginManager: Mounting plugin SignificanceManager
LogPluginManager: Mounting plugin SteamVR
LogPluginManager: Mounting plugin WebMMoviePlayer
LogPluginManager: Mounting plugin WindowsMoviePlayer
LogPluginManager: Mounting plugin ScreenshotTools
LogPluginManager: Mounting plugin DatasmithC4DImporter
LogPluginManager: Mounting plugin DatasmithCADImporter
LogPluginManager: Mounting plugin DatasmithFBXImporter
LogPluginManager: Mounting plugin DatasmithGLTFImporter
LogPluginManager: Mounting plugin DatasmithIFCImporter
LogPluginManager: Mounting plugin DatasmithImporter
LogPluginManager: Mounting plugin MDLImporter
LogPluginManager: Mounting plugin StaticMeshEditorExtension
LogPluginManager: Mounting plugin VariantManager
LogInit: Using libcurl 7.55.1-DEV
LogInit:  - built for x86_64-pc-win32
LogInit:  - supports SSL with OpenSSL/1.1.1
LogInit:  - supports HTTP deflate (compression) using libz 1.2.8
LogInit:  - other features:
LogInit:      CURL_VERSION_SSL
LogInit:      CURL_VERSION_LIBZ
LogInit:      CURL_VERSION_IPV6
LogInit:      CURL_VERSION_ASYNCHDNS
LogInit:      CURL_VERSION_LARGEFILE
LogInit:      CURL_VERSION_IDN
LogInit:  CurlRequestOptions (configurable via config and command line):
LogInit:  - bVerifyPeer = true  - Libcurl will verify peer certificate
LogInit:  - bUseHttpProxy = false  - Libcurl will NOT use HTTP proxy
LogInit:  - bDontReuseConnections = false  - Libcurl will reuse connections
LogInit:  - MaxHostConnections = 16  - Libcurl will limit the number of connections to a host
LogInit:  - LocalHostAddr = Default
LogInit:  - BufferSize = 65536
LogOnline: OSS: Creating online subsystem instance for: NULL
LogInit: WinSock: version 1.1 (2.2), MaxSocks=32767, MaxUdp=65467
LogInit: Build: ++UE4+Release-4.23-CL-9631420
LogInit: Engine Version: 4.23.1-9631420+++UE4+Release-4.23
LogInit: Compatible Engine Version: 4.23.0-8386587+++UE4+Release-4.23
LogInit: Net CL: 8386587
LogInit: OS: Windows 10 (Release 1909) (), CPU: Intel(R) Core(TM) i5-7200U CPU @ 2.50GHz, GPU: Intel(R) HD Graphics 620
LogInit: Compiled (64-bit): Oct 18 2019 02:07:44
LogInit: Compiled with Visual C++: 19.16.27030.01
LogInit: Build Configuration: Development
LogInit: Branch Name: ++UE4+Release-4.23
LogInit: Command Line: 
LogInit: Base Directory: C:/Program Files/Epic Games/UE_4.23/Engine/Binaries/Win64/
LogInit: Installed Engine Build: 1
LogDevObjectVersion: Number of dev versions registered: 23
LogDevObjectVersion:   Dev-Blueprints (B0D832E4-1F89-4F0D-ACCF-7EB736FD4AA2): 10
LogDevObjectVersion:   Dev-Build (E1C64328-A22C-4D53-A36C-8E866417BD8C): 0
LogDevObjectVersion:   Dev-Core (375EC13C-06E4-48FB-B500-84F0262A717E): 3
LogDevObjectVersion:   Dev-Editor (E4B068ED-F494-42E9-A231-DA0B2E46BB41): 34
LogDevObjectVersion:   Dev-Framework (CFFC743F-43B0-4480-9391-14DF171D2073): 35
LogDevObjectVersion:   Dev-Mobile (B02B49B5-BB20-44E9-A304-32B752E40360): 2
LogDevObjectVersion:   Dev-Networking (A4E4105C-59A1-49B5-A7C5-40C4547EDFEE): 0
LogDevObjectVersion:   Dev-Online (39C831C9-5AE6-47DC-9A44-9C173E1C8E7C): 0
LogDevObjectVersion:   Dev-Physics (78F01B33-EBEA-4F98-B9B4-84EACCB95AA2): 0
LogDevObjectVersion:   Dev-Platform (6631380F-2D4D-43E0-8009-CF276956A95A): 0
LogDevObjectVersion:   Dev-Rendering (12F88B9F-8875-4AFC-A67C-D90C383ABD29): 31
LogDevObjectVersion:   Dev-Sequencer (7B5AE74C-D270-4C10-A958-57980B212A5A): 11
LogDevObjectVersion:   Dev-VR (D7296918-1DD6-4BDD-9DE2-64A83CC13884): 2
LogDevObjectVersion:   Dev-LoadTimes (C2A15278-BFE7-4AFE-6C17-90FF531DF755): 1
LogDevObjectVersion:   Private-Geometry (6EACA3D4-40EC-4CC1-B786-8BED09428FC5): 3
LogDevObjectVersion:   Dev-AnimPhys (29E575DD-E0A3-4627-9D10-D276232CDCEA): 17
LogDevObjectVersion:   Dev-Anim (AF43A65D-7FD3-4947-9873-3E8ED9C1BB05): 2
LogDevObjectVersion:   Dev-ReflectionCapture (6B266CEC-1EC7-4B8F-A30B-E4D90942FC07): 1
LogDevObjectVersion:   Dev-Automation (0DF73D61-A23F-47EA-B727-89E90C41499A): 1
LogDevObjectVersion:   FortniteMain (601D1886-AC64-4F84-AA16-D3DE0DEAC7D6): 27
LogDevObjectVersion:   Dev-Enterprise (9DFFBCD6-494F-0158-E221-12823C92A888): 6
LogDevObjectVersion:   Dev-Niagara (F2AED0AC-9AFE-416F-8664-AA7FFA26D6FC): 1
LogDevObjectVersion:   Dev-Destruction (174F1F0B-B4C6-45A5-B13F-2EE8D0FB917D): 9
LogInit: Presizing for max 16777216 objects, including 0 objects not considered by GC, pre-allocating 0 bytes for permanent pool.
LogInit: Object subsystem initialized
LogConfig: Setting CVar [[con.DebugEarlyDefault:1]]
LogConfig: Setting CVar [[r.setres:1280x720]]
[2019.12.19-13.29.17:876][  0]LogConfig: Setting CVar [[r.VSync:0]]
[2019.12.19-13.29.17:876][  0]LogConfig: Setting CVar [[r.RHICmdBypass:0]]
[2019.12.19-13.29.17:876][  0]LogConfig: Applying CVar settings from Section [/Script/Engine.RendererSettings] File [C:/Users/MA/Desktop/Vadim/Univer/AKG/MyGame/Saved/Config/Windows/Engine.ini]
[2019.12.19-13.29.17:876][  0]LogConfig: Setting CVar [[r.GPUCrashDebugging:0]]
[2019.12.19-13.29.17:876][  0]LogConfig: Setting CVar [[r.DefaultFeature.AutoExposure.ExtendDefaultLuminanceRange:1]]
[2019.12.19-13.29.17:876][  0]LogConfig: Applying CVar settings from Section [/Script/Engine.RendererOverrideSettings] File [C:/Users/MA/Desktop/Vadim/Univer/AKG/MyGame/Saved/Config/Windows/Engine.ini]
[2019.12.19-13.29.17:876][  0]LogConfig: Applying CVar settings from Section [/Script/Engine.StreamingSettings] File [C:/Users/MA/Desktop/Vadim/Univer/AKG/MyGame/Saved/Config/Windows/Engine.ini]
[2019.12.19-13.29.17:876][  0]LogConfig: Setting CVar [[s.MinBulkDataSizeForAsyncLoading:131072]]
[2019.12.19-13.29.17:876][  0]LogConfig: Setting CVar [[s.AsyncLoadingThreadEnabled:0]]
[2019.12.19-13.29.17:876][  0]LogConfig: Setting CVar [[s.EventDrivenLoaderEnabled:1]]
[2019.12.19-13.29.17:876][  0]LogConfig: Setting CVar [[s.WarnIfTimeLimitExceeded:0]]
[2019.12.19-13.29.17:876][  0]LogConfig: Setting CVar [[s.TimeLimitExceededMultiplier:1.5]]
[2019.12.19-13.29.17:876][  0]LogConfig: Setting CVar [[s.TimeLimitExceededMinTime:0.005]]
[2019.12.19-13.29.17:876][  0]LogConfig: Setting CVar [[s.UseBackgroundLevelStreaming:1]]
[2019.12.19-13.29.17:876][  0]LogConfig: Setting CVar [[s.PriorityAsyncLoadingExtraTime:15.0]]
[2019.12.19-13.29.17:876][  0]LogConfig: Setting CVar [[s.LevelStreamingActorsUpdateTimeLimit:5.0]]
[2019.12.19-13.29.17:876][  0]LogConfig: Setting CVar [[s.PriorityLevelStreamingActorsUpdateExtraTime:5.0]]
[2019.12.19-13.29.17:876][  0]LogConfig: Setting CVar [[s.LevelStreamingComponentsRegistrationGranularity:10]]
[2019.12.19-13.29.17:876][  0]LogConfig: Setting CVar [[s.UnregisterComponentsTimeLimit:1.0]]
[2019.12.19-13.29.17:876][  0]LogConfig: Setting CVar [[s.LevelStreamingComponentsUnregistrationGranularity:5]]
[2019.12.19-13.29.17:876][  0]LogConfig: Applying CVar settings from Section [/Script/Engine.GarbageCollectionSettings] File [C:/Users/MA/Desktop/Vadim/Univer/AKG/MyGame/Saved/Config/Windows/Engine.ini]
[2019.12.19-13.29.17:876][  0]LogConfig: Setting CVar [[gc.MaxObjectsNotConsideredByGC:1]]
[2019.12.19-13.29.17:876][  0]LogConfig: Setting CVar [[gc.SizeOfPermanentObjectPool:0]]
[2019.12.19-13.29.17:876][  0]LogConfig: Setting CVar [[gc.FlushStreamingOnGC:0]]
[2019.12.19-13.29.17:876][  0]LogConfig: Setting CVar [[gc.NumRetriesBeforeForcingGC:10]]
[2019.12.19-13.29.17:876][  0]LogConfig: Setting CVar [[gc.AllowParallelGC:1]]
[2019.12.19-13.29.17:876][  0]LogConfig: Setting CVar [[gc.TimeBetweenPurgingPendingKillObjects:61.1]]
[2019.12.19-13.29.17:876][  0]LogConfig: Setting CVar [[gc.MaxObjectsInEditor:16777216]]
[2019.12.19-13.29.17:876][  0]LogConfig: Setting CVar [[gc.IncrementalBeginDestroyEnabled:1]]
[2019.12.19-13.29.17:876][  0]LogConfig: Setting CVar [[gc.CreateGCClusters:1]]
[2019.12.19-13.29.17:876][  0]LogConfig: Setting CVar [[gc.MinGCClusterSize:5]]
[2019.12.19-13.29.17:876][  0]LogConfig: Setting CVar [[gc.ActorClusteringEnabled:0]]
[2019.12.19-13.29.17:876][  0]LogConfig: Setting CVar [[gc.BlueprintClusteringEnabled:0]]
[2019.12.19-13.29.17:876][  0]LogConfig: Setting CVar [[gc.UseDisregardForGCOnDedicatedServers:0]]
[2019.12.19-13.29.17:876][  0]LogConfig: Applying CVar settings from Section [/Script/Engine.NetworkSettings] File [C:/Users/MA/Desktop/Vadim/Univer/AKG/MyGame/Saved/Config/Windows/Engine.ini]
[2019.12.19-13.29.17:876][  0]LogConfig: Applying CVar settings from Section [/Script/UnrealEd.CookerSettings] File [C:/Users/MA/Desktop/Vadim/Univer/AKG/MyGame/Saved/Config/Windows/Engine.ini]
[2019.12.19-13.29.17:886][  0]LogConfig: Applying CVar settings from Section [ViewDistanceQuality@3] File [C:/Users/MA/Desktop/Vadim/Univer/AKG/MyGame/Saved/Config/Windows/Scalability.ini]
[2019.12.19-13.29.17:886][  0]LogConfig: Setting CVar [[r.SkeletalMeshLODBias:0]]
[2019.12.19-13.29.17:886][  0]LogConfig: Setting CVar [[r.ViewDistanceScale:1.0]]
[2019.12.19-13.29.17:886][  0]LogConfig: Applying CVar settings from Section [AntiAliasingQuality@3] File [C:/Users/MA/Desktop/Vadim/Univer/AKG/MyGame/Saved/Config/Windows/Scalability.ini]
[2019.12.19-13.29.17:886][  0]LogConfig: Setting CVar [[r.PostProcessAAQuality:4]]
[2019.12.19-13.29.17:886][  0]LogConfig: Applying CVar settings from Section [ShadowQuality@3] File [C:/Users/MA/Desktop/Vadim/Univer/AKG/MyGame/Saved/Config/Windows/Scalability.ini]
[2019.12.19-13.29.17:886][  0]LogConfig: Setting CVar [[r.LightFunctionQuality:1]]
[2019.12.19-13.29.17:886][  0]LogConfig: Setting CVar [[r.ShadowQuality:5]]
[2019.12.19-13.29.17:886][  0]LogConfig: Setting CVar [[r.Shadow.CSM.MaxCascades:10]]
[2019.12.19-13.29.17:886][  0]LogConfig: Setting CVar [[r.Shadow.MaxResolution:2048]]
[2019.12.19-13.29.17:886][  0]LogConfig: Setting CVar [[r.Shadow.MaxCSMResolution:2048]]
[2019.12.19-13.29.17:886][  0]LogConfig: Setting CVar [[r.Shadow.RadiusThreshold:0.01]]
[2019.12.19-13.29.17:886][  0]LogConfig: Setting CVar [[r.Shadow.DistanceScale:1.0]]
[2019.12.19-13.29.17:886][  0]LogConfig: Setting CVar [[r.Shadow.CSM.TransitionScale:1.0]]
[2019.12.19-13.29.17:886][  0]LogConfig: Setting CVar [[r.Shadow.PreShadowResolutionFactor:1.0]]
[2019.12.19-13.29.17:886][  0]LogConfig: Setting CVar [[r.DistanceFieldShadowing:1]]
[2019.12.19-13.29.17:886][  0]LogConfig: Setting CVar [[r.DistanceFieldAO:1]]
[2019.12.19-13.29.17:886][  0]LogConfig: Setting CVar [[r.AOQuality:2]]
[2019.12.19-13.29.17:886][  0]LogConfig: Setting CVar [[r.VolumetricFog:1]]
[2019.12.19-13.29.17:886][  0]LogConfig: Setting CVar [[r.VolumetricFog.GridPixelSize:8]]
[2019.12.19-13.29.17:886][  0]LogConfig: Setting CVar [[r.VolumetricFog.GridSizeZ:128]]
[2019.12.19-13.29.17:886][  0]LogConfig: Setting CVar [[r.VolumetricFog.HistoryMissSupersampleCount:4]]
[2019.12.19-13.29.17:886][  0]LogConfig: Setting CVar [[r.LightMaxDrawDistanceScale:1]]
[2019.12.19-13.29.17:886][  0]LogConfig: Setting CVar [[r.CapsuleShadows:1]]
[2019.12.19-13.29.17:886][  0]LogConfig: Applying CVar settings from Section [PostProcessQuality@3] File [C:/Users/MA/Desktop/Vadim/Univer/AKG/MyGame/Saved/Config/Windows/Scalability.ini]
[2019.12.19-13.29.17:886][  0]LogConfig: Setting CVar [[r.MotionBlurQuality:4]]
[2019.12.19-13.29.17:886][  0]LogConfig: Setting CVar [[r.AmbientOcclusionMipLevelFactor:0.4]]
[2019.12.19-13.29.17:886][  0]LogConfig: Setting CVar [[r.AmbientOcclusionMaxQuality:100]]
[2019.12.19-13.29.17:886][  0]LogConfig: Setting CVar [[r.AmbientOcclusionLevels:-1]]
[2019.12.19-13.29.17:886][  0]LogConfig: Setting CVar [[r.AmbientOcclusionRadiusScale:1.0]]
[2019.12.19-13.29.17:886][  0]LogConfig: Setting CVar [[r.DepthOfFieldQuality:2]]
[2019.12.19-13.29.17:886][  0]LogConfig: Setting CVar [[r.RenderTargetPoolMin:400]]
[2019.12.19-13.29.17:886][  0]LogConfig: Setting CVar [[r.LensFlareQuality:2]]
[2019.12.19-13.29.17:886][  0]LogConfig: Setting CVar [[r.SceneColorFringeQuality:1]]
[2019.12.19-13.29.17:886][  0]LogConfig: Setting CVar [[r.EyeAdaptationQuality:2]]
[2019.12.19-13.29.17:886][  0]LogConfig: Setting CVar [[r.BloomQuality:5]]
[2019.12.19-13.29.17:886][  0]LogConfig: Setting CVar [[r.FastBlurThreshold:100]]
[2019.12.19-13.29.17:886][  0]LogConfig: Setting CVar [[r.Upscale.Quality:3]]
[2019.12.19-13.29.17:886][  0]LogConfig: Setting CVar [[r.Tonemapper.GrainQuantization:1]]
[2019.12.19-13.29.17:886][  0]LogConfig: Setting CVar [[r.LightShaftQuality:1]]
[2019.12.19-13.29.17:886][  0]LogConfig: Setting CVar [[r.Filter.SizeScale:1]]
[2019.12.19-13.29.17:886][  0]LogConfig: Setting CVar [[r.Tonemapper.Quality:5]]
[2019.12.19-13.29.17:886][  0]LogConfig: Setting CVar [[r.DOF.Gather.AccumulatorQuality:1        ; higher gathering accumulator quality]]
[2019.12.19-13.29.17:886][  0]LogConfig: Setting CVar [[r.DOF.Gather.PostfilterMethod:1          ; Median3x3 postfilering method]]
[2019.12.19-13.29.17:886][  0]LogConfig: Setting CVar [[r.DOF.Gather.EnableBokehSettings:0       ; no bokeh simulation when gathering]]
[2019.12.19-13.29.17:886][  0]LogConfig: Setting CVar [[r.DOF.Gather.RingCount:4                 ; medium number of samples when gathering]]
[2019.12.19-13.29.17:886][  0]LogConfig: Setting CVar [[r.DOF.Scatter.ForegroundCompositing:1    ; additive foreground scattering]]
[2019.12.19-13.29.17:886][  0]LogConfig: Setting CVar [[r.DOF.Scatter.BackgroundCompositing:2    ; additive background scattering]]
[2019.12.19-13.29.17:886][  0]LogConfig: Setting CVar [[r.DOF.Scatter.EnableBokehSettings:1      ; bokeh simulation when scattering]]
[2019.12.19-13.29.17:886][  0]LogConfig: Setting CVar [[r.DOF.Scatter.MaxSpriteRatio:0.1         ; only a maximum of 10% of scattered bokeh]]
[2019.12.19-13.29.17:886][  0]LogConfig: Setting CVar [[r.DOF.Recombine.Quality:1                ; cheap slight out of focus]]
[2019.12.19-13.29.17:886][  0]LogConfig: Setting CVar [[r.DOF.Recombine.EnableBokehSettings:0    ; no bokeh simulation on slight out of focus]]
[2019.12.19-13.29.17:886][  0]LogConfig: Setting CVar [[r.DOF.TemporalAAQuality:1                ; more stable temporal accumulation]]
[2019.12.19-13.29.17:886][  0]LogConfig: Setting CVar [[r.DOF.Kernel.MaxForegroundRadius:0.025]]
[2019.12.19-13.29.17:886][  0]LogConfig: Setting CVar [[r.DOF.Kernel.MaxBackgroundRadius:0.025]]
[2019.12.19-13.29.17:886][  0]LogConfig: Applying CVar settings from Section [TextureQuality@3] File [C:/Users/MA/Desktop/Vadim/Univer/AKG/MyGame/Saved/Config/Windows/Scalability.ini]
[2019.12.19-13.29.17:886][  0]LogConfig: Setting CVar [[r.Streaming.MipBias:0]]
[2019.12.19-13.29.17:886][  0]LogConfig: Setting CVar [[r.Streaming.AmortizeCPUToGPUCopy:0]]
[2019.12.19-13.29.17:886][  0]LogConfig: Setting CVar [[r.Streaming.MaxNumTexturesToStreamPerFrame:0]]
[2019.12.19-13.29.17:886][  0]LogConfig: Setting CVar [[r.Streaming.Boost:1]]
[2019.12.19-13.29.17:886][  0]LogConfig: Setting CVar [[r.MaxAnisotropy:8]]
[2019.12.19-13.29.17:886][  0]LogConfig: Setting CVar [[r.Streaming.LimitPoolSizeToVRAM:0]]
[2019.12.19-13.29.17:886][  0]LogConfig: Setting CVar [[r.Streaming.PoolSize:1000]]
[2019.12.19-13.29.17:886][  0]LogConfig: Setting CVar [[r.Streaming.MaxEffectiveScreenSize:0]]
[2019.12.19-13.29.17:886][  0]LogConfig: Applying CVar settings from Section [EffectsQuality@3] File [C:/Users/MA/Desktop/Vadim/Univer/AKG/MyGame/Saved/Config/Windows/Scalability.ini]
[2019.12.19-13.29.17:886][  0]LogConfig: Setting CVar [[r.TranslucencyLightingVolumeDim:64]]
[2019.12.19-13.29.17:886][  0]LogConfig: Setting CVar [[r.RefractionQuality:2]]
[2019.12.19-13.29.17:886][  0]LogConfig: Setting CVar [[r.SSR.Quality:3]]
[2019.12.19-13.29.17:886][  0]LogConfig: Setting CVar [[r.SceneColorFormat:4]]
[2019.12.19-13.29.17:886][  0]LogConfig: Setting CVar [[r.DetailMode:2]]
[2019.12.19-13.29.17:886][  0]LogConfig: Setting CVar [[r.TranslucencyVolumeBlur:1]]
[2019.12.19-13.29.17:886][  0]LogConfig: Setting CVar [[r.MaterialQualityLevel:1 ; High quality]]
[2019.12.19-13.29.17:886][  0]LogConfig: Setting CVar [[r.SSS.Scale:1]]
[2019.12.19-13.29.17:886][  0]LogConfig: Setting CVar [[r.SSS.SampleSet:2]]
[2019.12.19-13.29.17:886][  0]LogConfig: Setting CVar [[r.SSS.Quality:1]]
[2019.12.19-13.29.17:886][  0]LogConfig: Setting CVar [[r.SSS.HalfRes:1]]
[2019.12.19-13.29.17:886][  0]LogConfig: Setting CVar [[r.EmitterSpawnRateScale:1.0]]
[2019.12.19-13.29.17:886][  0]LogConfig: Setting CVar [[r.ParticleLightQuality:2]]
[2019.12.19-13.29.17:886][  0]LogConfig: Applying CVar settings from Section [FoliageQuality@3] File [C:/Users/MA/Desktop/Vadim/Univer/AKG/MyGame/Saved/Config/Windows/Scalability.ini]
[2019.12.19-13.29.17:886][  0]LogConfig: Setting CVar [[foliage.DensityScale:1.0]]
[2019.12.19-13.29.17:886][  0]LogConfig: Setting CVar [[grass.DensityScale:1.0]]
[2019.12.19-13.29.17:886][  0]LogInit: Selected Device Profile: [Windows]
[2019.12.19-13.29.17:886][  0]LogInit: Applying CVar settings loaded from the selected device profile: [Windows]
[2019.12.19-13.29.17:906][  0]LogHAL: Display: Platform has ~ 8 GB [8433528832 / 8589934592 / 8], which maps to Default [LargestMinGB=32, LargerMinGB=12, DefaultMinGB=8, SmallerMinGB=6, SmallestMinGB=0)
[2019.12.19-13.29.17:906][  0]LogInit: Going up to parent DeviceProfile []
[2019.12.19-13.29.17:906][  0]LogConfig: Applying CVar settings from Section [ViewDistanceQuality@0] File [C:/Users/MA/Desktop/Vadim/Univer/AKG/MyGame/Saved/Config/Windows/Scalability.ini]
[2019.12.19-13.29.17:906][  0]LogConfig: Setting CVar [[r.SkeletalMeshLODBias:2]]
[2019.12.19-13.29.17:907][  0]LogConfig: Setting CVar [[r.ViewDistanceScale:0.4]]
[2019.12.19-13.29.17:907][  0]LogConfig: Applying CVar settings from Section [AntiAliasingQuality@0] File [C:/Users/MA/Desktop/Vadim/Univer/AKG/MyGame/Saved/Config/Windows/Scalability.ini]
[2019.12.19-13.29.17:907][  0]LogConfig: Setting CVar [[r.PostProcessAAQuality:0]]
[2019.12.19-13.29.17:907][  0]LogConfig: Applying CVar settings from Section [ShadowQuality@0] File [C:/Users/MA/Desktop/Vadim/Univer/AKG/MyGame/Saved/Config/Windows/Scalability.ini]
[2019.12.19-13.29.17:907][  0]LogConfig: Setting CVar [[r.LightFunctionQuality:0]]
[2019.12.19-13.29.17:907][  0]LogConfig: Setting CVar [[r.ShadowQuality:0]]
[2019.12.19-13.29.17:907][  0]LogConfig: Setting CVar [[r.Shadow.CSM.MaxCascades:1]]
[2019.12.19-13.29.17:907][  0]LogConfig: Setting CVar [[r.Shadow.MaxResolution:512]]
[2019.12.19-13.29.17:907][  0]LogConfig: Setting CVar [[r.Shadow.MaxCSMResolution:512]]
[2019.12.19-13.29.17:907][  0]LogConfig: Setting CVar [[r.Shadow.RadiusThreshold:0.06]]
[2019.12.19-13.29.17:907][  0]LogConfig: Setting CVar [[r.Shadow.DistanceScale:0.6]]
[2019.12.19-13.29.17:907][  0]LogConfig: Setting CVar [[r.Shadow.CSM.TransitionScale:0]]
[2019.12.19-13.29.17:907][  0]LogConfig: Setting CVar [[r.Shadow.PreShadowResolutionFactor:0.5]]
[2019.12.19-13.29.17:907][  0]LogConfig: Setting CVar [[r.DistanceFieldShadowing:0]]
[2019.12.19-13.29.17:907][  0]LogConfig: Setting CVar [[r.DistanceFieldAO:0]]
[2019.12.19-13.29.17:907][  0]LogConfig: Setting CVar [[r.VolumetricFog:0]]
[2019.12.19-13.29.17:907][  0]LogConfig: Setting CVar [[r.LightMaxDrawDistanceScale:0]]
[2019.12.19-13.29.17:907][  0]LogConfig: Setting CVar [[r.CapsuleShadows:0]]
[2019.12.19-13.29.17:907][  0]LogConfig: Applying CVar settings from Section [PostProcessQuality@0] File [C:/Users/MA/Desktop/Vadim/Univer/AKG/MyGame/Saved/Config/Windows/Scalability.ini]
[2019.12.19-13.29.17:907][  0]LogConfig: Setting CVar [[r.MotionBlurQuality:0]]
[2019.12.19-13.29.17:907][  0]LogConfig: Setting CVar [[r.AmbientOcclusionMipLevelFactor:1.0]]
[2019.12.19-13.29.17:907][  0]LogConfig: Setting CVar [[r.AmbientOcclusionMaxQuality:0]]
[2019.12.19-13.29.17:907][  0]LogConfig: Setting CVar [[r.AmbientOcclusionLevels:0]]
[2019.12.19-13.29.17:907][  0]LogConfig: Setting CVar [[r.AmbientOcclusionRadiusScale:1.2]]
[2019.12.19-13.29.17:907][  0]LogConfig: Setting CVar [[r.DepthOfFieldQuality:0]]
[2019.12.19-13.29.17:907][  0]LogConfig: Setting CVar [[r.RenderTargetPoolMin:300]]
[2019.12.19-13.29.17:907][  0]LogConfig: Setting CVar [[r.LensFlareQuality:0]]
[2019.12.19-13.29.17:907][  0]LogConfig: Setting CVar [[r.SceneColorFringeQuality:0]]
[2019.12.19-13.29.17:907][  0]LogConfig: Setting CVar [[r.EyeAdaptationQuality:0]]
[2019.12.19-13.29.17:907][  0]LogConfig: Setting CVar [[r.BloomQuality:4]]
[2019.12.19-13.29.17:907][  0]LogConfig: Setting CVar [[r.FastBlurThreshold:0]]
[2019.12.19-13.29.17:907][  0]LogConfig: Setting CVar [[r.Upscale.Quality:1]]
[2019.12.19-13.29.17:907][  0]LogConfig: Setting CVar [[r.Tonemapper.GrainQuantization:0]]
[2019.12.19-13.29.17:907][  0]LogConfig: Setting CVar [[r.LightShaftQuality:0]]
[2019.12.19-13.29.17:907][  0]LogConfig: Setting CVar [[r.Filter.SizeScale:0.6]]
[2019.12.19-13.29.17:907][  0]LogConfig: Setting CVar [[r.Tonemapper.Quality:0]]
[2019.12.19-13.29.17:907][  0]LogConfig: Applying CVar settings from Section [TextureQuality@3] File [C:/Users/MA/Desktop/Vadim/Univer/AKG/MyGame/Saved/Config/Windows/Scalability.ini]
[2019.12.19-13.29.17:907][  0]LogConfig: Setting CVar [[r.Streaming.MipBias:0]]
[2019.12.19-13.29.17:907][  0]LogConfig: Setting CVar [[r.Streaming.AmortizeCPUToGPUCopy:0]]
[2019.12.19-13.29.17:907][  0]LogConfig: Setting CVar [[r.Streaming.MaxNumTexturesToStreamPerFrame:0]]
[2019.12.19-13.29.17:907][  0]LogConfig: Setting CVar [[r.Streaming.Boost:1]]
[2019.12.19-13.29.17:907][  0]LogConfig: Setting CVar [[r.MaxAnisotropy:8]]
[2019.12.19-13.29.17:907][  0]LogConfig: Setting CVar [[r.Streaming.LimitPoolSizeToVRAM:0]]
[2019.12.19-13.29.17:907][  0]LogConfig: Setting CVar [[r.Streaming.PoolSize:1000]]
[2019.12.19-13.29.17:907][  0]LogConfig: Setting CVar [[r.Streaming.MaxEffectiveScreenSize:0]]
[2019.12.19-13.29.17:907][  0]LogConfig: Applying CVar settings from Section [EffectsQuality@3] File [C:/Users/MA/Desktop/Vadim/Univer/AKG/MyGame/Saved/Config/Windows/Scalability.ini]
[2019.12.19-13.29.17:907][  0]LogConfig: Setting CVar [[r.TranslucencyLightingVolumeDim:64]]
[2019.12.19-13.29.17:907][  0]LogConfig: Setting CVar [[r.RefractionQuality:2]]
[2019.12.19-13.29.17:907][  0]LogConfig: Setting CVar [[r.SSR.Quality:3]]
[2019.12.19-13.29.17:907][  0]LogConfig: Setting CVar [[r.SceneColorFormat:4]]
[2019.12.19-13.29.17:907][  0]LogConfig: Setting CVar [[r.DetailMode:2]]
[2019.12.19-13.29.17:907][  0]LogConfig: Setting CVar [[r.TranslucencyVolumeBlur:1]]
[2019.12.19-13.29.17:907][  0]LogConfig: Setting CVar [[r.MaterialQualityLevel:1 ; High quality]]
[2019.12.19-13.29.17:907][  0]LogConfig: Setting CVar [[r.SSS.Scale:1]]
[2019.12.19-13.29.17:907][  0]LogConfig: Setting CVar [[r.SSS.SampleSet:2]]
[2019.12.19-13.29.17:907][  0]LogConfig: Setting CVar [[r.SSS.Quality:1]]
[2019.12.19-13.29.17:907][  0]LogConfig: Setting CVar [[r.SSS.HalfRes:1]]
[2019.12.19-13.29.17:907][  0]LogConfig: Setting CVar [[r.EmitterSpawnRateScale:1.0]]
[2019.12.19-13.29.17:907][  0]LogConfig: Setting CVar [[r.ParticleLightQuality:2]]
[2019.12.19-13.29.17:907][  0]LogConfig: Applying CVar settings from Section [FoliageQuality@3] File [C:/Users/MA/Desktop/Vadim/Univer/AKG/MyGame/Saved/Config/Windows/Scalability.ini]
[2019.12.19-13.29.17:907][  0]LogConfig: Setting CVar [[foliage.DensityScale:1.0]]
[2019.12.19-13.29.17:907][  0]LogConfig: Setting CVar [[grass.DensityScale:1.0]]
[2019.12.19-13.29.17:907][  0]LogConfig: Applying CVar settings from Section [Startup] File [../../../Engine/Config/ConsoleVariables.ini]
[2019.12.19-13.29.17:907][  0]LogConfig: Setting CVar [[net.UseAdaptiveNetUpdateFrequency:0]]
[2019.12.19-13.29.17:907][  0]LogConfig: Setting CVar [[p.chaos.AllowCreatePhysxBodies:1]]
[2019.12.19-13.29.17:907][  0]LogConfig: Applying CVar settings from Section [ConsoleVariables] File [C:/Users/MA/Desktop/Vadim/Univer/AKG/MyGame/Saved/Config/Windows/Engine.ini]
[2019.12.19-13.29.17:911][  0]LogInit: Computer: CO-OT-P01
[2019.12.19-13.29.17:911][  0]LogInit: User: MA
[2019.12.19-13.29.17:911][  0]LogInit: CPU Page size=4096, Cores=2
[2019.12.19-13.29.17:911][  0]LogInit: High frequency timer resolution =10.000000 MHz
[2019.12.19-13.29.17:911][  0]LogMemory: Memory total: Physical=7.9GB (8GB approx)
[2019.12.19-13.29.17:911][  0]LogMemory: Platform Memory Stats for Windows
[2019.12.19-13.29.17:911][  0]LogMemory: Process Physical Memory: 101.93 MB used, 101.93 MB peak
[2019.12.19-13.29.17:911][  0]LogMemory: Process Virtual Memory: 102.34 MB used, 102.34 MB peak
[2019.12.19-13.29.17:911][  0]LogMemory: Physical Memory: 4814.95 MB used,  3227.89 MB free, 8042.84 MB total
[2019.12.19-13.29.17:911][  0]LogMemory: Virtual Memory: 4654.05 MB used,  134213072.00 MB free, 134217728.00 MB total
[2019.12.19-13.29.17:922][  0]LogWindows: WindowsPlatformFeatures enabled
[2019.12.19-13.29.18:104][  0]LogInit: Using OS detected language (ru-RU).
[2019.12.19-13.29.18:106][  0]LogInit: Using OS detected locale (ru-RU).
[2019.12.19-13.29.18:113][  0]LogTextLocalizationManager: No specific localization for 'ru-RU' exists, so the 'ru' localization will be used.
[2019.12.19-13.29.18:118][  0]LogTextLocalizationResource: LocRes '../../../Engine/Content/Localization/Editor/ru/Editor.locres' could not be opened for reading!
[2019.12.19-13.29.18:119][  0]LogTextLocalizationResource: LocRes '../../../Engine/Content/Localization/EditorTutorials/ru/EditorTutorials.locres' could not be opened for reading!
[2019.12.19-13.29.18:120][  0]LogTextLocalizationResource: LocRes '../../../Engine/Content/Localization/Keywords/ru/Keywords.locres' could not be opened for reading!
[2019.12.19-13.29.18:120][  0]LogTextLocalizationResource: LocRes '../../../Engine/Content/Localization/Category/ru/Category.locres' could not be opened for reading!
[2019.12.19-13.29.18:121][  0]LogTextLocalizationResource: LocRes '../../../Engine/Content/Localization/ToolTips/ru/ToolTips.locres' could not be opened for reading!
[2019.12.19-13.29.18:122][  0]LogTextLocalizationResource: LocRes '../../../Engine/Content/Localization/PropertyNames/ru/PropertyNames.locres' could not be opened for reading!
[2019.12.19-13.29.18:122][  0]LogTextLocalizationResource: LocRes '../../../Engine/Content/Localization/Engine/ru/Engine.locres' could not be opened for reading!
[2019.12.19-13.29.18:127][  0]LogInit: Setting process to per monitor DPI aware
[2019.12.19-13.29.18:221][  0]LogSlate: New Slate User Created.  User Index 0, Is Virtual User: 0
[2019.12.19-13.29.18:221][  0]LogSlate: Slate User Registered.  User Index 0, Is Virtual User: 0
[2019.12.19-13.29.19:351][  0]LogHMD: Failed to initialize OpenVR with code 110
[2019.12.19-13.29.19:351][  0]LogD3D11RHI: D3D11 adapters:
[2019.12.19-13.29.19:455][  0]LogD3D11RHI:    0. 'Intel(R) HD Graphics 620' (Feature Level 11_0)
[2019.12.19-13.29.19:455][  0]LogD3D11RHI:       128/0/4021 MB DedicatedVideo/DedicatedSystem/SharedSystem, Outputs:1, VendorId:0x8086
[2019.12.19-13.29.19:463][  0]LogD3D11RHI:    1. 'Microsoft Basic Render Driver' (Feature Level 11_0)
[2019.12.19-13.29.19:463][  0]LogD3D11RHI:       0/0/4021 MB DedicatedVideo/DedicatedSystem/SharedSystem, Outputs:0, VendorId:0x1414
[2019.12.19-13.29.19:463][  0]LogD3D11RHI: Chosen D3D11 Adapter: 0
[2019.12.19-13.29.19:473][  0]LogD3D11RHI: Creating new Direct3DDevice
[2019.12.19-13.29.19:473][  0]LogD3D11RHI:     GPU DeviceId: 0x5916 (for the marketing name, search the web for "GPU Device Id")
[2019.12.19-13.29.19:473][  0]LogWindows: EnumDisplayDevices:
[2019.12.19-13.29.19:474][  0]LogWindows:    0. 'Intel(R) HD Graphics 620' (P:1 D:1)
[2019.12.19-13.29.19:474][  0]LogWindows:    1. 'Intel(R) HD Graphics 620' (P:0 D:0)
[2019.12.19-13.29.19:474][  0]LogWindows:    2. 'Intel(R) HD Graphics 620' (P:0 D:0)
[2019.12.19-13.29.19:475][  0]LogWindows: DebugString: FoundDriverCount:3 
[2019.12.19-13.29.19:475][  0]LogD3D11RHI:     Adapter Name: Intel(R) HD Graphics 620
[2019.12.19-13.29.19:475][  0]LogD3D11RHI:   Driver Version: 26.20.100.7263 (internal:26.20.100.7263, unified:26.20.100.7263)
[2019.12.19-13.29.19:475][  0]LogD3D11RHI:      Driver Date: 9-25-2019
[2019.12.19-13.29.19:475][  0]LogRHI: Texture pool is 1497 MB (70% of 2138 MB)
[2019.12.19-13.29.19:634][  0]LogD3D11RHI: [IntelMetricsDiscovery] Started
[2019.12.19-13.29.19:635][  0]LogD3D11RHI: Async texture creation enabled
[2019.12.19-13.29.19:653][  0]LogD3D11RHI: GPU Timing Frequency: 12.000048 (Debug: 2 0)
[2019.12.19-13.29.20:353][  0]LogTemp: Display: Module 'AllDesktopTargetPlatform' loaded TargetPlatform 'AllDesktop'
[2019.12.19-13.29.20:383][  0]LogTemp: Display: Module 'MacClientTargetPlatform' loaded TargetPlatform 'MacClient'
[2019.12.19-13.29.20:397][  0]LogTemp: Display: Module 'MacNoEditorTargetPlatform' loaded TargetPlatform 'MacNoEditor'
[2019.12.19-13.29.20:419][  0]LogTemp: Display: Module 'MacServerTargetPlatform' loaded TargetPlatform 'MacServer'
[2019.12.19-13.29.20:440][  0]LogTemp: Display: Module 'MacTargetPlatform' loaded TargetPlatform 'Mac'
[2019.12.19-13.29.20:464][  0]LogTemp: Display: Module 'WindowsClientTargetPlatform' loaded TargetPlatform 'WindowsClient'
[2019.12.19-13.29.20:479][  0]LogTemp: Display: Module 'WindowsNoEditorTargetPlatform' loaded TargetPlatform 'WindowsNoEditor'
[2019.12.19-13.29.20:500][  0]LogTemp: Display: Module 'WindowsServerTargetPlatform' loaded TargetPlatform 'WindowsServer'
[2019.12.19-13.29.20:509][  0]LogTemp: Display: Module 'WindowsTargetPlatform' loaded TargetPlatform 'Windows'
[2019.12.19-13.29.20:583][  0]LogTemp: Display: Module 'AndroidTargetPlatform' loaded TargetPlatform 'Android'
[2019.12.19-13.29.20:583][  0]LogTemp: Display: Module 'AndroidTargetPlatform' loaded TargetPlatform 'Android_ASTC'
[2019.12.19-13.29.20:583][  0]LogTemp: Display: Module 'AndroidTargetPlatform' loaded TargetPlatform 'Android_ATC'
[2019.12.19-13.29.20:583][  0]LogTemp: Display: Module 'AndroidTargetPlatform' loaded TargetPlatform 'Android_DXT'
[2019.12.19-13.29.20:583][  0]LogTemp: Display: Module 'AndroidTargetPlatform' loaded TargetPlatform 'Android_ETC1'
[2019.12.19-13.29.20:583][  0]LogTemp: Display: Module 'AndroidTargetPlatform' loaded TargetPlatform 'Android_ETC1a'
[2019.12.19-13.29.20:583][  0]LogTemp: Display: Module 'AndroidTargetPlatform' loaded TargetPlatform 'Android_ETC2'
[2019.12.19-13.29.20:583][  0]LogTemp: Display: Module 'AndroidTargetPlatform' loaded TargetPlatform 'Android_PVRTC'
[2019.12.19-13.29.20:583][  0]LogTemp: Display: Module 'AndroidTargetPlatform' loaded TargetPlatform 'AndroidClient'
[2019.12.19-13.29.20:583][  0]LogTemp: Display: Module 'AndroidTargetPlatform' loaded TargetPlatform 'Android_ASTCClient'
[2019.12.19-13.29.20:583][  0]LogTemp: Display: Module 'AndroidTargetPlatform' loaded TargetPlatform 'Android_ATCClient'
[2019.12.19-13.29.20:583][  0]LogTemp: Display: Module 'AndroidTargetPlatform' loaded TargetPlatform 'Android_DXTClient'
[2019.12.19-13.29.20:583][  0]LogTemp: Display: Module 'AndroidTargetPlatform' loaded TargetPlatform 'Android_ETC1Client'
[2019.12.19-13.29.20:583][  0]LogTemp: Display: Module 'AndroidTargetPlatform' loaded TargetPlatform 'Android_ETC1aClient'
[2019.12.19-13.29.20:583][  0]LogTemp: Display: Module 'AndroidTargetPlatform' loaded TargetPlatform 'Android_ETC2Client'
[2019.12.19-13.29.20:583][  0]LogTemp: Display: Module 'AndroidTargetPlatform' loaded TargetPlatform 'Android_PVRTCClient'
[2019.12.19-13.29.20:583][  0]LogTemp: Display: Module 'AndroidTargetPlatform' loaded TargetPlatform 'Android_Multi'
[2019.12.19-13.29.20:583][  0]LogTemp: Display: Module 'AndroidTargetPlatform' loaded TargetPlatform 'Android_MultiClient'
[2019.12.19-13.29.20:588][  0]LogTemp: Display: Module 'HTML5TargetPlatform' loaded TargetPlatform 'HTML5'
[2019.12.19-13.29.20:637][  0]LogTemp: Display: Module 'IOSTargetPlatform' loaded TargetPlatform 'IOSClient'
[2019.12.19-13.29.20:637][  0]LogTemp: Display: Module 'IOSTargetPlatform' loaded TargetPlatform 'IOS'
[2019.12.19-13.29.20:665][  0]LogTemp: Display: Module 'TVOSTargetPlatform' loaded TargetPlatform 'TVOSClient'
[2019.12.19-13.29.20:665][  0]LogTemp: Display: Module 'TVOSTargetPlatform' loaded TargetPlatform 'TVOS'
[2019.12.19-13.29.20:681][  0]LogTemp: Display: Module 'LinuxClientTargetPlatform' loaded TargetPlatform 'LinuxClient'
[2019.12.19-13.29.20:694][  0]LogTemp: Display: Module 'LinuxNoEditorTargetPlatform' loaded TargetPlatform 'LinuxNoEditor'
[2019.12.19-13.29.20:718][  0]LogTemp: Display: Module 'LinuxServerTargetPlatform' loaded TargetPlatform 'LinuxServer'
[2019.12.19-13.29.20:733][  0]LogTemp: Display: Module 'LinuxTargetPlatform' loaded TargetPlatform 'Linux'
[2019.12.19-13.29.20:791][  0]LogTemp: Display: Module 'LuminTargetPlatform' loaded TargetPlatform 'Lumin'
[2019.12.19-13.29.20:791][  0]LogTemp: Display: Module 'LuminTargetPlatform' loaded TargetPlatform 'LuminClient'
[2019.12.19-13.29.20:791][  0]LogTargetPlatformManager: Display: Building Assets For Windows
[2019.12.19-13.29.20:817][  0]LogAudioDebug: Display: Lib vorbis DLL was dynamically loaded.
[2019.12.19-13.29.21:016][  0]LogShaderCompilers: Guid format shader working directory is -15 characters bigger than the processId version (../../../../../../Users/MA/Desktop/Vadim/Univer/AKG/MyGame/Intermediate/Shaders/WorkingDirectory/6992/).
[2019.12.19-13.29.21:017][  0]LogShaderCompilers: Cleaned the shader compiler working directory 'C:/Users/MA/AppData/Local/Temp/UnrealShaderWorkingDir/F0BEDA034B05FDA3AEFD7B9408C53A58/'.
[2019.12.19-13.29.21:022][  0]LogXGEController: Cleaning working directory: C:/Users/MA/AppData/Local/Temp/UnrealXGEWorkingDir/
[2019.12.19-13.29.21:023][  0]LogXGEController: Cannot use XGE Controller as Incredibuild is not installed on this machine.
[2019.12.19-13.29.21:023][  0]LogShaderCompilers: Cannot use XGE Shader Compiler as Incredibuild is not installed on this machine.
[2019.12.19-13.29.21:023][  0]LogShaderCompilers: Display: Using Local Shader Compiler.
[2019.12.19-13.29.23:087][  0]LogDerivedDataCache: Display: Max Cache Size: 512 MB
[2019.12.19-13.29.23:244][  0]LogDerivedDataCache: Loaded boot cache 0.16s 74MB C:/Users/MA/AppData/Local/UnrealEngine/4.23/DerivedDataCache/Boot.ddc.
[2019.12.19-13.29.23:245][  0]LogDerivedDataCache: Display: Loaded Boot cache: C:/Users/MA/AppData/Local/UnrealEngine/4.23/DerivedDataCache/Boot.ddc
[2019.12.19-13.29.23:246][  0]LogDerivedDataCache: FDerivedDataBackendGraph:  Pak pak cache file ../../../../../../Users/MA/Desktop/Vadim/Univer/AKG/MyGame/DerivedDataCache/DDC.ddp not found, will not use a pak cache.
[2019.12.19-13.29.23:246][  0]LogDerivedDataCache: Unable to find inner node Pak for hierarchical cache Hierarchy.
[2019.12.19-13.29.23:246][  0]LogDerivedDataCache: FDerivedDataBackendGraph:  CompressedPak pak cache file ../../../../../../Users/MA/Desktop/Vadim/Univer/AKG/MyGame/DerivedDataCache/Compressed.ddp not found, will not use a pak cache.
[2019.12.19-13.29.23:246][  0]LogDerivedDataCache: Unable to find inner node CompressedPak for hierarchical cache Hierarchy.
[2019.12.19-13.29.23:272][  0]LogDerivedDataCache: Display: Pak cache opened for reading ../../../Engine/DerivedDataCache/Compressed.ddp.
[2019.12.19-13.29.23:278][  0]LogDerivedDataCache: Display: Pak cache opened for reading ../../../Enterprise/DerivedDataCache/Compressed.ddp.
[2019.12.19-13.29.23:280][  0]LogDerivedDataCache: Using Local data cache path C:/Users/MA/AppData/Local/UnrealEngine/Common/DerivedDataCache: Writable
[2019.12.19-13.29.23:280][  0]LogDerivedDataCache: Shared data cache path not found in *engine.ini, will not use an Shared cache.
[2019.12.19-13.29.23:280][  0]LogDerivedDataCache: Unable to find inner node Shared for hierarchical cache Hierarchy.
[2019.12.19-13.29.23:329][  0]LogMaterial: Verifying Global Shaders for PCD3D_SM5
[2019.12.19-13.29.23:337][  0]LogSlate: Using FreeType 2.6.0
[2019.12.19-13.29.23:351][  0]LogSlate: SlateFontServices - WITH_FREETYPE: 1, WITH_HARFBUZZ: 1
[2019.12.19-13.29.23:729][  0]LogAssetRegistry: FAssetRegistry took 0.0050 seconds to start up
[2019.12.19-13.29.24:554][  0]LogInit: Selected Device Profile: [Windows]
[2019.12.19-13.29.25:030][  0]LogMeshReduction: Using QuadricMeshReduction for automatic static mesh reduction
[2019.12.19-13.29.25:030][  0]LogMeshReduction: Using SimplygonMeshReduction for automatic skeletal mesh reduction
[2019.12.19-13.29.25:030][  0]LogMeshReduction: Using ProxyLODMeshReduction for automatic mesh merging
[2019.12.19-13.29.25:030][  0]LogMeshReduction: No distributed automatic mesh merging module available
[2019.12.19-13.29.25:031][  0]LogMeshMerging: No distributed automatic mesh merging module available
[2019.12.19-13.29.25:084][  0]LogNetVersion: MyGame 1.0.0, NetCL: 8386587, EngineNetVer: 11, GameNetVer: 0 (Checksum: 4240746401)
[2019.12.19-13.29.26:578][  0]LogPackageLocalizationCache: Processed 18 localized package path(s) for 1 prioritized culture(s) in 0.143142 seconds
[2019.12.19-13.29.26:597][  0]LogUObjectArray: 43444 objects as part of root set at end of initial load.
[2019.12.19-13.29.26:597][  0]LogUObjectAllocator: 7548648 out of 0 bytes used by permanent object pool.
[2019.12.19-13.29.26:597][  0]LogUObjectArray: CloseDisregardForGC: 0/0 objects in disregard for GC pool
[2019.12.19-13.29.32:736][  0]LogTcpMessaging: Initializing TcpMessaging bridge
[2019.12.19-13.29.32:755][  0]LogUdpMessaging: Initializing bridge on interface 0.0.0.0:0 to multicast group 230.0.0.1:6666.
[2019.12.19-13.29.32:998][  0]SourceControl: Source control is disabled
[2019.12.19-13.29.33:007][  0]SourceControl: Source control is disabled
[2019.12.19-13.29.33:026][  0]SourceControl: Source control is disabled
[2019.12.19-13.29.33:034][  0]SourceControl: Source control is disabled
[2019.12.19-13.29.34:010][  0]LogAndroidPermission: UAndroidPermissionCallbackProxy::GetInstance
[2019.12.19-13.29.34:418][  0]LogOcInput: OculusInput pre-init called
[2019.12.19-13.29.34:459][  0]LogWindows: Failed to load 'OVRPlugin.dll' (GetLastError=126)
[2019.12.19-13.29.34:459][  0]LogWindows: File 'OVRPlugin.dll' does not exist
[2019.12.19-13.29.41:763][  0]LogEngine: Initializing Engine...
[2019.12.19-13.29.41:766][  0]LogHMD: Failed to initialize OpenVR with code 110
[2019.12.19-13.29.41:770][  0]LogStats: UGameplayTagsManager::InitializeManager -  0.002 s
[2019.12.19-13.29.42:172][  0]LogInit: Initializing FReadOnlyCVARCache
[2019.12.19-13.29.42:226][  0]LogAIModule: Creating AISystem for world Untitled
[2019.12.19-13.29.42:501][  0]LogInit: XAudio2 using 'Наушники (AirPods Stereo)' : 2 channels at 44.1 kHz using 16 bits per sample (channel mask 0x3)
[2019.12.19-13.29.42:539][  0]LogInit: FAudioDevice initialized.
[2019.12.19-13.29.42:539][  0]LogNetVersion: Set ProjectVersion to 1.0.0.0. Version Checksum will be recalculated on next use.
[2019.12.19-13.29.42:640][  0]LogDerivedDataCache: Saved boot cache 0.10s 74MB C:/Users/MA/AppData/Local/UnrealEngine/4.23/DerivedDataCache/Boot.ddc.
[2019.12.19-13.29.42:646][  0]LogInit: Texture streaming: Enabled
[2019.12.19-13.29.42:696][  0]LogEngineSessionManager: EngineSessionManager initialized
[2019.12.19-13.29.42:697][  0]LogEditorSessionSummary: Verbose: Initializing EditorSessionSummaryWriter for editor session tracking
[2019.12.19-13.29.42:698][  0]LogEditorSessionSummary: EditorSessionSummaryWriter initialized
[2019.12.19-13.29.43:158][  0]LogInit: Transaction tracking system initialized
[2019.12.19-13.29.43:264][  0]BlueprintLog: New page: Editor Load
[2019.12.19-13.29.43:536][  0]LocalizationService: Localization service is disabled
[2019.12.19-13.29.44:386][  0]LogCook: Display: Max memory allowance for cook 16384mb min free memory 0mb
[2019.12.19-13.29.44:386][  0]LogCook: Display: Mobile HDR setting 1
[2019.12.19-13.29.45:252][  0]LogFileCache: Scanning file cache for directory 'C:/Users/MA/Desktop/Vadim/Univer/AKG/MyGame/Content/' took 0.05s
[2019.12.19-13.29.48:510][  0]SourceControl: Source control is disabled
[2019.12.19-13.29.48:512][  0]Cmd: MAP LOAD FILE="../../../../../../Users/MA/Desktop/Vadim/Univer/AKG/MyGame/Content/StarterContent/Maps/Minimal_Default.umap" TEMPLATE=0 SHOWPROGRESS=1 FEATURELEVEL=3
[2019.12.19-13.29.48:515][  0]LightingResults: New page: Lighting Build
[2019.12.19-13.29.48:537][  0]LogWorld: UWorld::CleanupWorld for Untitled, bSessionEnded=true, bCleanupResources=true
[2019.12.19-13.29.48:539][  0]MapCheck: New page: Map Check
[2019.12.19-13.29.48:540][  0]LightingResults: New page: Lighting Build
[2019.12.19-13.29.48:980][  0]LogUObjectHash: Compacting FUObjectHashTables data took   8.48ms
[2019.12.19-13.29.52:813][  0]LogAIModule: Creating AISystem for world Minimal_Default
[2019.12.19-13.29.52:918][  0]LogEditorServer: Finished looking for orphan Actors (0.000 secs)
[2019.12.19-13.29.52:993][  0]LogUObjectHash: Compacting FUObjectHashTables data took   6.44ms
[2019.12.19-13.29.52:993][  0]Cmd: MAP CHECKDEP NOCLEARLOG
[2019.12.19-13.29.52:994][  0]MapCheck: Map check complete: 0 Error(s), 0 Warning(s), took 0,528ms to complete.
[2019.12.19-13.29.52:994][  0]LogFileHelpers: Loading map 'Minimal_Default' took 4.484
[2019.12.19-13.29.53:221][  0]LogSlate: Updating window title bar state: overlay mode, drag disabled, window buttons hidden, title bar hidden
[2019.12.19-13.29.53:234][  0]LogSlate: Updating window title bar state: overlay mode, drag disabled, window buttons hidden, title bar hidden
[2019.12.19-13.29.53:248][  0]LogSlate: Updating window title bar state: overlay mode, drag disabled, window buttons hidden, title bar hidden
[2019.12.19-13.29.53:258][  0]LogSlate: Updating window title bar state: overlay mode, drag disabled, window buttons hidden, title bar hidden
[2019.12.19-13.29.53:310][  0]LogCollectionManager: Loaded 0 collections in 0.002548 seconds
[2019.12.19-13.29.53:346][  0]LogFileCache: Scanning file cache for directory 'C:/Users/MA/Desktop/Vadim/Univer/AKG/MyGame/Saved/Collections/' took 0.00s
[2019.12.19-13.29.53:346][  0]LogFileCache: Scanning file cache for directory 'C:/Users/MA/Desktop/Vadim/Univer/AKG/MyGame/Content/Developers/MA/Collections/' took 0.00s
[2019.12.19-13.29.53:346][  0]LogFileCache: Scanning file cache for directory 'C:/Users/MA/Desktop/Vadim/Univer/AKG/MyGame/Content/Collections/' took 0.00s
[2019.12.19-13.29.53:346][  0]LogCollectionManager: Rebuilt the GUID cache for 0 collections in 0.000003 seconds
[2019.12.19-13.29.53:361][  0]LogContentBrowser: Native class hierarchy populated in 0.0125 seconds. Added 3045 classes and 765 folders.
[2019.12.19-13.29.53:384][  0]LogContentBrowser: Native class hierarchy updated for 'WidgetCarousel' in 0.0004 seconds. Added 0 classes and 0 folders.
[2019.12.19-13.29.53:690][  0]LogContentBrowser: Native class hierarchy updated for 'AddContentDialog' in 0.0006 seconds. Added 0 classes and 0 folders.
[2019.12.19-13.29.53:949][  0]LogSlate: Took 0.002891 seconds to synchronously load lazily loaded font '../../../Engine/Content/Slate/Fonts/Roboto-Regular.ttf' (155K)
[2019.12.19-13.29.53:968][  0]LogSlate: Took 0.012286 seconds to synchronously load lazily loaded font '../../../Engine/Content/Slate/Fonts/Roboto-Bold.ttf' (160K)
[2019.12.19-13.29.54:232][  0]LogRenderer: Reallocating scene render targets to support 1156x744 Format 10 NumSamples 1 (Frame:1).
[2019.12.19-13.29.55:237][  0]LogContentBrowser: Native class hierarchy updated for 'HierarchicalLODOutliner' in 0.0004 seconds. Added 0 classes and 0 folders.
[2019.12.19-13.29.55:237][  0]LogLoad: (Engine Initialization) Total time: 44.93 seconds
[2019.12.19-13.29.55:237][  0]LogLoad: (Engine Initialization) Total Blueprint compile time: 0.00 seconds
[2019.12.19-13.29.55:315][  0]LogContentStreaming: Texture pool size now 1000 MB
[2019.12.19-13.29.56:599][  9]LogSlate: Took 0.006269 seconds to synchronously load lazily loaded font '../../../Engine/Content/Slate/Fonts/Roboto-Light.ttf' (167K)
[2019.12.19-13.29.56:814][ 12]LogAssetRegistry: Asset discovery search completed in 33.0863 seconds
[2019.12.19-13.29.56:823][ 12]LogCollectionManager: Rebuilt the object cache for 0 collections in 0.000007 seconds (found 0 objects)
[2019.12.19-13.29.56:823][ 12]LogCollectionManager: Fixed up redirectors for 0 collections in 0.000113 seconds (updated 0 objects)
[2019.12.19-13.30.21:117][116]LogSlate: FSceneViewport::OnFocusLost() reason 0
[2019.12.19-13.30.24:158][144]LogSlate: FSceneViewport::OnFocusLost() reason 0
[2019.12.19-13.30.25:809][178]LogSlate: Took 0.005415 seconds to synchronously load lazily loaded font '../../../Engine/Content/Editor/Slate/Fonts/FontAwesome.ttf' (139K)
[2019.12.19-13.30.25:837][178]LogSlate: Took 0.000354 seconds to synchronously load lazily loaded font '../../../Engine/Content/Slate/Fonts/Roboto-Light.ttf' (167K)
[2019.12.19-13.30.55:260][862]LogEditorSessionSummary: EditorSessionSummary sent report. Type=Shutdown, SessionId={D4DC5838-405E-E15E-8A02-04B6DFBE7ECF}
[2019.12.19-13.31.18:845][713]LogWindowsTextInputMethodSystem: Display: IME system now deactivated.
[2019.12.19-13.31.18:845][713]LogWindowsTextInputMethodSystem: Display: IME system now deactivated.
[2019.12.19-13.32.22:385][ 27]LogFactory: FactoryCreateFile: StaticMesh with FbxFactory (0 0 ../../../../../../Users/MA/Desktop/korabl/door.fbx)
[2019.12.19-13.32.22:450][ 27]LogFbx: Loading FBX Scene from ../../../../../../Users/MA/Desktop/korabl/door.fbx
[2019.12.19-13.32.22:470][ 27]LogFbx: FBX Scene Loaded Succesfully
[2019.12.19-13.32.29:463][ 27]LogSlate: Window 'FBX Import Options' being destroyed
[2019.12.19-13.32.41:943][160]LogFactory: FactoryCreateFile: StaticMesh with FbxFactory (0 0 ../../../../../../Users/MA/Desktop/korabl/door.fbx)
[2019.12.19-13.32.41:979][160]LogFbx: Loading FBX Scene from ../../../../../../Users/MA/Desktop/korabl/door.fbx
[2019.12.19-13.32.42:007][160]LogFbx: FBX Scene Loaded Succesfully
[2019.12.19-13.33.34:748][160]LogSlate: Window 'FBX Import Options' being destroyed
[2019.12.19-13.33.35:609][160]LogMaterial: Display: Missing cached shader map for material lambert1, compiling. 
[2019.12.19-13.33.35:713][160]LogShaderCompilers: Display: Worker (1/3): shaders left to compile 22
[2019.12.19-13.33.35:713][160]LogShaderCompilers: Display: Worker (2/3): shaders left to compile 14
[2019.12.19-13.33.35:713][160]LogShaderCompilers: Display: Worker (3/3): shaders left to compile 6
[2019.12.19-13.33.35:713][160]LogFbx: Display: Triangulating static mesh polySurface10
[2019.12.19-13.33.36:839][160]LogStaticMesh: Building static mesh door...
[2019.12.19-13.33.37:115][160]LogStaticMesh: Built static mesh [0.28s] /Game/WaterLevel/items/door.door
[2019.12.19-13.33.37:164][160]LogStaticMesh: Warning: door has some nearly zero bi-normals which can create some issues. (Tolerance of 1E-4)
[2019.12.19-13.33.37:235][160]FBXImport: Warning: No smoothing group information was found in this FBX scene.  Please make sure to enable the 'Export Smoothing Groups' option in the FBX Exporter plug-in before exporting the file.  Even for tools that don't support smoothing groups, the FBX Exporter will generate appropriate smoothing data at export-time so that correct vertex normals can be inferred while importing. 
[2019.12.19-13.33.37:235][160]FBXImport: Warning: door has some nearly zero bi-normals which can create some issues. (Tolerance of 1E-4) 
[2019.12.19-13.33.40:459][181]LogSlate: Window 'Message Log' being destroyed
[2019.12.19-13.33.40:610][181]LogSlate: Window 'Message Log' being destroyed
[2019.12.19-13.33.45:069][210]LogAssetEditorManager: Opening Asset editor for StaticMesh /Game/WaterLevel/items/door.door
[2019.12.19-13.33.47:222][210]LogSlate: Took 0.032661 seconds to synchronously load lazily loaded font '../../../Engine/Content/Slate/Fonts/Roboto-Italic.ttf' (157K)
[2019.12.19-13.33.53:964][249]LogSlate: FSceneViewport::OnFocusLost() reason 0
[2019.12.19-13.33.54:285][250]LogSlate: Window 'door' being destroyed
[2019.12.19-13.33.54:359][250]LogWorld: UWorld::CleanupWorld for World_7, bSessionEnded=true, bCleanupResources=true
[2019.12.19-13.34.01:824][336]LogUObjectHash: Compacting FUObjectHashTables data took   5.10ms
[2019.12.19-13.34.03:758][336]LogSlate: Window 'Delete Assets' being destroyed
[2019.12.19-13.34.03:982][336]LogUObjectHash: Compacting FUObjectHashTables data took   5.08ms
[2019.12.19-13.34.15:003][355]LogFactory: FactoryCreateFile: StaticMesh with FbxFactory (0 0 ../../../../../../Users/MA/Desktop/koster/FLAME!/flame.FBX)
[2019.12.19-13.34.15:078][355]LogFbx: Loading FBX Scene from ../../../../../../Users/MA/Desktop/koster/FLAME!/flame.FBX
[2019.12.19-13.34.15:668][355]LogFbx: FBX Scene Loaded Succesfully
[2019.12.19-13.34.15:676][355]FBXImport: Warning: FBX Scene Loading: Found material name clash, name clash can be wrongly reassign at reimport , material 'Material #38' was rename 'Material #38_ncl1_1' 
[2019.12.19-13.34.15:676][355]FBXImport: Warning: FBX Scene Loading: Found material name clash, name clash can be wrongly reassign at reimport , material 'Material #41' was rename 'Material #41_ncl1_1' 
[2019.12.19-13.34.15:676][355]FBXImport: Warning: FBX Scene Loading: Found material name clash, name clash can be wrongly reassign at reimport , material 'Material #38' was rename 'Material #38_ncl1_2' 
[2019.12.19-13.34.30:066][355]LogSlate: Window 'FBX Import Options' being destroyed
[2019.12.19-13.34.30:384][355]LogMaterial: Display: Missing cached shader map for material 04_-_Default, compiling. 
[2019.12.19-13.34.30:920][355]LogMaterial: Display: Missing cached shader map for material 04_-_Default22, compiling. 
[2019.12.19-13.34.32:572][355]LogMaterial: Display: Missing cached shader map for material 12_-_Default22, compiling. 
[2019.12.19-13.34.32:697][355]LogMaterial: Display: Missing cached shader map for material 01_-_Default, compiling. 
[2019.12.19-13.34.33:454][355]LogMaterial: Display: Missing cached shader map for material 04_-_Default222, compiling. 
[2019.12.19-13.34.36:698][355]LogStaticMesh: Building static mesh flame...
[2019.12.19-13.34.46:282][355]LogStaticMesh: Built static mesh [9.58s] /Game/WaterLevel/items/flame.flame
[2019.12.19-13.34.48:540][355]LogStaticMesh: Warning: flame has some nearly zero tangents which can create some issues. (Tolerance of 1E-4)
[2019.12.19-13.34.48:540][355]LogStaticMesh: Warning: flame has some nearly zero bi-normals which can create some issues. (Tolerance of 1E-4)
[2019.12.19-13.34.50:809][355]FBXImport: Warning: No smoothing group information was found in this FBX scene.  Please make sure to enable the 'Export Smoothing Groups' option in the FBX Exporter plug-in before exporting the file.  Even for tools that don't support smoothing groups, the FBX Exporter will generate appropriate smoothing data at export-time so that correct vertex normals can be inferred while importing. 
[2019.12.19-13.34.50:810][355]FBXImport: Warning: flame has some nearly zero tangents which can create some issues. (Tolerance of 1E-4) 
[2019.12.19-13.34.50:810][355]FBXImport: Warning: flame has some nearly zero bi-normals which can create some issues. (Tolerance of 1E-4) 
[2019.12.19-13.34.58:043][379]LogSlate: Window 'Message Log' being destroyed
[2019.12.19-13.34.58:210][379]LogSlate: Window 'Message Log' being destroyed
[2019.12.19-13.35.02:064][403]LogAssetEditorManager: Opening Asset editor for StaticMesh /Game/WaterLevel/items/flame.flame
[2019.12.19-13.35.10:835][442]LogSlate: Window 'flame' being destroyed
[2019.12.19-13.35.10:885][442]LogWorld: UWorld::CleanupWorld for World_8, bSessionEnded=true, bCleanupResources=true
[2019.12.19-13.35.27:043][442]LogShaderCompilers: Display: Worker (1/3): shaders left to compile 110
[2019.12.19-13.35.27:043][442]LogShaderCompilers: Display: Worker (3/3): shaders left to compile 100
[2019.12.19-13.36.07:361][732]LogShaderCompilers: Display: Worker (2/3): shaders left to compile 90
[2019.12.19-13.37.54:121][402]LogShaderCompilers: Display: Worker (1/3): shaders left to compile 80
[2019.12.19-13.38.17:126][542]LogShaderCompilers: Display: Worker (2/3): shaders left to compile 70
[2019.12.19-13.38.33:548][654]LogAssetEditorManager: Opening Asset editor for Material /Game/WaterLevel/items/01_-_Default.01_-_Default
[2019.12.19-13.38.33:570][654]LogMaterial: Display: Missing cached shader map for material 01_-_Default, compiling. 
[2019.12.19-13.38.33:847][654]LogMaterial: Display: Missing cached shader map for material 01_-_Default, compiling. 
[2019.12.19-13.38.33:897][654]LogMaterial: Display: Missing cached shader map for material 01_-_Default, compiling. 
[2019.12.19-13.38.33:953][654]LogMaterial: Display: Missing cached shader map for material FMatExpressionPreview MaterialExpressionVectorParameter_0, compiling. 
[2019.12.19-13.38.39:500][654]LogShaderCompilers: Display: Worker (3/3): shaders left to compile 85
[2019.12.19-13.38.39:500][654]LogShaderCompilers: Display: Worker (3/3): shaders left to compile 84
[2019.12.19-13.38.39:500][654]LogShaderCompilers: Display: Worker (3/3): shaders left to compile 83
[2019.12.19-13.38.39:500][654]LogShaderCompilers: Display: Worker (3/3): shaders left to compile 82
[2019.12.19-13.38.39:500][654]LogShaderCompilers: Display: Worker (3/3): shaders left to compile 81
[2019.12.19-13.38.39:500][654]LogShaderCompilers: Display: Worker (3/3): shaders left to compile 80
[2019.12.19-13.38.39:500][654]LogSlate: Took 0.004531 seconds to synchronously load lazily loaded font '../../../Engine/Content/Slate/Fonts/Roboto-BoldCondensed.ttf' (158K)
[2019.12.19-13.38.42:657][674]LogShaderCompilers: Display: Worker (3/3): shaders left to compile 79
[2019.12.19-13.38.44:953][697]LogShaderCompilers: Display: Worker (3/3): shaders left to compile 78
[2019.12.19-13.38.45:386][699]LogShaderCompilers: Display: Worker (2/3): shaders left to compile 77
[2019.12.19-13.38.45:592][700]LogShaderCompilers: Display: Worker (3/3): shaders left to compile 76
[2019.12.19-13.38.45:633][700]LogShaderCompilers: Display: Worker (1/3): shaders left to compile 75
[2019.12.19-13.38.46:951][708]LogShaderCompilers: Display: Worker (2/3): shaders left to compile 74
[2019.12.19-13.38.48:730][711]LogShaderCompilers: Display: Worker (2/3): shaders left to compile 73
[2019.12.19-13.38.48:937][711]LogShaderCompilers: Display: Worker (3/3): shaders left to compile 72
[2019.12.19-13.38.49:179][711]LogShaderCompilers: Display: Worker (1/3): shaders left to compile 71
[2019.12.19-13.38.50:098][711]LogShaderCompilers: Display: Worker (1/3): shaders left to compile 70
[2019.12.19-13.38.50:321][711]LogShaderCompilers: Display: Worker (2/3): shaders left to compile 69
[2019.12.19-13.38.50:493][711]LogShaderCompilers: Display: Worker (3/3): shaders left to compile 68
[2019.12.19-13.38.51:665][711]LogShaderCompilers: Display: Worker (3/3): shaders left to compile 67
[2019.12.19-13.38.51:911][711]LogShaderCompilers: Display: Worker (1/3): shaders left to compile 66
[2019.12.19-13.38.52:274][711]LogShaderCompilers: Display: Worker (2/3): shaders left to compile 65
[2019.12.19-13.38.53:039][711]LogShaderCompilers: Display: Worker (3/3): shaders left to compile 64
[2019.12.19-13.38.53:177][711]LogShaderCompilers: Display: Worker (2/3): shaders left to compile 63
[2019.12.19-13.38.53:428][711]LogSlate: Window 'Message' being destroyed
[2019.12.19-13.38.54:616][711]LogShaderCompilers: Display: Worker (1/3): shaders left to compile 62
[2019.12.19-13.38.54:655][711]LogMaterial: Display: Missing cached shader map for material 01_-_Default, compiling. 
[2019.12.19-13.38.54:773][711]LogShaderCompilers: Display: Worker (3/3): shaders left to compile 61
[2019.12.19-13.38.54:808][711]LogMaterial: Display: Missing cached shader map for material 01_-_Default, compiling. 
[2019.12.19-13.38.54:844][711]LogShaderCompilers: Display: Worker (1/3): shaders left to compile 81
[2019.12.19-13.38.54:854][711]LogMaterial: Display: Missing cached shader map for material 01_-_Default, compiling. 
[2019.12.19-13.38.54:929][711]LogUObjectHash: Compacting FUObjectHashTables data took   4.16ms
[2019.12.19-13.38.54:952][711]LogMaterial: Display: Missing cached shader map for material DebugViewMode MaterialTexCoordScale, compiling. 
[2019.12.19-13.39.00:725][711]LogShaderCompilers: Display: Worker (2/3): shaders left to compile 102
[2019.12.19-13.39.00:725][711]LogShaderCompilers: Display: Worker (3/3): shaders left to compile 103
[2019.12.19-13.39.00:725][711]LogShaderCompilers: Display: Worker (1/3): shaders left to compile 102
[2019.12.19-13.39.00:725][711]LogShaderCompilers: Display: Worker (2/3): shaders left to compile 101
[2019.12.19-13.39.00:725][711]LogShaderCompilers: Display: Worker (3/3): shaders left to compile 100
[2019.12.19-13.39.00:725][711]LogShaderCompilers: Display: Worker (1/3): shaders left to compile 99
[2019.12.19-13.39.00:725][711]LogShaderCompilers: Display: Worker (2/3): shaders left to compile 98
[2019.12.19-13.39.00:725][711]LogShaderCompilers: Display: Worker (2/3): shaders left to compile 97
[2019.12.19-13.39.00:726][711]LogShaderCompilers: Display: Worker (3/3): shaders left to compile 96
[2019.12.19-13.39.00:726][711]LogShaderCompilers: Display: Worker (1/3): shaders left to compile 95
[2019.12.19-13.39.00:726][711]LogShaderCompilers: Display: Worker (2/3): shaders left to compile 94
[2019.12.19-13.39.00:726][711]LogShaderCompilers: Display: Worker (2/3): shaders left to compile 93
[2019.12.19-13.39.00:726][711]LogShaderCompilers: Display: Worker (3/3): shaders left to compile 92
[2019.12.19-13.39.00:726][711]LogShaderCompilers: Display: Worker (1/3): shaders left to compile 91
[2019.12.19-13.39.00:726][711]LogShaderCompilers: Display: Worker (1/3): shaders left to compile 90
[2019.12.19-13.39.00:726][711]LogShaderCompilers: Display: Worker (2/3): shaders left to compile 89
[2019.12.19-13.39.00:726][711]LogShaderCompilers: Display: Worker (3/3): shaders left to compile 88
[2019.12.19-13.39.00:726][711]LogShaderCompilers: Display: Worker (3/3): shaders left to compile 87
[2019.12.19-13.39.00:726][711]LogShaderCompilers: Display: Worker (1/3): shaders left to compile 86
[2019.12.19-13.39.00:726][711]LogShaderCompilers: Display: Worker (2/3): shaders left to compile 85
[2019.12.19-13.39.00:726][711]LogShaderCompilers: Display: Worker (3/3): shaders left to compile 84
[2019.12.19-13.39.00:726][711]LogShaderCompilers: Display: Worker (2/3): shaders left to compile 83
[2019.12.19-13.39.00:726][711]LogShaderCompilers: Display: Worker (1/3): shaders left to compile 82
[2019.12.19-13.39.00:726][711]LogShaderCompilers: Display: Worker (3/3): shaders left to compile 72
[2019.12.19-13.39.00:726][711]LogShaderCompilers: Display: Worker (2/3): shaders left to compile 62
[2019.12.19-13.39.00:731][711]TextureStreamingBuild: Display: Compiling optional shaders took 5.802 seconds.
[2019.12.19-13.39.00:793][711]LogUObjectHash: Compacting FUObjectHashTables data took   1.34ms
[2019.12.19-13.39.00:802][711]LogSlate: Window '01_-_Default' being destroyed
[2019.12.19-13.39.00:804][711]LogSlate: Window '01_-_Default' being destroyed
[2019.12.19-13.39.06:704][711]LogWorld: UWorld::CleanupWorld for World_9, bSessionEnded=true, bCleanupResources=true
[2019.12.19-13.39.08:542][726]LogShaderCompilers: Display: Worker (3/3): shaders left to compile 52
[2019.12.19-13.39.11:267][745]LogShaderCompilers: Display: Worker (1/3): shaders left to compile 42
[2019.12.19-13.39.13:782][763]LogShaderCompilers: Display: Worker (2/3): shaders left to compile 32
[2019.12.19-13.39.54:567][ 47]LogShaderCompilers: Display: Worker (1/3): shaders left to compile 22
[2019.12.19-13.40.03:445][107]LogShaderCompilers: Display: Worker (3/3): shaders left to compile 14
[2019.12.19-13.40.10:124][142]LogShaderCompilers: Display: Worker (2/3): shaders left to compile 9
[2019.12.19-13.40.17:930][183]LogShaderCompilers: Display: Worker (1/3): shaders left to compile 5
[2019.12.19-13.40.23:777][215]LogShaderCompilers: Display: Worker (3/3): shaders left to compile 3
[2019.12.19-13.40.25:074][222]LogShaderCompilers: Display: Worker (1/3): shaders left to compile 1
[2019.12.19-13.40.35:309][301]LogAssetEditorManager: Opening Asset editor for StaticMesh /Game/WaterLevel/items/flame.flame
[2019.12.19-13.40.36:407][302]LogUObjectHash: Compacting FUObjectHashTables data took   3.34ms
[2019.12.19-13.40.36:407][302]LogFileHelpers: Editor autosave (incl. sublevels) for '/Game/StarterContent/Maps/Minimal_Default' took 0.039
[2019.12.19-13.40.36:411][302]OBJ SavePackage: Generating thumbnails for [1] asset(s) in package [/Game/WaterLevel/items/flame] ([1] browsable assets)...
[2019.12.19-13.40.36:441][302]OBJ SavePackage:     Rendered thumbnail for [StaticMesh /Game/WaterLevel/items/flame.flame]
[2019.12.19-13.40.36:441][302]OBJ SavePackage: Finished generating thumbnails for package [/Game/WaterLevel/items/flame]
[2019.12.19-13.40.38:981][302]LogSavePackage: Moving '../../../../../../Users/MA/Desktop/Vadim/Univer/AKG/MyGame/Saved/flame_Auto1D47B66FC48A19D7F451439BE042C9242.tmp' to '../../../../../../Users/MA/Desktop/Vadim/Univer/AKG/MyGame/Saved/Autosaves/Game/WaterLevel/items/flame_Auto1.uasset'
[2019.12.19-13.40.38:985][302]OBJ SavePackage: Generating thumbnails for [1] asset(s) in package [/Game/WaterLevel/items/04_-_Default] ([1] browsable assets)...
[2019.12.19-13.40.39:013][302]OBJ SavePackage:     Rendered thumbnail for [Material /Game/WaterLevel/items/04_-_Default.04_-_Default]
[2019.12.19-13.40.39:013][302]OBJ SavePackage: Finished generating thumbnails for package [/Game/WaterLevel/items/04_-_Default]
[2019.12.19-13.40.39:027][302]LogSavePackage: Moving '../../../../../../Users/MA/Desktop/Vadim/Univer/AKG/MyGame/Saved/04_-_Default_Auto1D6F86B3D4D6DAD87C5465B86810DF7C4.tmp' to '../../../../../../Users/MA/Desktop/Vadim/Univer/AKG/MyGame/Saved/Autosaves/Game/WaterLevel/items/04_-_Default_Auto1.uasset'
[2019.12.19-13.40.39:028][302]OBJ SavePackage: Generating thumbnails for [1] asset(s) in package [/Game/WaterLevel/items/04_-_Default22] ([1] browsable assets)...
[2019.12.19-13.40.39:055][302]OBJ SavePackage:     Rendered thumbnail for [Material /Game/WaterLevel/items/04_-_Default22.04_-_Default22]
[2019.12.19-13.40.39:055][302]OBJ SavePackage: Finished generating thumbnails for package [/Game/WaterLevel/items/04_-_Default22]
[2019.12.19-13.40.39:070][302]LogSavePackage: Moving '../../../../../../Users/MA/Desktop/Vadim/Univer/AKG/MyGame/Saved/04_-_Default22_Auto183F7C62A45884A3B5AAD6CB516037C4F.tmp' to '../../../../../../Users/MA/Desktop/Vadim/Univer/AKG/MyGame/Saved/Autosaves/Game/WaterLevel/items/04_-_Default22_Auto1.uasset'
[2019.12.19-13.40.39:072][302]OBJ SavePackage: Generating thumbnails for [1] asset(s) in package [/Game/WaterLevel/items/12_-_Default22] ([1] browsable assets)...
[2019.12.19-13.40.39:099][302]OBJ SavePackage:     Rendered thumbnail for [Material /Game/WaterLevel/items/12_-_Default22.12_-_Default22]
[2019.12.19-13.40.39:099][302]OBJ SavePackage: Finished generating thumbnails for package [/Game/WaterLevel/items/12_-_Default22]
[2019.12.19-13.40.39:115][302]LogSavePackage: Moving '../../../../../../Users/MA/Desktop/Vadim/Univer/AKG/MyGame/Saved/12_-_Default22_Auto159BC143043E7245BD87F11AC16066205.tmp' to '../../../../../../Users/MA/Desktop/Vadim/Univer/AKG/MyGame/Saved/Autosaves/Game/WaterLevel/items/12_-_Default22_Auto1.uasset'
[2019.12.19-13.40.39:117][302]OBJ SavePackage: Generating thumbnails for [1] asset(s) in package [/Game/WaterLevel/items/01_-_Default] ([1] browsable assets)...
[2019.12.19-13.40.39:141][302]OBJ SavePackage:     Rendered thumbnail for [Material /Game/WaterLevel/items/01_-_Default.01_-_Default]
[2019.12.19-13.40.39:141][302]OBJ SavePackage: Finished generating thumbnails for package [/Game/WaterLevel/items/01_-_Default]
[2019.12.19-13.40.39:154][302]LogSavePackage: Moving '../../../../../../Users/MA/Desktop/Vadim/Univer/AKG/MyGame/Saved/01_-_Default_Auto1386753DF4C4AE83B891F93B6E19F2D30.tmp' to '../../../../../../Users/MA/Desktop/Vadim/Univer/AKG/MyGame/Saved/Autosaves/Game/WaterLevel/items/01_-_Default_Auto1.uasset'
[2019.12.19-13.40.39:155][302]OBJ SavePackage: Generating thumbnails for [1] asset(s) in package [/Game/WaterLevel/items/04_-_Default222] ([1] browsable assets)...
[2019.12.19-13.40.39:179][302]OBJ SavePackage:     Rendered thumbnail for [Material /Game/WaterLevel/items/04_-_Default222.04_-_Default222]
[2019.12.19-13.40.39:179][302]OBJ SavePackage: Finished generating thumbnails for package [/Game/WaterLevel/items/04_-_Default222]
[2019.12.19-13.40.39:198][302]LogSavePackage: Moving '../../../../../../Users/MA/Desktop/Vadim/Univer/AKG/MyGame/Saved/04_-_Default222_Auto113B5CCD3433884D35AEA078059947CB8.tmp' to '../../../../../../Users/MA/Desktop/Vadim/Univer/AKG/MyGame/Saved/Autosaves/Game/WaterLevel/items/04_-_Default222_Auto1.uasset'
[2019.12.19-13.40.39:200][302]LogFileHelpers: Auto-saving content packages took 2.791
[2019.12.19-13.41.30:967][731]LogMaterial: Display: Missing cached shader map for material HillTree_01_Billboard_Mat, compiling. 
[2019.12.19-13.41.35:189][731]LogShaderCompilers: Display: Worker (1/3): shaders left to compile 89
[2019.12.19-13.41.35:190][731]LogShaderCompilers: Display: Worker (2/3): shaders left to compile 79
[2019.12.19-13.41.35:190][731]LogShaderCompilers: Display: Worker (3/3): shaders left to compile 69
[2019.12.19-13.42.03:379][832]LogShaderCompilers: Display: Worker (1/3): shaders left to compile 59
[2019.12.19-13.42.42:896][ 60]LogShaderCompilers: Display: Worker (2/3): shaders left to compile 49
[2019.12.19-13.42.47:749][ 89]LogShaderCompilers: Display: Worker (3/3): shaders left to compile 39
