Log file open, 12/26/19 22:58:53
LogWindows: Failed to load 'aqProf.dll' (GetLastError=126)
LogWindows: File 'aqProf.dll' does not exist
LogWindows: Failed to load 'VtuneApi.dll' (GetLastError=126)
LogWindows: File 'VtuneApi.dll' does not exist
LogWindows: Failed to load 'VtuneApi32e.dll' (GetLastError=126)
LogWindows: File 'VtuneApi32e.dll' does not exist
LogConsoleResponse: Display: Failed to find resolution value strings in scalability ini. Falling back to default.
LogInit: Display: Running engine for game: MyGame
LogPlatformFile: Not using cached read wrapper
LogTaskGraph: Started task graph with 5 named threads and 11 total threads with 3 sets of task threads.
LogStats: Stats thread started at 0.510547
LogD3D11RHI: Loaded GFSDK_Aftermath_Lib.x64.dll
LogICUInternationalization: ICU TimeZone Detection - Raw Offset: +3:00, Platform Override: ''
LogPluginManager: Mounting plugin Paper2D
LogPluginManager: Mounting plugin AISupport
LogPluginManager: Mounting plugin LightPropagationVolume
LogPluginManager: Mounting plugin ActorLayerUtilities
LogPluginManager: Mounting plugin AnimationSharing
LogPluginManager: Mounting plugin CLionSourceCodeAccess
LogPluginManager: Mounting plugin CodeLiteSourceCodeAccess
LogPluginManager: Mounting plugin GitSourceControl
LogPluginManager: Mounting plugin KDevelopSourceCodeAccess
LogPluginManager: Mounting plugin NullSourceCodeAccess
LogPluginManager: Mounting plugin PerforceSourceControl
LogPluginManager: Mounting plugin SubversionSourceControl
LogPluginManager: Mounting plugin UObjectPlugin
LogPluginManager: Mounting plugin VisualStudioCodeSourceCodeAccess
LogPluginManager: Mounting plugin VisualStudioSourceCodeAccess
LogPluginManager: Mounting plugin XCodeSourceCodeAccess
LogPluginManager: Mounting plugin AssetManagerEditor
LogPluginManager: Mounting plugin CryptoKeys
LogPluginManager: Mounting plugin CurveEditorTools
LogPluginManager: Mounting plugin DataValidation
LogPluginManager: Mounting plugin EditorScriptingUtilities
LogPluginManager: Mounting plugin FacialAnimation
LogPluginManager: Mounting plugin GameplayTagsEditor
LogPluginManager: Mounting plugin GLTFImporter
LogPluginManager: Mounting plugin MacGraphicsSwitching
LogPluginManager: Mounting plugin MaterialAnalyzer
LogPluginManager: Mounting plugin MeshEditor
LogPluginManager: Mounting plugin MobileLauncherProfileWizard
LogPluginManager: Mounting plugin PluginBrowser
LogPluginManager: Mounting plugin SpeedTreeImporter
LogPluginManager: Mounting plugin DatasmithContent
LogPluginManager: Mounting plugin VariantManagerContent
LogPluginManager: Mounting plugin AlembicImporter
LogPluginManager: Mounting plugin AutomationUtils
LogPluginManager: Mounting plugin BackChannel
LogPluginManager: Mounting plugin BlastPlugin
LogPluginManager: Mounting plugin ChaosSolverPlugin
LogPluginManager: Mounting plugin CharacterAI
LogPluginManager: Mounting plugin DataPrepEditor
LogPluginManager: Mounting plugin GeometryCache
LogPluginManager: Mounting plugin GeometryCollectionPlugin
LogPluginManager: Mounting plugin HTML5Networking
LogPluginManager: Mounting plugin PlatformCrypto
LogPluginManager: Mounting plugin ProxyLODPlugin
LogPluginManager: Mounting plugin SkeletalReduction
LogPluginManager: Mounting plugin MagicLeap
LogPluginManager: Mounting plugin MagicLeapMedia
LogPluginManager: Mounting plugin AndroidMedia
LogPluginManager: Mounting plugin AvfMedia
LogPluginManager: Mounting plugin ImgMedia
LogPluginManager: Mounting plugin MediaCompositing
LogPluginManager: Mounting plugin MediaPlayerEditor
LogPluginManager: Mounting plugin WebMMedia
LogPluginManager: Mounting plugin WmfMedia
LogPluginManager: Mounting plugin TcpMessaging
LogPluginManager: Mounting plugin UdpMessaging
LogPluginManager: Mounting plugin ActorSequence
LogPluginManager: Mounting plugin LevelSequenceEditor
LogPluginManager: Mounting plugin MatineeToLevelSequence
LogPluginManager: Mounting plugin NetcodeUnitTest
LogPluginManager: Mounting plugin NUTUnrealEngine4
LogPluginManager: Mounting plugin OnlineSubsystemGooglePlay
LogPluginManager: Mounting plugin OnlineSubsystemIOS
LogPluginManager: Mounting plugin OnlineSubsystem
LogPluginManager: Mounting plugin OnlineSubsystemNull
LogPluginManager: Mounting plugin OnlineSubsystemUtils
LogPluginManager: Mounting plugin LauncherChunkInstaller
LogPluginManager: Mounting plugin AndroidDeviceProfileSelector
LogPluginManager: Mounting plugin AndroidMoviePlayer
LogPluginManager: Mounting plugin AndroidPermission
LogPluginManager: Mounting plugin AppleImageUtils
LogPluginManager: Mounting plugin AppleMoviePlayer
LogPluginManager: Mounting plugin ArchVisCharacter
LogPluginManager: Mounting plugin AudioCapture
LogPluginManager: Mounting plugin CableComponent
LogPluginManager: Mounting plugin CustomMeshComponent
LogPluginManager: Mounting plugin EditableMesh
LogPluginManager: Mounting plugin ExampleDeviceProfileSelector
LogPluginManager: Mounting plugin GoogleCloudMessaging
LogPluginManager: Mounting plugin IOSDeviceProfileSelector
LogPluginManager: Mounting plugin LinuxDeviceProfileSelector
LogPluginManager: Mounting plugin LocationServicesBPLibrary
LogPluginManager: Mounting plugin MobilePatchingUtils
LogPluginManager: Mounting plugin OculusVR
LogPluginManager: Mounting plugin PhysXVehicles
LogPluginManager: Mounting plugin ProceduralMeshComponent
LogPluginManager: Mounting plugin RuntimePhysXCooking
LogPluginManager: Mounting plugin SignificanceManager
LogPluginManager: Mounting plugin SteamVR
LogPluginManager: Mounting plugin WebMMoviePlayer
LogPluginManager: Mounting plugin WindowsMoviePlayer
LogPluginManager: Mounting plugin ScreenshotTools
LogPluginManager: Mounting plugin DatasmithC4DImporter
LogPluginManager: Mounting plugin DatasmithCADImporter
LogPluginManager: Mounting plugin DatasmithFBXImporter
LogPluginManager: Mounting plugin DatasmithGLTFImporter
LogPluginManager: Mounting plugin DatasmithIFCImporter
LogPluginManager: Mounting plugin DatasmithImporter
LogPluginManager: Mounting plugin MDLImporter
LogPluginManager: Mounting plugin StaticMeshEditorExtension
LogPluginManager: Mounting plugin VariantManager
LogInit: Using libcurl 7.55.1-DEV
LogInit:  - built for x86_64-pc-win32
LogInit:  - supports SSL with OpenSSL/1.1.1
LogInit:  - supports HTTP deflate (compression) using libz 1.2.8
LogInit:  - other features:
LogInit:      CURL_VERSION_SSL
LogInit:      CURL_VERSION_LIBZ
LogInit:      CURL_VERSION_IPV6
LogInit:      CURL_VERSION_ASYNCHDNS
LogInit:      CURL_VERSION_LARGEFILE
LogInit:      CURL_VERSION_IDN
LogInit:  CurlRequestOptions (configurable via config and command line):
LogInit:  - bVerifyPeer = true  - Libcurl will verify peer certificate
LogInit:  - bUseHttpProxy = false  - Libcurl will NOT use HTTP proxy
LogInit:  - bDontReuseConnections = false  - Libcurl will reuse connections
LogInit:  - MaxHostConnections = 16  - Libcurl will limit the number of connections to a host
LogInit:  - LocalHostAddr = Default
LogInit:  - BufferSize = 65536
LogOnline: OSS: Creating online subsystem instance for: NULL
LogInit: WinSock: version 1.1 (2.2), MaxSocks=32767, MaxUdp=65467
LogInit: Build: ++UE4+Release-4.23-CL-9631420
LogInit: Engine Version: 4.23.1-9631420+++UE4+Release-4.23
LogInit: Compatible Engine Version: 4.23.0-8386587+++UE4+Release-4.23
LogInit: Net CL: 8386587
LogInit: OS: Windows 10 (Release 1909) (), CPU: Intel(R) Core(TM) i5-7200U CPU @ 2.50GHz, GPU: Intel(R) HD Graphics 620
LogInit: Compiled (64-bit): Oct 18 2019 02:07:44
LogInit: Compiled with Visual C++: 19.16.27030.01
LogInit: Build Configuration: Development
LogInit: Branch Name: ++UE4+Release-4.23
LogInit: Command Line: 
LogInit: Base Directory: C:/Program Files/Epic Games/UE_4.23/Engine/Binaries/Win64/
LogInit: Installed Engine Build: 1
LogDevObjectVersion: Number of dev versions registered: 23
LogDevObjectVersion:   Dev-Blueprints (B0D832E4-1F89-4F0D-ACCF-7EB736FD4AA2): 10
LogDevObjectVersion:   Dev-Build (E1C64328-A22C-4D53-A36C-8E866417BD8C): 0
LogDevObjectVersion:   Dev-Core (375EC13C-06E4-48FB-B500-84F0262A717E): 3
LogDevObjectVersion:   Dev-Editor (E4B068ED-F494-42E9-A231-DA0B2E46BB41): 34
LogDevObjectVersion:   Dev-Framework (CFFC743F-43B0-4480-9391-14DF171D2073): 35
LogDevObjectVersion:   Dev-Mobile (B02B49B5-BB20-44E9-A304-32B752E40360): 2
LogDevObjectVersion:   Dev-Networking (A4E4105C-59A1-49B5-A7C5-40C4547EDFEE): 0
LogDevObjectVersion:   Dev-Online (39C831C9-5AE6-47DC-9A44-9C173E1C8E7C): 0
LogDevObjectVersion:   Dev-Physics (78F01B33-EBEA-4F98-B9B4-84EACCB95AA2): 0
LogDevObjectVersion:   Dev-Platform (6631380F-2D4D-43E0-8009-CF276956A95A): 0
LogDevObjectVersion:   Dev-Rendering (12F88B9F-8875-4AFC-A67C-D90C383ABD29): 31
LogDevObjectVersion:   Dev-Sequencer (7B5AE74C-D270-4C10-A958-57980B212A5A): 11
LogDevObjectVersion:   Dev-VR (D7296918-1DD6-4BDD-9DE2-64A83CC13884): 2
LogDevObjectVersion:   Dev-LoadTimes (C2A15278-BFE7-4AFE-6C17-90FF531DF755): 1
LogDevObjectVersion:   Private-Geometry (6EACA3D4-40EC-4CC1-B786-8BED09428FC5): 3
LogDevObjectVersion:   Dev-AnimPhys (29E575DD-E0A3-4627-9D10-D276232CDCEA): 17
LogDevObjectVersion:   Dev-Anim (AF43A65D-7FD3-4947-9873-3E8ED9C1BB05): 2
LogDevObjectVersion:   Dev-ReflectionCapture (6B266CEC-1EC7-4B8F-A30B-E4D90942FC07): 1
LogDevObjectVersion:   Dev-Automation (0DF73D61-A23F-47EA-B727-89E90C41499A): 1
LogDevObjectVersion:   FortniteMain (601D1886-AC64-4F84-AA16-D3DE0DEAC7D6): 27
LogDevObjectVersion:   Dev-Enterprise (9DFFBCD6-494F-0158-E221-12823C92A888): 6
LogDevObjectVersion:   Dev-Niagara (F2AED0AC-9AFE-416F-8664-AA7FFA26D6FC): 1
LogDevObjectVersion:   Dev-Destruction (174F1F0B-B4C6-45A5-B13F-2EE8D0FB917D): 9
LogInit: Presizing for max 16777216 objects, including 0 objects not considered by GC, pre-allocating 0 bytes for permanent pool.
LogInit: Object subsystem initialized
LogConfig: Setting CVar [[con.DebugEarlyDefault:1]]
LogConfig: Setting CVar [[r.setres:1280x720]]
[2019.12.26-19.58.53:811][  0]LogConfig: Setting CVar [[r.VSync:0]]
[2019.12.26-19.58.53:811][  0]LogConfig: Setting CVar [[r.RHICmdBypass:0]]
[2019.12.26-19.58.53:812][  0]LogConfig: Applying CVar settings from Section [/Script/Engine.RendererSettings] File [C:/Users/MA/Desktop/Vadim/Univer/AKG/MyGame/Saved/Config/Windows/Engine.ini]
[2019.12.26-19.58.53:812][  0]LogConfig: Setting CVar [[r.GPUCrashDebugging:0]]
[2019.12.26-19.58.53:812][  0]LogConfig: Setting CVar [[r.DefaultFeature.AutoExposure.ExtendDefaultLuminanceRange:1]]
[2019.12.26-19.58.53:812][  0]LogConfig: Applying CVar settings from Section [/Script/Engine.RendererOverrideSettings] File [C:/Users/MA/Desktop/Vadim/Univer/AKG/MyGame/Saved/Config/Windows/Engine.ini]
[2019.12.26-19.58.53:812][  0]LogConfig: Applying CVar settings from Section [/Script/Engine.StreamingSettings] File [C:/Users/MA/Desktop/Vadim/Univer/AKG/MyGame/Saved/Config/Windows/Engine.ini]
[2019.12.26-19.58.53:812][  0]LogConfig: Setting CVar [[s.MinBulkDataSizeForAsyncLoading:131072]]
[2019.12.26-19.58.53:812][  0]LogConfig: Setting CVar [[s.AsyncLoadingThreadEnabled:0]]
[2019.12.26-19.58.53:812][  0]LogConfig: Setting CVar [[s.EventDrivenLoaderEnabled:1]]
[2019.12.26-19.58.53:812][  0]LogConfig: Setting CVar [[s.WarnIfTimeLimitExceeded:0]]
[2019.12.26-19.58.53:812][  0]LogConfig: Setting CVar [[s.TimeLimitExceededMultiplier:1.5]]
[2019.12.26-19.58.53:812][  0]LogConfig: Setting CVar [[s.TimeLimitExceededMinTime:0.005]]
[2019.12.26-19.58.53:812][  0]LogConfig: Setting CVar [[s.UseBackgroundLevelStreaming:1]]
[2019.12.26-19.58.53:812][  0]LogConfig: Setting CVar [[s.PriorityAsyncLoadingExtraTime:15.0]]
[2019.12.26-19.58.53:812][  0]LogConfig: Setting CVar [[s.LevelStreamingActorsUpdateTimeLimit:5.0]]
[2019.12.26-19.58.53:812][  0]LogConfig: Setting CVar [[s.PriorityLevelStreamingActorsUpdateExtraTime:5.0]]
[2019.12.26-19.58.53:812][  0]LogConfig: Setting CVar [[s.LevelStreamingComponentsRegistrationGranularity:10]]
[2019.12.26-19.58.53:812][  0]LogConfig: Setting CVar [[s.UnregisterComponentsTimeLimit:1.0]]
[2019.12.26-19.58.53:812][  0]LogConfig: Setting CVar [[s.LevelStreamingComponentsUnregistrationGranularity:5]]
[2019.12.26-19.58.53:812][  0]LogConfig: Applying CVar settings from Section [/Script/Engine.GarbageCollectionSettings] File [C:/Users/MA/Desktop/Vadim/Univer/AKG/MyGame/Saved/Config/Windows/Engine.ini]
[2019.12.26-19.58.53:812][  0]LogConfig: Setting CVar [[gc.MaxObjectsNotConsideredByGC:1]]
[2019.12.26-19.58.53:812][  0]LogConfig: Setting CVar [[gc.SizeOfPermanentObjectPool:0]]
[2019.12.26-19.58.53:812][  0]LogConfig: Setting CVar [[gc.FlushStreamingOnGC:0]]
[2019.12.26-19.58.53:812][  0]LogConfig: Setting CVar [[gc.NumRetriesBeforeForcingGC:10]]
[2019.12.26-19.58.53:812][  0]LogConfig: Setting CVar [[gc.AllowParallelGC:1]]
[2019.12.26-19.58.53:813][  0]LogConfig: Setting CVar [[gc.TimeBetweenPurgingPendingKillObjects:61.1]]
[2019.12.26-19.58.53:813][  0]LogConfig: Setting CVar [[gc.MaxObjectsInEditor:16777216]]
[2019.12.26-19.58.53:813][  0]LogConfig: Setting CVar [[gc.IncrementalBeginDestroyEnabled:1]]
[2019.12.26-19.58.53:813][  0]LogConfig: Setting CVar [[gc.CreateGCClusters:1]]
[2019.12.26-19.58.53:813][  0]LogConfig: Setting CVar [[gc.MinGCClusterSize:5]]
[2019.12.26-19.58.53:813][  0]LogConfig: Setting CVar [[gc.ActorClusteringEnabled:0]]
[2019.12.26-19.58.53:813][  0]LogConfig: Setting CVar [[gc.BlueprintClusteringEnabled:0]]
[2019.12.26-19.58.53:813][  0]LogConfig: Setting CVar [[gc.UseDisregardForGCOnDedicatedServers:0]]
[2019.12.26-19.58.53:813][  0]LogConfig: Applying CVar settings from Section [/Script/Engine.NetworkSettings] File [C:/Users/MA/Desktop/Vadim/Univer/AKG/MyGame/Saved/Config/Windows/Engine.ini]
[2019.12.26-19.58.53:813][  0]LogConfig: Applying CVar settings from Section [/Script/UnrealEd.CookerSettings] File [C:/Users/MA/Desktop/Vadim/Univer/AKG/MyGame/Saved/Config/Windows/Engine.ini]
[2019.12.26-19.58.53:816][  0]LogConfig: Applying CVar settings from Section [ViewDistanceQuality@3] File [C:/Users/MA/Desktop/Vadim/Univer/AKG/MyGame/Saved/Config/Windows/Scalability.ini]
[2019.12.26-19.58.53:816][  0]LogConfig: Setting CVar [[r.SkeletalMeshLODBias:0]]
[2019.12.26-19.58.53:816][  0]LogConfig: Setting CVar [[r.ViewDistanceScale:1.0]]
[2019.12.26-19.58.53:816][  0]LogConfig: Applying CVar settings from Section [AntiAliasingQuality@3] File [C:/Users/MA/Desktop/Vadim/Univer/AKG/MyGame/Saved/Config/Windows/Scalability.ini]
[2019.12.26-19.58.53:816][  0]LogConfig: Setting CVar [[r.PostProcessAAQuality:4]]
[2019.12.26-19.58.53:816][  0]LogConfig: Applying CVar settings from Section [ShadowQuality@3] File [C:/Users/MA/Desktop/Vadim/Univer/AKG/MyGame/Saved/Config/Windows/Scalability.ini]
[2019.12.26-19.58.53:816][  0]LogConfig: Setting CVar [[r.LightFunctionQuality:1]]
[2019.12.26-19.58.53:816][  0]LogConfig: Setting CVar [[r.ShadowQuality:5]]
[2019.12.26-19.58.53:816][  0]LogConfig: Setting CVar [[r.Shadow.CSM.MaxCascades:10]]
[2019.12.26-19.58.53:816][  0]LogConfig: Setting CVar [[r.Shadow.MaxResolution:2048]]
[2019.12.26-19.58.53:816][  0]LogConfig: Setting CVar [[r.Shadow.MaxCSMResolution:2048]]
[2019.12.26-19.58.53:816][  0]LogConfig: Setting CVar [[r.Shadow.RadiusThreshold:0.01]]
[2019.12.26-19.58.53:816][  0]LogConfig: Setting CVar [[r.Shadow.DistanceScale:1.0]]
[2019.12.26-19.58.53:816][  0]LogConfig: Setting CVar [[r.Shadow.CSM.TransitionScale:1.0]]
[2019.12.26-19.58.53:816][  0]LogConfig: Setting CVar [[r.Shadow.PreShadowResolutionFactor:1.0]]
[2019.12.26-19.58.53:816][  0]LogConfig: Setting CVar [[r.DistanceFieldShadowing:1]]
[2019.12.26-19.58.53:816][  0]LogConfig: Setting CVar [[r.DistanceFieldAO:1]]
[2019.12.26-19.58.53:816][  0]LogConfig: Setting CVar [[r.AOQuality:2]]
[2019.12.26-19.58.53:816][  0]LogConfig: Setting CVar [[r.VolumetricFog:1]]
[2019.12.26-19.58.53:816][  0]LogConfig: Setting CVar [[r.VolumetricFog.GridPixelSize:8]]
[2019.12.26-19.58.53:816][  0]LogConfig: Setting CVar [[r.VolumetricFog.GridSizeZ:128]]
[2019.12.26-19.58.53:816][  0]LogConfig: Setting CVar [[r.VolumetricFog.HistoryMissSupersampleCount:4]]
[2019.12.26-19.58.53:816][  0]LogConfig: Setting CVar [[r.LightMaxDrawDistanceScale:1]]
[2019.12.26-19.58.53:816][  0]LogConfig: Setting CVar [[r.CapsuleShadows:1]]
[2019.12.26-19.58.53:816][  0]LogConfig: Applying CVar settings from Section [PostProcessQuality@3] File [C:/Users/MA/Desktop/Vadim/Univer/AKG/MyGame/Saved/Config/Windows/Scalability.ini]
[2019.12.26-19.58.53:816][  0]LogConfig: Setting CVar [[r.MotionBlurQuality:4]]
[2019.12.26-19.58.53:816][  0]LogConfig: Setting CVar [[r.AmbientOcclusionMipLevelFactor:0.4]]
[2019.12.26-19.58.53:816][  0]LogConfig: Setting CVar [[r.AmbientOcclusionMaxQuality:100]]
[2019.12.26-19.58.53:816][  0]LogConfig: Setting CVar [[r.AmbientOcclusionLevels:-1]]
[2019.12.26-19.58.53:816][  0]LogConfig: Setting CVar [[r.AmbientOcclusionRadiusScale:1.0]]
[2019.12.26-19.58.53:816][  0]LogConfig: Setting CVar [[r.DepthOfFieldQuality:2]]
[2019.12.26-19.58.53:816][  0]LogConfig: Setting CVar [[r.RenderTargetPoolMin:400]]
[2019.12.26-19.58.53:816][  0]LogConfig: Setting CVar [[r.LensFlareQuality:2]]
[2019.12.26-19.58.53:816][  0]LogConfig: Setting CVar [[r.SceneColorFringeQuality:1]]
[2019.12.26-19.58.53:816][  0]LogConfig: Setting CVar [[r.EyeAdaptationQuality:2]]
[2019.12.26-19.58.53:816][  0]LogConfig: Setting CVar [[r.BloomQuality:5]]
[2019.12.26-19.58.53:816][  0]LogConfig: Setting CVar [[r.FastBlurThreshold:100]]
[2019.12.26-19.58.53:816][  0]LogConfig: Setting CVar [[r.Upscale.Quality:3]]
[2019.12.26-19.58.53:816][  0]LogConfig: Setting CVar [[r.Tonemapper.GrainQuantization:1]]
[2019.12.26-19.58.53:816][  0]LogConfig: Setting CVar [[r.LightShaftQuality:1]]
[2019.12.26-19.58.53:816][  0]LogConfig: Setting CVar [[r.Filter.SizeScale:1]]
[2019.12.26-19.58.53:816][  0]LogConfig: Setting CVar [[r.Tonemapper.Quality:5]]
[2019.12.26-19.58.53:816][  0]LogConfig: Setting CVar [[r.DOF.Gather.AccumulatorQuality:1        ; higher gathering accumulator quality]]
[2019.12.26-19.58.53:816][  0]LogConfig: Setting CVar [[r.DOF.Gather.PostfilterMethod:1          ; Median3x3 postfilering method]]
[2019.12.26-19.58.53:816][  0]LogConfig: Setting CVar [[r.DOF.Gather.EnableBokehSettings:0       ; no bokeh simulation when gathering]]
[2019.12.26-19.58.53:816][  0]LogConfig: Setting CVar [[r.DOF.Gather.RingCount:4                 ; medium number of samples when gathering]]
[2019.12.26-19.58.53:816][  0]LogConfig: Setting CVar [[r.DOF.Scatter.ForegroundCompositing:1    ; additive foreground scattering]]
[2019.12.26-19.58.53:816][  0]LogConfig: Setting CVar [[r.DOF.Scatter.BackgroundCompositing:2    ; additive background scattering]]
[2019.12.26-19.58.53:816][  0]LogConfig: Setting CVar [[r.DOF.Scatter.EnableBokehSettings:1      ; bokeh simulation when scattering]]
[2019.12.26-19.58.53:816][  0]LogConfig: Setting CVar [[r.DOF.Scatter.MaxSpriteRatio:0.1         ; only a maximum of 10% of scattered bokeh]]
[2019.12.26-19.58.53:816][  0]LogConfig: Setting CVar [[r.DOF.Recombine.Quality:1                ; cheap slight out of focus]]
[2019.12.26-19.58.53:816][  0]LogConfig: Setting CVar [[r.DOF.Recombine.EnableBokehSettings:0    ; no bokeh simulation on slight out of focus]]
[2019.12.26-19.58.53:817][  0]LogConfig: Setting CVar [[r.DOF.TemporalAAQuality:1                ; more stable temporal accumulation]]
[2019.12.26-19.58.53:817][  0]LogConfig: Setting CVar [[r.DOF.Kernel.MaxForegroundRadius:0.025]]
[2019.12.26-19.58.53:817][  0]LogConfig: Setting CVar [[r.DOF.Kernel.MaxBackgroundRadius:0.025]]
[2019.12.26-19.58.53:817][  0]LogConfig: Applying CVar settings from Section [TextureQuality@3] File [C:/Users/MA/Desktop/Vadim/Univer/AKG/MyGame/Saved/Config/Windows/Scalability.ini]
[2019.12.26-19.58.53:817][  0]LogConfig: Setting CVar [[r.Streaming.MipBias:0]]
[2019.12.26-19.58.53:817][  0]LogConfig: Setting CVar [[r.Streaming.AmortizeCPUToGPUCopy:0]]
[2019.12.26-19.58.53:817][  0]LogConfig: Setting CVar [[r.Streaming.MaxNumTexturesToStreamPerFrame:0]]
[2019.12.26-19.58.53:817][  0]LogConfig: Setting CVar [[r.Streaming.Boost:1]]
[2019.12.26-19.58.53:817][  0]LogConfig: Setting CVar [[r.MaxAnisotropy:8]]
[2019.12.26-19.58.53:817][  0]LogConfig: Setting CVar [[r.Streaming.LimitPoolSizeToVRAM:0]]
[2019.12.26-19.58.53:817][  0]LogConfig: Setting CVar [[r.Streaming.PoolSize:1000]]
[2019.12.26-19.58.53:817][  0]LogConfig: Setting CVar [[r.Streaming.MaxEffectiveScreenSize:0]]
[2019.12.26-19.58.53:817][  0]LogConfig: Applying CVar settings from Section [EffectsQuality@3] File [C:/Users/MA/Desktop/Vadim/Univer/AKG/MyGame/Saved/Config/Windows/Scalability.ini]
[2019.12.26-19.58.53:817][  0]LogConfig: Setting CVar [[r.TranslucencyLightingVolumeDim:64]]
[2019.12.26-19.58.53:817][  0]LogConfig: Setting CVar [[r.RefractionQuality:2]]
[2019.12.26-19.58.53:817][  0]LogConfig: Setting CVar [[r.SSR.Quality:3]]
[2019.12.26-19.58.53:817][  0]LogConfig: Setting CVar [[r.SceneColorFormat:4]]
[2019.12.26-19.58.53:817][  0]LogConfig: Setting CVar [[r.DetailMode:2]]
[2019.12.26-19.58.53:817][  0]LogConfig: Setting CVar [[r.TranslucencyVolumeBlur:1]]
[2019.12.26-19.58.53:817][  0]LogConfig: Setting CVar [[r.MaterialQualityLevel:1 ; High quality]]
[2019.12.26-19.58.53:817][  0]LogConfig: Setting CVar [[r.SSS.Scale:1]]
[2019.12.26-19.58.53:817][  0]LogConfig: Setting CVar [[r.SSS.SampleSet:2]]
[2019.12.26-19.58.53:817][  0]LogConfig: Setting CVar [[r.SSS.Quality:1]]
[2019.12.26-19.58.53:817][  0]LogConfig: Setting CVar [[r.SSS.HalfRes:1]]
[2019.12.26-19.58.53:817][  0]LogConfig: Setting CVar [[r.EmitterSpawnRateScale:1.0]]
[2019.12.26-19.58.53:817][  0]LogConfig: Setting CVar [[r.ParticleLightQuality:2]]
[2019.12.26-19.58.53:817][  0]LogConfig: Applying CVar settings from Section [FoliageQuality@3] File [C:/Users/MA/Desktop/Vadim/Univer/AKG/MyGame/Saved/Config/Windows/Scalability.ini]
[2019.12.26-19.58.53:817][  0]LogConfig: Setting CVar [[foliage.DensityScale:1.0]]
[2019.12.26-19.58.53:817][  0]LogConfig: Setting CVar [[grass.DensityScale:1.0]]
[2019.12.26-19.58.53:818][  0]LogInit: Selected Device Profile: [Windows]
[2019.12.26-19.58.53:818][  0]LogInit: Applying CVar settings loaded from the selected device profile: [Windows]
[2019.12.26-19.58.53:833][  0]LogHAL: Display: Platform has ~ 8 GB [8433528832 / 8589934592 / 8], which maps to Default [LargestMinGB=32, LargerMinGB=12, DefaultMinGB=8, SmallerMinGB=6, SmallestMinGB=0)
[2019.12.26-19.58.53:833][  0]LogInit: Going up to parent DeviceProfile []
[2019.12.26-19.58.53:833][  0]LogConfig: Applying CVar settings from Section [ViewDistanceQuality@0] File [C:/Users/MA/Desktop/Vadim/Univer/AKG/MyGame/Saved/Config/Windows/Scalability.ini]
[2019.12.26-19.58.53:833][  0]LogConfig: Setting CVar [[r.SkeletalMeshLODBias:2]]
[2019.12.26-19.58.53:833][  0]LogConfig: Setting CVar [[r.ViewDistanceScale:0.4]]
[2019.12.26-19.58.53:833][  0]LogConfig: Applying CVar settings from Section [AntiAliasingQuality@0] File [C:/Users/MA/Desktop/Vadim/Univer/AKG/MyGame/Saved/Config/Windows/Scalability.ini]
[2019.12.26-19.58.53:833][  0]LogConfig: Setting CVar [[r.PostProcessAAQuality:0]]
[2019.12.26-19.58.53:833][  0]LogConfig: Applying CVar settings from Section [ShadowQuality@0] File [C:/Users/MA/Desktop/Vadim/Univer/AKG/MyGame/Saved/Config/Windows/Scalability.ini]
[2019.12.26-19.58.53:833][  0]LogConfig: Setting CVar [[r.LightFunctionQuality:0]]
[2019.12.26-19.58.53:833][  0]LogConfig: Setting CVar [[r.ShadowQuality:0]]
[2019.12.26-19.58.53:833][  0]LogConfig: Setting CVar [[r.Shadow.CSM.MaxCascades:1]]
[2019.12.26-19.58.53:833][  0]LogConfig: Setting CVar [[r.Shadow.MaxResolution:512]]
[2019.12.26-19.58.53:833][  0]LogConfig: Setting CVar [[r.Shadow.MaxCSMResolution:512]]
[2019.12.26-19.58.53:833][  0]LogConfig: Setting CVar [[r.Shadow.RadiusThreshold:0.06]]
[2019.12.26-19.58.53:833][  0]LogConfig: Setting CVar [[r.Shadow.DistanceScale:0.6]]
[2019.12.26-19.58.53:833][  0]LogConfig: Setting CVar [[r.Shadow.CSM.TransitionScale:0]]
[2019.12.26-19.58.53:833][  0]LogConfig: Setting CVar [[r.Shadow.PreShadowResolutionFactor:0.5]]
[2019.12.26-19.58.53:833][  0]LogConfig: Setting CVar [[r.DistanceFieldShadowing:0]]
[2019.12.26-19.58.53:833][  0]LogConfig: Setting CVar [[r.DistanceFieldAO:0]]
[2019.12.26-19.58.53:833][  0]LogConfig: Setting CVar [[r.VolumetricFog:0]]
[2019.12.26-19.58.53:833][  0]LogConfig: Setting CVar [[r.LightMaxDrawDistanceScale:0]]
[2019.12.26-19.58.53:833][  0]LogConfig: Setting CVar [[r.CapsuleShadows:0]]
[2019.12.26-19.58.53:833][  0]LogConfig: Applying CVar settings from Section [PostProcessQuality@0] File [C:/Users/MA/Desktop/Vadim/Univer/AKG/MyGame/Saved/Config/Windows/Scalability.ini]
[2019.12.26-19.58.53:833][  0]LogConfig: Setting CVar [[r.MotionBlurQuality:0]]
[2019.12.26-19.58.53:833][  0]LogConfig: Setting CVar [[r.AmbientOcclusionMipLevelFactor:1.0]]
[2019.12.26-19.58.53:833][  0]LogConfig: Setting CVar [[r.AmbientOcclusionMaxQuality:0]]
[2019.12.26-19.58.53:833][  0]LogConfig: Setting CVar [[r.AmbientOcclusionLevels:0]]
[2019.12.26-19.58.53:833][  0]LogConfig: Setting CVar [[r.AmbientOcclusionRadiusScale:1.2]]
[2019.12.26-19.58.53:833][  0]LogConfig: Setting CVar [[r.DepthOfFieldQuality:0]]
[2019.12.26-19.58.53:833][  0]LogConfig: Setting CVar [[r.RenderTargetPoolMin:300]]
[2019.12.26-19.58.53:833][  0]LogConfig: Setting CVar [[r.LensFlareQuality:0]]
[2019.12.26-19.58.53:833][  0]LogConfig: Setting CVar [[r.SceneColorFringeQuality:0]]
[2019.12.26-19.58.53:833][  0]LogConfig: Setting CVar [[r.EyeAdaptationQuality:0]]
[2019.12.26-19.58.53:833][  0]LogConfig: Setting CVar [[r.BloomQuality:4]]
[2019.12.26-19.58.53:833][  0]LogConfig: Setting CVar [[r.FastBlurThreshold:0]]
[2019.12.26-19.58.53:833][  0]LogConfig: Setting CVar [[r.Upscale.Quality:1]]
[2019.12.26-19.58.53:833][  0]LogConfig: Setting CVar [[r.Tonemapper.GrainQuantization:0]]
[2019.12.26-19.58.53:833][  0]LogConfig: Setting CVar [[r.LightShaftQuality:0]]
[2019.12.26-19.58.53:833][  0]LogConfig: Setting CVar [[r.Filter.SizeScale:0.6]]
[2019.12.26-19.58.53:833][  0]LogConfig: Setting CVar [[r.Tonemapper.Quality:0]]
[2019.12.26-19.58.53:833][  0]LogConfig: Applying CVar settings from Section [TextureQuality@3] File [C:/Users/MA/Desktop/Vadim/Univer/AKG/MyGame/Saved/Config/Windows/Scalability.ini]
[2019.12.26-19.58.53:833][  0]LogConfig: Setting CVar [[r.Streaming.MipBias:0]]
[2019.12.26-19.58.53:833][  0]LogConfig: Setting CVar [[r.Streaming.AmortizeCPUToGPUCopy:0]]
[2019.12.26-19.58.53:833][  0]LogConfig: Setting CVar [[r.Streaming.MaxNumTexturesToStreamPerFrame:0]]
[2019.12.26-19.58.53:833][  0]LogConfig: Setting CVar [[r.Streaming.Boost:1]]
[2019.12.26-19.58.53:833][  0]LogConfig: Setting CVar [[r.MaxAnisotropy:8]]
[2019.12.26-19.58.53:833][  0]LogConfig: Setting CVar [[r.Streaming.LimitPoolSizeToVRAM:0]]
[2019.12.26-19.58.53:833][  0]LogConfig: Setting CVar [[r.Streaming.PoolSize:1000]]
[2019.12.26-19.58.53:833][  0]LogConfig: Setting CVar [[r.Streaming.MaxEffectiveScreenSize:0]]
[2019.12.26-19.58.53:833][  0]LogConfig: Applying CVar settings from Section [EffectsQuality@3] File [C:/Users/MA/Desktop/Vadim/Univer/AKG/MyGame/Saved/Config/Windows/Scalability.ini]
[2019.12.26-19.58.53:834][  0]LogConfig: Setting CVar [[r.TranslucencyLightingVolumeDim:64]]
[2019.12.26-19.58.53:834][  0]LogConfig: Setting CVar [[r.RefractionQuality:2]]
[2019.12.26-19.58.53:834][  0]LogConfig: Setting CVar [[r.SSR.Quality:3]]
[2019.12.26-19.58.53:834][  0]LogConfig: Setting CVar [[r.SceneColorFormat:4]]
[2019.12.26-19.58.53:834][  0]LogConfig: Setting CVar [[r.DetailMode:2]]
[2019.12.26-19.58.53:834][  0]LogConfig: Setting CVar [[r.TranslucencyVolumeBlur:1]]
[2019.12.26-19.58.53:834][  0]LogConfig: Setting CVar [[r.MaterialQualityLevel:1 ; High quality]]
[2019.12.26-19.58.53:834][  0]LogConfig: Setting CVar [[r.SSS.Scale:1]]
[2019.12.26-19.58.53:834][  0]LogConfig: Setting CVar [[r.SSS.SampleSet:2]]
[2019.12.26-19.58.53:834][  0]LogConfig: Setting CVar [[r.SSS.Quality:1]]
[2019.12.26-19.58.53:834][  0]LogConfig: Setting CVar [[r.SSS.HalfRes:1]]
[2019.12.26-19.58.53:834][  0]LogConfig: Setting CVar [[r.EmitterSpawnRateScale:1.0]]
[2019.12.26-19.58.53:834][  0]LogConfig: Setting CVar [[r.ParticleLightQuality:2]]
[2019.12.26-19.58.53:834][  0]LogConfig: Applying CVar settings from Section [FoliageQuality@3] File [C:/Users/MA/Desktop/Vadim/Univer/AKG/MyGame/Saved/Config/Windows/Scalability.ini]
[2019.12.26-19.58.53:834][  0]LogConfig: Setting CVar [[foliage.DensityScale:1.0]]
[2019.12.26-19.58.53:834][  0]LogConfig: Setting CVar [[grass.DensityScale:1.0]]
[2019.12.26-19.58.53:834][  0]LogConfig: Applying CVar settings from Section [Startup] File [../../../Engine/Config/ConsoleVariables.ini]
[2019.12.26-19.58.53:836][  0]LogConfig: Setting CVar [[net.UseAdaptiveNetUpdateFrequency:0]]
[2019.12.26-19.58.53:836][  0]LogConfig: Setting CVar [[p.chaos.AllowCreatePhysxBodies:1]]
[2019.12.26-19.58.53:836][  0]LogConfig: Applying CVar settings from Section [ConsoleVariables] File [C:/Users/MA/Desktop/Vadim/Univer/AKG/MyGame/Saved/Config/Windows/Engine.ini]
[2019.12.26-19.58.53:837][  0]LogInit: Computer: CO-OT-P01
[2019.12.26-19.58.53:837][  0]LogInit: User: MA
[2019.12.26-19.58.53:837][  0]LogInit: CPU Page size=4096, Cores=2
[2019.12.26-19.58.53:837][  0]LogInit: High frequency timer resolution =10.000000 MHz
[2019.12.26-19.58.53:837][  0]LogMemory: Memory total: Physical=7.9GB (8GB approx)
[2019.12.26-19.58.53:837][  0]LogMemory: Platform Memory Stats for Windows
[2019.12.26-19.58.53:837][  0]LogMemory: Process Physical Memory: 102.07 MB used, 102.07 MB peak
[2019.12.26-19.58.53:837][  0]LogMemory: Process Virtual Memory: 102.48 MB used, 102.48 MB peak
[2019.12.26-19.58.53:837][  0]LogMemory: Physical Memory: 4765.13 MB used,  3277.71 MB free, 8042.84 MB total
[2019.12.26-19.58.53:837][  0]LogMemory: Virtual Memory: 4654.05 MB used,  134213072.00 MB free, 134217728.00 MB total
[2019.12.26-19.58.53:845][  0]LogWindows: WindowsPlatformFeatures enabled
[2019.12.26-19.58.53:994][  0]LogInit: Using OS detected language (ru-RU).
[2019.12.26-19.58.53:994][  0]LogInit: Using OS detected locale (ru-RU).
[2019.12.26-19.58.54:004][  0]LogTextLocalizationManager: No specific localization for 'ru-RU' exists, so the 'ru' localization will be used.
[2019.12.26-19.58.54:005][  0]LogTextLocalizationResource: LocRes '../../../Engine/Content/Localization/Editor/ru/Editor.locres' could not be opened for reading!
[2019.12.26-19.58.54:006][  0]LogTextLocalizationResource: LocRes '../../../Engine/Content/Localization/EditorTutorials/ru/EditorTutorials.locres' could not be opened for reading!
[2019.12.26-19.58.54:006][  0]LogTextLocalizationResource: LocRes '../../../Engine/Content/Localization/Keywords/ru/Keywords.locres' could not be opened for reading!
[2019.12.26-19.58.54:007][  0]LogTextLocalizationResource: LocRes '../../../Engine/Content/Localization/Category/ru/Category.locres' could not be opened for reading!
[2019.12.26-19.58.54:008][  0]LogTextLocalizationResource: LocRes '../../../Engine/Content/Localization/ToolTips/ru/ToolTips.locres' could not be opened for reading!
[2019.12.26-19.58.54:009][  0]LogTextLocalizationResource: LocRes '../../../Engine/Content/Localization/PropertyNames/ru/PropertyNames.locres' could not be opened for reading!
[2019.12.26-19.58.54:010][  0]LogTextLocalizationResource: LocRes '../../../Engine/Content/Localization/Engine/ru/Engine.locres' could not be opened for reading!
[2019.12.26-19.58.54:017][  0]LogInit: Setting process to per monitor DPI aware
[2019.12.26-19.58.54:141][  0]LogSlate: New Slate User Created.  User Index 0, Is Virtual User: 0
[2019.12.26-19.58.54:141][  0]LogSlate: Slate User Registered.  User Index 0, Is Virtual User: 0
[2019.12.26-19.58.55:379][  0]LogHMD: Failed to initialize OpenVR with code 110
[2019.12.26-19.58.55:379][  0]LogD3D11RHI: D3D11 adapters:
[2019.12.26-19.58.55:507][  0]LogD3D11RHI:    0. 'Intel(R) HD Graphics 620' (Feature Level 11_0)
[2019.12.26-19.58.55:507][  0]LogD3D11RHI:       128/0/4021 MB DedicatedVideo/DedicatedSystem/SharedSystem, Outputs:1, VendorId:0x8086
[2019.12.26-19.58.55:519][  0]LogD3D11RHI:    1. 'Microsoft Basic Render Driver' (Feature Level 11_0)
[2019.12.26-19.58.55:519][  0]LogD3D11RHI:       0/0/4021 MB DedicatedVideo/DedicatedSystem/SharedSystem, Outputs:0, VendorId:0x1414
[2019.12.26-19.58.55:519][  0]LogD3D11RHI: Chosen D3D11 Adapter: 0
[2019.12.26-19.58.55:529][  0]LogD3D11RHI: Creating new Direct3DDevice
[2019.12.26-19.58.55:529][  0]LogD3D11RHI:     GPU DeviceId: 0x5916 (for the marketing name, search the web for "GPU Device Id")
[2019.12.26-19.58.55:529][  0]LogWindows: EnumDisplayDevices:
[2019.12.26-19.58.55:529][  0]LogWindows:    0. 'Intel(R) HD Graphics 620' (P:1 D:1)
[2019.12.26-19.58.55:530][  0]LogWindows:    1. 'Intel(R) HD Graphics 620' (P:0 D:0)
[2019.12.26-19.58.55:530][  0]LogWindows:    2. 'Intel(R) HD Graphics 620' (P:0 D:0)
[2019.12.26-19.58.55:530][  0]LogWindows: DebugString: FoundDriverCount:3 
[2019.12.26-19.58.55:530][  0]LogD3D11RHI:     Adapter Name: Intel(R) HD Graphics 620
[2019.12.26-19.58.55:535][  0]LogD3D11RHI:   Driver Version: 26.20.100.7263 (internal:26.20.100.7263, unified:26.20.100.7263)
[2019.12.26-19.58.55:535][  0]LogD3D11RHI:      Driver Date: 9-25-2019
[2019.12.26-19.58.55:535][  0]LogRHI: Texture pool is 1497 MB (70% of 2138 MB)
[2019.12.26-19.58.55:748][  0]LogD3D11RHI: [IntelMetricsDiscovery] Started
[2019.12.26-19.58.55:748][  0]LogD3D11RHI: Async texture creation enabled
[2019.12.26-19.58.55:755][  0]LogD3D11RHI: GPU Timing Frequency: 12.000048 (Debug: 2 0)
[2019.12.26-19.58.56:408][  0]LogTemp: Display: Module 'AllDesktopTargetPlatform' loaded TargetPlatform 'AllDesktop'
[2019.12.26-19.58.56:420][  0]LogTemp: Display: Module 'MacClientTargetPlatform' loaded TargetPlatform 'MacClient'
[2019.12.26-19.58.56:434][  0]LogTemp: Display: Module 'MacNoEditorTargetPlatform' loaded TargetPlatform 'MacNoEditor'
[2019.12.26-19.58.56:460][  0]LogTemp: Display: Module 'MacServerTargetPlatform' loaded TargetPlatform 'MacServer'
[2019.12.26-19.58.56:492][  0]LogTemp: Display: Module 'MacTargetPlatform' loaded TargetPlatform 'Mac'
[2019.12.26-19.58.56:510][  0]LogTemp: Display: Module 'WindowsClientTargetPlatform' loaded TargetPlatform 'WindowsClient'
[2019.12.26-19.58.56:532][  0]LogTemp: Display: Module 'WindowsNoEditorTargetPlatform' loaded TargetPlatform 'WindowsNoEditor'
[2019.12.26-19.58.56:554][  0]LogTemp: Display: Module 'WindowsServerTargetPlatform' loaded TargetPlatform 'WindowsServer'
[2019.12.26-19.58.56:572][  0]LogTemp: Display: Module 'WindowsTargetPlatform' loaded TargetPlatform 'Windows'
[2019.12.26-19.58.56:630][  0]LogTemp: Display: Module 'AndroidTargetPlatform' loaded TargetPlatform 'Android'
[2019.12.26-19.58.56:630][  0]LogTemp: Display: Module 'AndroidTargetPlatform' loaded TargetPlatform 'Android_ASTC'
[2019.12.26-19.58.56:630][  0]LogTemp: Display: Module 'AndroidTargetPlatform' loaded TargetPlatform 'Android_ATC'
[2019.12.26-19.58.56:630][  0]LogTemp: Display: Module 'AndroidTargetPlatform' loaded TargetPlatform 'Android_DXT'
[2019.12.26-19.58.56:631][  0]LogTemp: Display: Module 'AndroidTargetPlatform' loaded TargetPlatform 'Android_ETC1'
[2019.12.26-19.58.56:631][  0]LogTemp: Display: Module 'AndroidTargetPlatform' loaded TargetPlatform 'Android_ETC1a'
[2019.12.26-19.58.56:631][  0]LogTemp: Display: Module 'AndroidTargetPlatform' loaded TargetPlatform 'Android_ETC2'
[2019.12.26-19.58.56:631][  0]LogTemp: Display: Module 'AndroidTargetPlatform' loaded TargetPlatform 'Android_PVRTC'
[2019.12.26-19.58.56:631][  0]LogTemp: Display: Module 'AndroidTargetPlatform' loaded TargetPlatform 'AndroidClient'
[2019.12.26-19.58.56:631][  0]LogTemp: Display: Module 'AndroidTargetPlatform' loaded TargetPlatform 'Android_ASTCClient'
[2019.12.26-19.58.56:631][  0]LogTemp: Display: Module 'AndroidTargetPlatform' loaded TargetPlatform 'Android_ATCClient'
[2019.12.26-19.58.56:631][  0]LogTemp: Display: Module 'AndroidTargetPlatform' loaded TargetPlatform 'Android_DXTClient'
[2019.12.26-19.58.56:631][  0]LogTemp: Display: Module 'AndroidTargetPlatform' loaded TargetPlatform 'Android_ETC1Client'
[2019.12.26-19.58.56:631][  0]LogTemp: Display: Module 'AndroidTargetPlatform' loaded TargetPlatform 'Android_ETC1aClient'
[2019.12.26-19.58.56:631][  0]LogTemp: Display: Module 'AndroidTargetPlatform' loaded TargetPlatform 'Android_ETC2Client'
[2019.12.26-19.58.56:631][  0]LogTemp: Display: Module 'AndroidTargetPlatform' loaded TargetPlatform 'Android_PVRTCClient'
[2019.12.26-19.58.56:631][  0]LogTemp: Display: Module 'AndroidTargetPlatform' loaded TargetPlatform 'Android_Multi'
[2019.12.26-19.58.56:631][  0]LogTemp: Display: Module 'AndroidTargetPlatform' loaded TargetPlatform 'Android_MultiClient'
[2019.12.26-19.58.56:636][  0]LogTemp: Display: Module 'HTML5TargetPlatform' loaded TargetPlatform 'HTML5'
[2019.12.26-19.58.56:679][  0]LogTemp: Display: Module 'IOSTargetPlatform' loaded TargetPlatform 'IOSClient'
[2019.12.26-19.58.56:679][  0]LogTemp: Display: Module 'IOSTargetPlatform' loaded TargetPlatform 'IOS'
[2019.12.26-19.58.56:718][  0]LogTemp: Display: Module 'TVOSTargetPlatform' loaded TargetPlatform 'TVOSClient'
[2019.12.26-19.58.56:718][  0]LogTemp: Display: Module 'TVOSTargetPlatform' loaded TargetPlatform 'TVOS'
[2019.12.26-19.58.56:740][  0]LogTemp: Display: Module 'LinuxClientTargetPlatform' loaded TargetPlatform 'LinuxClient'
[2019.12.26-19.58.56:757][  0]LogTemp: Display: Module 'LinuxNoEditorTargetPlatform' loaded TargetPlatform 'LinuxNoEditor'
[2019.12.26-19.58.56:774][  0]LogTemp: Display: Module 'LinuxServerTargetPlatform' loaded TargetPlatform 'LinuxServer'
[2019.12.26-19.58.56:799][  0]LogTemp: Display: Module 'LinuxTargetPlatform' loaded TargetPlatform 'Linux'
[2019.12.26-19.58.56:851][  0]LogTemp: Display: Module 'LuminTargetPlatform' loaded TargetPlatform 'Lumin'
[2019.12.26-19.58.56:851][  0]LogTemp: Display: Module 'LuminTargetPlatform' loaded TargetPlatform 'LuminClient'
[2019.12.26-19.58.56:851][  0]LogTargetPlatformManager: Display: Building Assets For Windows
[2019.12.26-19.58.56:874][  0]LogAudioDebug: Display: Lib vorbis DLL was dynamically loaded.
[2019.12.26-19.58.57:051][  0]LogShaderCompilers: Guid format shader working directory is -15 characters bigger than the processId version (../../../../../../Users/MA/Desktop/Vadim/Univer/AKG/MyGame/Intermediate/Shaders/WorkingDirectory/9764/).
[2019.12.26-19.58.57:051][  0]LogShaderCompilers: Cleaned the shader compiler working directory 'C:/Users/MA/AppData/Local/Temp/UnrealShaderWorkingDir/A5C597A14BC190F7747E0CA76CD0D9A7/'.
[2019.12.26-19.58.57:064][  0]LogXGEController: Cleaning working directory: C:/Users/MA/AppData/Local/Temp/UnrealXGEWorkingDir/
[2019.12.26-19.58.57:065][  0]LogXGEController: Cannot use XGE Controller as Incredibuild is not installed on this machine.
[2019.12.26-19.58.57:065][  0]LogShaderCompilers: Cannot use XGE Shader Compiler as Incredibuild is not installed on this machine.
[2019.12.26-19.58.57:065][  0]LogShaderCompilers: Display: Using Local Shader Compiler.
[2019.12.26-19.58.58:960][  0]LogDerivedDataCache: Display: Max Cache Size: 512 MB
[2019.12.26-19.58.59:096][  0]LogDerivedDataCache: Loaded boot cache 0.14s 74MB C:/Users/MA/AppData/Local/UnrealEngine/4.23/DerivedDataCache/Boot.ddc.
[2019.12.26-19.58.59:097][  0]LogDerivedDataCache: Display: Loaded Boot cache: C:/Users/MA/AppData/Local/UnrealEngine/4.23/DerivedDataCache/Boot.ddc
[2019.12.26-19.58.59:097][  0]LogDerivedDataCache: FDerivedDataBackendGraph:  Pak pak cache file ../../../../../../Users/MA/Desktop/Vadim/Univer/AKG/MyGame/DerivedDataCache/DDC.ddp not found, will not use a pak cache.
[2019.12.26-19.58.59:097][  0]LogDerivedDataCache: Unable to find inner node Pak for hierarchical cache Hierarchy.
[2019.12.26-19.58.59:097][  0]LogDerivedDataCache: FDerivedDataBackendGraph:  CompressedPak pak cache file ../../../../../../Users/MA/Desktop/Vadim/Univer/AKG/MyGame/DerivedDataCache/Compressed.ddp not found, will not use a pak cache.
[2019.12.26-19.58.59:097][  0]LogDerivedDataCache: Unable to find inner node CompressedPak for hierarchical cache Hierarchy.
[2019.12.26-19.58.59:119][  0]LogDerivedDataCache: Display: Pak cache opened for reading ../../../Engine/DerivedDataCache/Compressed.ddp.
[2019.12.26-19.58.59:124][  0]LogDerivedDataCache: Display: Pak cache opened for reading ../../../Enterprise/DerivedDataCache/Compressed.ddp.
[2019.12.26-19.58.59:126][  0]LogDerivedDataCache: Using Local data cache path C:/Users/MA/AppData/Local/UnrealEngine/Common/DerivedDataCache: Writable
[2019.12.26-19.58.59:126][  0]LogDerivedDataCache: Shared data cache path not found in *engine.ini, will not use an Shared cache.
[2019.12.26-19.58.59:126][  0]LogDerivedDataCache: Unable to find inner node Shared for hierarchical cache Hierarchy.
[2019.12.26-19.58.59:163][  0]LogMaterial: Verifying Global Shaders for PCD3D_SM5
[2019.12.26-19.58.59:167][  0]LogSlate: Using FreeType 2.6.0
[2019.12.26-19.58.59:173][  0]LogSlate: SlateFontServices - WITH_FREETYPE: 1, WITH_HARFBUZZ: 1
[2019.12.26-19.58.59:586][  0]LogAssetRegistry: FAssetRegistry took 0.0039 seconds to start up
[2019.12.26-19.59.00:207][  0]LogInit: Selected Device Profile: [Windows]
[2019.12.26-19.59.00:573][  0]LogMeshReduction: Using QuadricMeshReduction for automatic static mesh reduction
[2019.12.26-19.59.00:573][  0]LogMeshReduction: Using SimplygonMeshReduction for automatic skeletal mesh reduction
[2019.12.26-19.59.00:573][  0]LogMeshReduction: Using ProxyLODMeshReduction for automatic mesh merging
[2019.12.26-19.59.00:573][  0]LogMeshReduction: No distributed automatic mesh merging module available
[2019.12.26-19.59.00:573][  0]LogMeshMerging: No distributed automatic mesh merging module available
[2019.12.26-19.59.00:592][  0]LogNetVersion: MyGame 1.0.0, NetCL: 8386587, EngineNetVer: 11, GameNetVer: 0 (Checksum: 4240746401)
[2019.12.26-19.59.01:622][  0]LogPackageLocalizationCache: Processed 18 localized package path(s) for 1 prioritized culture(s) in 0.107446 seconds
[2019.12.26-19.59.01:631][  0]LogUObjectArray: 43444 objects as part of root set at end of initial load.
[2019.12.26-19.59.01:631][  0]LogUObjectAllocator: 7548648 out of 0 bytes used by permanent object pool.
[2019.12.26-19.59.01:631][  0]LogUObjectArray: CloseDisregardForGC: 0/0 objects in disregard for GC pool
[2019.12.26-19.59.06:699][  0]LogTcpMessaging: Initializing TcpMessaging bridge
[2019.12.26-19.59.06:707][  0]LogUdpMessaging: Initializing bridge on interface 0.0.0.0:0 to multicast group 230.0.0.1:6666.
[2019.12.26-19.59.06:883][  0]SourceControl: Source control is disabled
[2019.12.26-19.59.06:883][  0]SourceControl: Source control is disabled
[2019.12.26-19.59.06:889][  0]SourceControl: Source control is disabled
[2019.12.26-19.59.06:893][  0]SourceControl: Source control is disabled
[2019.12.26-19.59.07:587][  0]LogAndroidPermission: UAndroidPermissionCallbackProxy::GetInstance
[2019.12.26-19.59.07:857][  0]LogOcInput: OculusInput pre-init called
[2019.12.26-19.59.07:886][  0]LogWindows: Failed to load 'OVRPlugin.dll' (GetLastError=126)
[2019.12.26-19.59.07:886][  0]LogWindows: File 'OVRPlugin.dll' does not exist
[2019.12.26-19.59.13:081][  0]LogEngine: Initializing Engine...
[2019.12.26-19.59.13:083][  0]LogHMD: Failed to initialize OpenVR with code 110
[2019.12.26-19.59.13:086][  0]LogStats: UGameplayTagsManager::InitializeManager -  0.002 s
[2019.12.26-19.59.13:850][  0]LogInit: Initializing FReadOnlyCVARCache
[2019.12.26-19.59.13:891][  0]LogAIModule: Creating AISystem for world Untitled
[2019.12.26-19.59.13:923][  0]LogInit: XAudio2 using 'Наушники (Наушники AirPods (Вадим) Stereo)' : 2 channels at 44.1 kHz using 16 bits per sample (channel mask 0x3)
[2019.12.26-19.59.14:105][  0]LogInit: FAudioDevice initialized.
[2019.12.26-19.59.14:108][  0]LogNetVersion: Set ProjectVersion to 1.0.0.0. Version Checksum will be recalculated on next use.
[2019.12.26-19.59.14:214][  0]LogDerivedDataCache: Saved boot cache 0.11s 74MB C:/Users/MA/AppData/Local/UnrealEngine/4.23/DerivedDataCache/Boot.ddc.
[2019.12.26-19.59.14:215][  0]LogInit: Texture streaming: Enabled
[2019.12.26-19.59.14:259][  0]LogEngineSessionManager: EngineSessionManager initialized
[2019.12.26-19.59.14:259][  0]LogEditorSessionSummary: Verbose: Initializing EditorSessionSummaryWriter for editor session tracking
[2019.12.26-19.59.14:260][  0]LogEditorSessionSummary: EditorSessionSummaryWriter initialized
[2019.12.26-19.59.14:395][  0]LogInit: Transaction tracking system initialized
[2019.12.26-19.59.14:509][  0]BlueprintLog: New page: Editor Load
[2019.12.26-19.59.14:728][  0]LocalizationService: Localization service is disabled
[2019.12.26-19.59.15:591][  0]LogCook: Display: Max memory allowance for cook 16384mb min free memory 0mb
[2019.12.26-19.59.15:592][  0]LogCook: Display: Mobile HDR setting 1
[2019.12.26-19.59.15:940][  0]LogFileCache: Scanning file cache for directory 'C:/Users/MA/Desktop/Vadim/Univer/AKG/MyGame/Content/' took 0.06s
[2019.12.26-19.59.18:589][  0]SourceControl: Source control is disabled
[2019.12.26-19.59.18:589][  0]Cmd: MAP LOAD FILE="../../../../../../Users/MA/Desktop/Vadim/Univer/AKG/MyGame/Content/StarterContent/Maps/Minimal_Default.umap" TEMPLATE=0 SHOWPROGRESS=1 FEATURELEVEL=3
[2019.12.26-19.59.18:589][  0]LightingResults: New page: Lighting Build
[2019.12.26-19.59.18:595][  0]LogWorld: UWorld::CleanupWorld for Untitled, bSessionEnded=true, bCleanupResources=true
[2019.12.26-19.59.18:596][  0]MapCheck: New page: Map Check
[2019.12.26-19.59.18:596][  0]LightingResults: New page: Lighting Build
[2019.12.26-19.59.18:623][  0]LogUObjectHash: Compacting FUObjectHashTables data took   1.91ms
[2019.12.26-19.59.22:061][  0]LogAIModule: Creating AISystem for world Minimal_Default
[2019.12.26-19.59.22:156][  0]LogEditorServer: Finished looking for orphan Actors (0.000 secs)
[2019.12.26-19.59.22:222][  0]LogUObjectHash: Compacting FUObjectHashTables data took   3.23ms
[2019.12.26-19.59.22:222][  0]Cmd: MAP CHECKDEP NOCLEARLOG
[2019.12.26-19.59.22:222][  0]MapCheck: Map check complete: 0 Error(s), 0 Warning(s), took 0,244ms to complete.
[2019.12.26-19.59.22:222][  0]LogFileHelpers: Loading map 'Minimal_Default' took 3.634
[2019.12.26-19.59.22:479][  0]LogSlate: Updating window title bar state: overlay mode, drag disabled, window buttons hidden, title bar hidden
[2019.12.26-19.59.22:489][  0]LogSlate: Updating window title bar state: overlay mode, drag disabled, window buttons hidden, title bar hidden
[2019.12.26-19.59.22:499][  0]LogSlate: Updating window title bar state: overlay mode, drag disabled, window buttons hidden, title bar hidden
[2019.12.26-19.59.22:513][  0]LogSlate: Updating window title bar state: overlay mode, drag disabled, window buttons hidden, title bar hidden
[2019.12.26-19.59.22:553][  0]LogCollectionManager: Loaded 0 collections in 0.002870 seconds
[2019.12.26-19.59.22:566][  0]LogFileCache: Scanning file cache for directory 'C:/Users/MA/Desktop/Vadim/Univer/AKG/MyGame/Saved/Collections/' took 0.00s
[2019.12.26-19.59.22:566][  0]LogFileCache: Scanning file cache for directory 'C:/Users/MA/Desktop/Vadim/Univer/AKG/MyGame/Content/Developers/MA/Collections/' took 0.00s
[2019.12.26-19.59.22:566][  0]LogFileCache: Scanning file cache for directory 'C:/Users/MA/Desktop/Vadim/Univer/AKG/MyGame/Content/Collections/' took 0.00s
[2019.12.26-19.59.22:566][  0]LogCollectionManager: Rebuilt the GUID cache for 0 collections in 0.000003 seconds
[2019.12.26-19.59.22:588][  0]LogContentBrowser: Native class hierarchy populated in 0.0206 seconds. Added 3045 classes and 765 folders.
[2019.12.26-19.59.22:609][  0]LogContentBrowser: Native class hierarchy updated for 'WidgetCarousel' in 0.0003 seconds. Added 0 classes and 0 folders.
[2019.12.26-19.59.23:037][  0]LogContentBrowser: Native class hierarchy updated for 'AddContentDialog' in 0.0003 seconds. Added 0 classes and 0 folders.
[2019.12.26-19.59.23:173][  0]LogSlate: Took 0.004794 seconds to synchronously load lazily loaded font '../../../Engine/Content/Slate/Fonts/Roboto-Regular.ttf' (155K)
[2019.12.26-19.59.23:179][  0]LogSlate: Took 0.002298 seconds to synchronously load lazily loaded font '../../../Engine/Content/Slate/Fonts/Roboto-Bold.ttf' (160K)
[2019.12.26-19.59.23:193][  0]LogSlate: Took 0.001852 seconds to synchronously load lazily loaded font '../../../Engine/Content/Editor/Slate/Fonts/FontAwesome.ttf' (139K)
[2019.12.26-19.59.23:372][  0]LogRenderer: Reallocating scene render targets to support 1156x744 Format 10 NumSamples 1 (Frame:1).
[2019.12.26-19.59.24:087][  0]LogSlate: Took 0.002153 seconds to synchronously load lazily loaded font '../../../Engine/Content/Slate/Fonts/Roboto-Light.ttf' (167K)
[2019.12.26-19.59.24:349][  0]LogContentBrowser: Native class hierarchy updated for 'HierarchicalLODOutliner' in 0.0004 seconds. Added 0 classes and 0 folders.
[2019.12.26-19.59.24:350][  0]LogLoad: (Engine Initialization) Total time: 39.44 seconds
[2019.12.26-19.59.24:350][  0]LogLoad: (Engine Initialization) Total Blueprint compile time: 0.00 seconds
[2019.12.26-19.59.24:432][  0]LogContentStreaming: Texture pool size now 1000 MB
[2019.12.26-19.59.25:791][  6]LogSlate: Took 0.000331 seconds to synchronously load lazily loaded font '../../../Engine/Content/Slate/Fonts/Roboto-Light.ttf' (167K)
[2019.12.26-19.59.25:968][  9]LogAssetRegistry: Asset discovery search completed in 26.3825 seconds
[2019.12.26-19.59.25:972][  9]LogCollectionManager: Rebuilt the object cache for 0 collections in 0.000005 seconds (found 0 objects)
[2019.12.26-19.59.25:972][  9]LogCollectionManager: Fixed up redirectors for 0 collections in 0.000068 seconds (updated 0 objects)
[2019.12.26-19.59.31:022][117]LogSlate: FSceneViewport::OnFocusLost() reason 0
[2019.12.26-19.59.33:073][155]LogSlate: FSceneViewport::OnFocusLost() reason 0
[2019.12.26-19.59.35:604][198]LogWindowsTextInputMethodSystem: Display: IME system now deactivated.
[2019.12.26-19.59.35:604][198]LogWindowsTextInputMethodSystem: Display: IME system now deactivated.
[2019.12.26-20.00.19:919][421]LogAssetEditorManager: Opening Asset editor for WidgetBlueprint /Game/Options/Options_WB.Options_WB
[2019.12.26-20.00.20:321][421]LogContentBrowser: Native class hierarchy updated for 'BlueprintGraph' in 0.0007 seconds. Added 121 classes and 0 folders.
[2019.12.26-20.00.21:765][421]LogSlate: Took 0.005314 seconds to synchronously load lazily loaded font '../../../Engine/Content/Slate/Fonts/Roboto-BoldCondensed.ttf' (158K)
[2019.12.26-20.00.24:367][679]LogEditorSessionSummary: EditorSessionSummary sent report. Type=Shutdown, SessionId={36A34DCA-43D8-66EA-D8A4-8EBDBD952046}
[2019.12.26-20.00.30:560][165]LogAssetEditorManager: Opening Asset editor for WidgetBlueprint /Game/Options/Settings_WB.Settings_WB
[2019.12.26-20.00.33:680][392]LogSlate: Took 0.007966 seconds to synchronously load lazily loaded font '../../../Engine/Content/Slate/Fonts/DroidSansFallback.ttf' (3848K)
[2019.12.26-20.01.01:454][219]LogSlate: Took 0.002484 seconds to synchronously load lazily loaded font '../../../Engine/Content/Slate/Fonts/Roboto-Italic.ttf' (157K)
[2019.12.26-20.40.16:247][861]LogWindowsTextInputMethodSystem: Display: IME system now deactivated.
[2019.12.26-20.40.16:247][861]LogWindowsTextInputMethodSystem: Display: IME system now deactivated.
[2019.12.26-20.40.23:580][206]LogUObjectHash: Compacting FUObjectHashTables data took   9.77ms
[2019.12.26-20.42.34:951][881]LogInit: XAudio2 using 'Наушники (Наушники AirPods (Вадим) Stereo)' : 2 channels at 44.1 kHz using 16 bits per sample (channel mask 0x3)
[2019.12.26-20.49.44:018][884]LogAudio: Warning: Current Audio Device with ID {0.0.0.00000000}.{ce62d4ba-633f-4651-a18e-d9d5ad0d597f} was removed. Shutting down audio device.
[2019.12.26-20.49.44:018][884]LogInit: XAudio2 using 'Громкоговоритель и наушники (Realtek High Definition Audio)' : 2 channels at 48 kHz using 32 bits per sample (channel mask 0x3)
[2019.12.26-20.49.49:639][900]LogWindowsTextInputMethodSystem: Display: IME system now deactivated.
[2019.12.26-20.49.49:639][900]LogWindowsTextInputMethodSystem: Display: IME system now deactivated.
[2019.12.26-20.49.55:528][225]LogUObjectHash: Compacting FUObjectHashTables data took   4.78ms
[2019.12.26-20.50.07:824][956]LogUObjectHash: Compacting FUObjectHashTables data took   1.31ms
[2019.12.26-20.50.08:185][956]LogWorld: UWorld::CleanupWorld for World_9, bSessionEnded=true, bCleanupResources=true
[2019.12.26-20.50.08:240][956]LogWorld: UWorld::CleanupWorld for World_8, bSessionEnded=true, bCleanupResources=true
[2019.12.26-20.50.08:327][956]LogWorld: UWorld::CleanupWorld for World_11, bSessionEnded=true, bCleanupResources=true
[2019.12.26-20.50.08:371][956]LogWorld: UWorld::CleanupWorld for World_10, bSessionEnded=true, bCleanupResources=true
[2019.12.26-20.50.08:429][956]LogSlate: Window 'MyGame - Unreal Editor' being destroyed
[2019.12.26-20.50.08:804][957]Cmd: QUIT_EDITOR
[2019.12.26-20.50.08:899][957]LogWindowsTextInputMethodSystem: Display: IME system now deactivated.
[2019.12.26-20.50.08:925][957]LogExit: Preparing to exit.
[2019.12.26-20.50.09:508][957]LogWorld: UWorld::CleanupWorld for World_0, bSessionEnded=true, bCleanupResources=true
[2019.12.26-20.50.09:513][957]LogWorld: UWorld::CleanupWorld for World_2, bSessionEnded=true, bCleanupResources=true
[2019.12.26-20.50.09:516][957]LogWorld: UWorld::CleanupWorld for World_3, bSessionEnded=true, bCleanupResources=true
[2019.12.26-20.50.09:520][957]LogWorld: UWorld::CleanupWorld for World_4, bSessionEnded=true, bCleanupResources=true
[2019.12.26-20.50.09:524][957]LogWorld: UWorld::CleanupWorld for World_7, bSessionEnded=true, bCleanupResources=true
[2019.12.26-20.50.09:540][957]LogWorld: UWorld::CleanupWorld for World_1, bSessionEnded=true, bCleanupResources=true
[2019.12.26-20.50.09:551][957]LogWorld: UWorld::CleanupWorld for World_5, bSessionEnded=true, bCleanupResources=true
[2019.12.26-20.50.09:555][957]LogWorld: UWorld::CleanupWorld for World_6, bSessionEnded=true, bCleanupResources=true
[2019.12.26-20.50.09:559][957]LogWorld: UWorld::CleanupWorld for World_12, bSessionEnded=true, bCleanupResources=true
[2019.12.26-20.50.09:564][957]LogWorld: UWorld::CleanupWorld for World_13, bSessionEnded=true, bCleanupResources=true
[2019.12.26-20.50.09:579][957]LogWorld: UWorld::CleanupWorld for World_14, bSessionEnded=true, bCleanupResources=true
[2019.12.26-20.50.09:712][957]LogDemo: Cleaned up 0 splitscreen connections with owner deletion
[2019.12.26-20.50.09:754][957]LogWorld: UWorld::CleanupWorld for None, bSessionEnded=true, bCleanupResources=true
[2019.12.26-20.50.09:755][957]LogExit: Editor shut down
[2019.12.26-20.50.09:761][957]LogExit: Transaction tracking system shut down
[2019.12.26-20.50.10:816][957]LogExit: Object subsystem successfully closed.
[2019.12.26-20.50.10:859][957]LogShaderCompilers: Display: Shaders left to compile 0
[2019.12.26-20.50.11:032][957]LogModuleManager: Shutting down and abandoning module SequencerWidgets (732)
[2019.12.26-20.50.11:032][957]LogModuleManager: Shutting down and abandoning module BlueprintGraph (730)
[2019.12.26-20.50.11:032][957]LogModuleManager: Shutting down and abandoning module HierarchicalLODOutliner (728)
[2019.12.26-20.50.11:032][957]LogModuleManager: Shutting down and abandoning module AddContentDialog (726)
[2019.12.26-20.50.11:033][957]LogModuleManager: Shutting down and abandoning module WidgetCarousel (725)
[2019.12.26-20.50.11:033][957]LogModuleManager: Shutting down and abandoning module EditorWidgets (722)
[2019.12.26-20.50.11:033][957]LogModuleManager: Shutting down and abandoning module CollectionManager (720)
[2019.12.26-20.50.11:034][957]LogModuleManager: Shutting down and abandoning module SceneOutliner (718)
[2019.12.26-20.50.11:034][957]LogModuleManager: Shutting down and abandoning module StatsViewer (716)
[2019.12.26-20.50.11:036][957]LogModuleManager: Shutting down and abandoning module VirtualTexturingEditor (714)
[2019.12.26-20.50.11:036][957]LogModuleManager: Shutting down and abandoning module FoliageEdit (712)
[2019.12.26-20.50.11:037][957]LogModuleManager: Shutting down and abandoning module LandscapeEditor (710)
[2019.12.26-20.50.11:041][957]LogModuleManager: Shutting down and abandoning module MeshPaintMode (708)
[2019.12.26-20.50.11:042][957]LogModuleManager: Shutting down and abandoning module SceneDepthPickerMode (706)
[2019.12.26-20.50.11:042][957]LogModuleManager: Shutting down and abandoning module ActorPickerMode (704)
[2019.12.26-20.50.11:042][957]LogModuleManager: Shutting down and abandoning module GeometryMode (702)
[2019.12.26-20.50.11:042][957]LogModuleManager: Shutting down and abandoning module TextureAlignMode (700)
[2019.12.26-20.50.11:042][957]LogModuleManager: Shutting down and abandoning module BspMode (698)
[2019.12.26-20.50.11:042][957]LogModuleManager: Shutting down and abandoning module PIEPreviewDeviceProfileSelector (696)
[2019.12.26-20.50.11:046][957]LogModuleManager: Shutting down and abandoning module SequenceRecorderSections (694)
[2019.12.26-20.50.11:047][957]LogModuleManager: Shutting down and abandoning module AutomationWorker (692)
[2019.12.26-20.50.11:048][957]LogModuleManager: Shutting down and abandoning module DatasmithFBXImporter (690)
[2019.12.26-20.50.11:049][957]LogModuleManager: Shutting down and abandoning module DatasmithDeltaGenImporter (688)
[2019.12.26-20.50.11:051][957]LogModuleManager: Shutting down and abandoning module DatasmithVREDImporter (686)
[2019.12.26-20.50.11:051][957]LogModuleManager: Shutting down and abandoning module OculusMR (684)
[2019.12.26-20.50.11:052][957]LogModuleManager: Shutting down and abandoning module AudioCaptureEditor (682)
[2019.12.26-20.50.11:052][957]LogModuleManager: Shutting down and abandoning module MatineeToLevelSequence (680)
[2019.12.26-20.50.11:053][957]LogModuleManager: Shutting down and abandoning module LevelSequenceEditor (678)
[2019.12.26-20.50.11:056][957]LogModuleManager: Shutting down and abandoning module PlacementMode (677)
[2019.12.26-20.50.11:056][957]LogModuleManager: Shutting down and abandoning module MaterialEditor (676)
[2019.12.26-20.50.11:058][957]LogModuleManager: Shutting down and abandoning module ActorSequenceEditor (672)
[2019.12.26-20.50.11:059][957]LogModuleManager: Shutting down and abandoning module WmfMediaFactory (670)
[2019.12.26-20.50.11:059][957]LogModuleManager: Shutting down and abandoning module WmfMediaEditor (668)
[2019.12.26-20.50.11:059][957]LogModuleManager: Shutting down and abandoning module WebMMediaFactory (666)
[2019.12.26-20.50.11:059][957]LogModuleManager: Shutting down and abandoning module WebMMediaEditor (664)
[2019.12.26-20.50.11:059][957]LogModuleManager: Shutting down and abandoning module WebMMedia (662)
[2019.12.26-20.50.11:060][957]LogModuleManager: Shutting down and abandoning module MediaPlayerEditor (660)
[2019.12.26-20.50.11:061][957]LogModuleManager: Shutting down and abandoning module MediaCompositingEditor (658)
[2019.12.26-20.50.11:063][957]LogModuleManager: Shutting down and abandoning module SequenceRecorder (657)
[2019.12.26-20.50.11:063][957]LogModuleManager: Shutting down and abandoning module OpenExrWrapper (654)
[2019.12.26-20.50.11:063][957]LogModuleManager: Shutting down and abandoning module ImgMediaFactory (652)
[2019.12.26-20.50.11:064][957]LogModuleManager: Shutting down and abandoning module ImgMediaEditor (650)
[2019.12.26-20.50.11:064][957]LogModuleManager: Shutting down and abandoning module AvfMediaFactory (648)
[2019.12.26-20.50.11:064][957]LogModuleManager: Shutting down and abandoning module AvfMediaEditor (646)
[2019.12.26-20.50.11:064][957]LogModuleManager: Shutting down and abandoning module AndroidMediaFactory (644)
[2019.12.26-20.50.11:065][957]LogModuleManager: Shutting down and abandoning module AndroidMediaEditor (642)
[2019.12.26-20.50.11:065][957]LogModuleManager: Shutting down and abandoning module MagicLeapCameraPreviewFactory (640)
[2019.12.26-20.50.11:065][957]LogModuleManager: Shutting down and abandoning module MagicLeapMediaCodecFactory (638)
[2019.12.26-20.50.11:065][957]LogModuleManager: Shutting down and abandoning module MagicLeapMediaFactory (636)
[2019.12.26-20.50.11:065][957]LogModuleManager: Shutting down and abandoning module MagicLeapMediaEditor (634)
[2019.12.26-20.50.11:065][957]LogModuleManager: Shutting down and abandoning module CharacterAI (632)
[2019.12.26-20.50.11:065][957]LogModuleManager: Shutting down and abandoning module SmartSnapping (630)
[2019.12.26-20.50.11:065][957]LogModuleManager: Shutting down and abandoning module SessionServices (628)
[2019.12.26-20.50.11:065][957]LogModuleManager: Shutting down and abandoning module MeshPaint (626)
[2019.12.26-20.50.11:066][957]LogModuleManager: Shutting down and abandoning module ViewportSnapping (624)
[2019.12.26-20.50.11:066][957]LogModuleManager: Shutting down and abandoning module ViewportInteraction (622)
[2019.12.26-20.50.11:066][957]LogModuleManager: Shutting down and abandoning module ClothPainter (620)
[2019.12.26-20.50.11:068][957]LogModuleManager: Shutting down and abandoning module SkeletalMeshEditor (619)
[2019.12.26-20.50.11:071][957]LogModuleManager: Shutting down and abandoning module LogVisualizer (616)
[2019.12.26-20.50.11:074][957]LogModuleManager: Shutting down and abandoning module IntroTutorials (614)
[2019.12.26-20.50.11:075][957]LogModuleManager: Shutting down and abandoning module GameProjectGeneration (613)
[2019.12.26-20.50.11:076][957]LogModuleManager: Shutting down and abandoning module LuminPlatformEditor (610)
[2019.12.26-20.50.11:076][957]LogModuleManager: Shutting down and abandoning module IOSPlatformEditor (608)
[2019.12.26-20.50.11:077][957]LogModuleManager: Shutting down and abandoning module HTML5PlatformEditor (606)
[2019.12.26-20.50.11:077][957]LogModuleManager: Shutting down and abandoning module AndroidPlatformEditor (604)
[2019.12.26-20.50.11:077][957]LogModuleManager: Shutting down and abandoning module AndroidDeviceDetection (603)
[2019.12.26-20.50.11:265][957]LogModuleManager: Shutting down and abandoning module WindowsPlatformEditor (600)
[2019.12.26-20.50.11:265][957]LogModuleManager: Shutting down and abandoning module LuminRuntimeSettings (598)
[2019.12.26-20.50.11:265][957]LogModuleManager: Shutting down and abandoning module IOSRuntimeSettings (596)
[2019.12.26-20.50.11:265][957]LogModuleManager: Shutting down and abandoning module AndroidRuntimeSettings (594)
[2019.12.26-20.50.11:265][957]LogModuleManager: Shutting down and abandoning module TimeManagementEditor (592)
[2019.12.26-20.50.11:267][957]LogModuleManager: Shutting down and abandoning module InputBindingEditor (590)
[2019.12.26-20.50.11:268][957]LogModuleManager: Shutting down and abandoning module MergeActors (588)
[2019.12.26-20.50.11:271][957]LogModuleManager: Shutting down and abandoning module LocalizationDashboard (586)
[2019.12.26-20.50.11:275][957]LogModuleManager: Shutting down and abandoning module LocalizationService (585)
[2019.12.26-20.50.11:275][957]LogModuleManager: Shutting down and abandoning module HardwareTargeting (582)
[2019.12.26-20.50.11:275][957]LogModuleManager: Shutting down and abandoning module DeviceProfileEditor (580)
[2019.12.26-20.50.11:276][957]LogModuleManager: Shutting down and abandoning module UndoHistory (578)
[2019.12.26-20.50.11:277][957]LogModuleManager: Shutting down and abandoning module XmlParser (576)
[2019.12.26-20.50.11:277][957]LogModuleManager: Shutting down and abandoning module Blutility (574)
[2019.12.26-20.50.11:277][957]LogModuleManager: Shutting down and abandoning module ProjectSettingsViewer (572)
[2019.12.26-20.50.11:277][957]LogModuleManager: Shutting down and abandoning module ProjectTargetPlatformEditor (571)
[2019.12.26-20.50.11:278][957]LogModuleManager: Shutting down and abandoning module EditorSettingsViewer (568)
[2019.12.26-20.50.11:279][957]LogModuleManager: Shutting down and abandoning module SettingsEditor (566)
[2019.12.26-20.50.11:280][957]LogModuleManager: Shutting down and abandoning module ProjectLauncher (564)
[2019.12.26-20.50.11:281][957]LogModuleManager: Shutting down and abandoning module SessionFrontend (562)
[2019.12.26-20.50.11:281][957]LogModuleManager: Shutting down and abandoning module ProfilerClient (560)
[2019.12.26-20.50.11:282][957]LogModuleManager: Shutting down and abandoning module DeviceManager (558)
[2019.12.26-20.50.11:283][957]LogModuleManager: Shutting down and abandoning module TargetDeviceServices (557)
[2019.12.26-20.50.11:327][957]LogModuleManager: Shutting down and abandoning module AutomationController (554)
[2019.12.26-20.50.11:328][957]LogModuleManager: Shutting down and abandoning module AutomationWindow (552)
[2019.12.26-20.50.11:329][957]LogModuleManager: Shutting down and abandoning module Layers (550)
[2019.12.26-20.50.11:332][957]LogModuleManager: Shutting down and abandoning module ComponentVisualizers (548)
[2019.12.26-20.50.11:332][957]LogModuleManager: Shutting down and abandoning module DetailCustomizations (546)
[2019.12.26-20.50.11:333][957]LogModuleManager: Shutting down and abandoning module PackagesDialog (544)
[2019.12.26-20.50.11:334][957]LogModuleManager: Shutting down and abandoning module AnimationBlueprintEditor (542)
[2019.12.26-20.50.11:336][957]LogModuleManager: Shutting down and abandoning module Persona (540)
[2019.12.26-20.50.11:339][957]LogModuleManager: Shutting down and abandoning module AnimGraph (539)
[2019.12.26-20.50.11:339][957]LogModuleManager: Shutting down and abandoning module Kismet (536)
[2019.12.26-20.50.11:346][957]LogModuleManager: Shutting down and abandoning module KismetWidgets (535)
[2019.12.26-20.50.11:346][957]LogModuleManager: Shutting down and abandoning module GraphEditor (532)
[2019.12.26-20.50.11:347][957]LogModuleManager: Shutting down and abandoning module StructViewer (530)
[2019.12.26-20.50.11:347][957]LogModuleManager: Shutting down and abandoning module ClassViewer (528)
[2019.12.26-20.50.11:347][957]LogModuleManager: Shutting down and abandoning module Toolbox (526)
[2019.12.26-20.50.11:347][957]LogModuleManager: Shutting down and abandoning module ModuleUI (524)
[2019.12.26-20.50.11:347][957]LogModuleManager: Shutting down and abandoning module MovieSceneTools (522)
[2019.12.26-20.50.11:349][957]LogModuleManager: Shutting down and abandoning module OutputLog (520)
[2019.12.26-20.50.11:350][957]LogModuleManager: Shutting down and abandoning module GammaUI (518)
[2019.12.26-20.50.11:351][957]LogModuleManager: Shutting down and abandoning module Documentation (516)
[2019.12.26-20.50.11:351][957]LogModuleManager: Shutting down and abandoning module LiveCoding (514)
[2019.12.26-20.50.11:352][957]LogModuleManager: Shutting down and abandoning module LevelSequence (512)
[2019.12.26-20.50.11:353][957]LogModuleManager: Shutting down and abandoning module MovieSceneTracks (510)
[2019.12.26-20.50.11:353][957]LogModuleManager: Shutting down and abandoning module MovieScene (508)
[2019.12.26-20.50.11:353][957]LogModuleManager: Shutting down and abandoning module StreamingPauseRendering (506)
[2019.12.26-20.50.11:353][957]LogModuleManager: Shutting down and abandoning module LauncherPlatform (504)
[2019.12.26-20.50.11:353][957]LogModuleManager: Shutting down and abandoning module AnalyticsET (502)
[2019.12.26-20.50.11:353][957]LogModuleManager: Shutting down and abandoning module PortalServices (500)
[2019.12.26-20.50.11:353][957]LogModuleManager: Shutting down and abandoning module PortalRpc (498)
[2019.12.26-20.50.11:353][957]LogModuleManager: Shutting down and abandoning module MessagingRpc (496)
[2019.12.26-20.50.11:353][957]LogModuleManager: Shutting down and abandoning module AIModule (494)
[2019.12.26-20.50.11:353][957]LogModuleManager: Shutting down and abandoning module GameplayDebugger (493)
[2019.12.26-20.50.11:354][957]LogModuleManager: Shutting down and abandoning module AITestSuite (491)
[2019.12.26-20.50.11:354][957]LogModuleManager: Shutting down and abandoning module NavigationSystem (489)
[2019.12.26-20.50.11:354][957]LogModuleManager: Shutting down and abandoning module DesktopPlatform (486)
[2019.12.26-20.50.11:355][957]LogModuleManager: Shutting down and abandoning module ImageWriteQueue (484)
[2019.12.26-20.50.11:360][957]LogModuleManager: Shutting down and abandoning module ProfilerService (482)
[2019.12.26-20.50.11:447][957]LogModuleManager: Shutting down and abandoning module TaskGraph (480)
[2019.12.26-20.50.11:450][957]LogModuleManager: Shutting down and abandoning module DatasmithCADTranslator (478)
[2019.12.26-20.50.11:451][957]LogModuleManager: Shutting down and abandoning module DatasmithC4DImporter (476)
[2019.12.26-20.50.11:451][957]LogModuleManager: Shutting down and abandoning module VariantManager (474)
[2019.12.26-20.50.11:454][957]LogModuleManager: Shutting down and abandoning module StaticMeshEditorExtension (472)
[2019.12.26-20.50.11:456][957]LogModuleManager: Shutting down and abandoning module MeshProcessingLibrary (471)
[2019.12.26-20.50.11:456][957]LogModuleManager: Shutting down and abandoning module MDLImporter (468)
[2019.12.26-20.50.11:457][957]LogModuleManager: Shutting down and abandoning module DatasmithCoreTechExtension (466)
[2019.12.26-20.50.11:457][957]LogModuleManager: Shutting down and abandoning module StaticMeshEditor (465)
[2019.12.26-20.50.11:460][957]LogModuleManager: Shutting down and abandoning module AdvancedPreviewScene (464)
[2019.12.26-20.50.11:460][957]LogModuleManager: Shutting down and abandoning module DatasmithOpenNurbsTranslator (460)
[2019.12.26-20.50.11:461][957]LogModuleManager: Shutting down and abandoning module DatasmithNativeTranslator (458)
[2019.12.26-20.50.11:461][957]LogModuleManager: Shutting down and abandoning module DatasmithIFCImporter (456)
[2019.12.26-20.50.11:462][957]LogModuleManager: Shutting down and abandoning module DatasmithGLTFImporter (454)
[2019.12.26-20.50.11:463][957]LogModuleManager: Shutting down and abandoning module DatasmithImporter (453)
[2019.12.26-20.50.11:467][957]LogModuleManager: Shutting down and abandoning module ScreenshotTools (450)
[2019.12.26-20.50.11:467][957]LogModuleManager: Shutting down and abandoning module SteamVRController (448)
[2019.12.26-20.50.11:467][957]LogModuleManager: Shutting down and abandoning module ProceduralMeshComponentEditor (446)
[2019.12.26-20.50.11:467][957]LogModuleManager: Shutting down and abandoning module ProceduralMeshComponent (444)
[2019.12.26-20.50.11:468][957]LogModuleManager: Shutting down and abandoning module OculusEditor (442)
[2019.12.26-20.50.11:468][957]LogModuleManager: Shutting down and abandoning module OculusInput (440)
[2019.12.26-20.50.11:468][957]LogModuleManager: Shutting down and abandoning module MobilePatchingUtils (438)
[2019.12.26-20.50.11:468][957]LogModuleManager: Shutting down and abandoning module EditableMesh (436)
[2019.12.26-20.50.11:468][957]LogModuleManager: Shutting down and abandoning module CustomMeshComponent (434)
[2019.12.26-20.50.11:468][957]LogModuleManager: Shutting down and abandoning module CableComponent (432)
[2019.12.26-20.50.11:468][957]LogModuleManager: Shutting down and abandoning module AudioCapture (430)
[2019.12.26-20.50.11:468][957]LogModuleManager: Shutting down and abandoning module ArchVisCharacter (428)
[2019.12.26-20.50.11:468][957]LogModuleManager: Shutting down and abandoning module AppleImageUtilsBlueprintSupport (426)
[2019.12.26-20.50.11:468][957]LogModuleManager: Shutting down and abandoning module AppleImageUtils (424)
[2019.12.26-20.50.11:468][957]LogModuleManager: Shutting down and abandoning module AndroidPermission (422)
[2019.12.26-20.50.11:468][957]LogModuleManager: Shutting down and abandoning module NUTUnrealEngine4 (420)
[2019.12.26-20.50.11:469][957]LogModuleManager: Shutting down and abandoning module NetcodeUnitTest (418)
[2019.12.26-20.50.11:471][957]LogModuleManager: Shutting down and abandoning module MediaCompositing (416)
[2019.12.26-20.50.11:471][957]LogModuleManager: Shutting down and abandoning module ImgMedia (414)
[2019.12.26-20.50.11:472][957]LogModuleManager: Shutting down and abandoning module MagicLeapHelperVulkan (412)
[2019.12.26-20.50.11:472][957]LogModuleManager: Shutting down and abandoning module MagicLeapHelperOpenGL (410)
[2019.12.26-20.50.11:472][957]LogModuleManager: Shutting down and abandoning module MagicLeapAudio (408)
[2019.12.26-20.50.11:473][957]LogModuleManager: Shutting down and abandoning module HTML5Networking (406)
[2019.12.26-20.50.11:473][957]LogModuleManager: Shutting down and abandoning module GeometryCollectionTracks (404)
[2019.12.26-20.50.11:473][957]LogModuleManager: Shutting down and abandoning module GeometryCollectionSequencer (403)
[2019.12.26-20.50.11:473][957]LogModuleManager: Shutting down and abandoning module GeometryCollectionEditor (400)
[2019.12.26-20.50.11:474][957]LogModuleManager: Shutting down and abandoning module GeometryCollectionExampleCore (398)
[2019.12.26-20.50.11:475][957]LogModuleManager: Shutting down and abandoning module GeometryCacheTracks (396)
[2019.12.26-20.50.11:475][957]LogModuleManager: Shutting down and abandoning module GeometryCacheSequencer (394)
[2019.12.26-20.50.11:475][957]LogModuleManager: Shutting down and abandoning module DataprepLibraries (392)
[2019.12.26-20.50.11:475][957]LogModuleManager: Shutting down and abandoning module DataprepCore (390)
[2019.12.26-20.50.11:475][957]LogModuleManager: Shutting down and abandoning module DataprepEditor (388)
[2019.12.26-20.50.11:478][957]LogModuleManager: Shutting down and abandoning module ChaosSolverEditor (386)
[2019.12.26-20.50.11:478][957]LogModuleManager: Shutting down and abandoning module BlastCore (384)
[2019.12.26-20.50.11:478][957]LogModuleManager: Shutting down and abandoning module BlastAuthoring (382)
[2019.12.26-20.50.11:478][957]LogModuleManager: Shutting down and abandoning module BackChannel (380)
[2019.12.26-20.50.11:479][957]LogModuleManager: Shutting down and abandoning module AutomationUtilsEditor (378)
[2019.12.26-20.50.11:479][957]LogModuleManager: Shutting down and abandoning module AutomationUtils (376)
[2019.12.26-20.50.11:479][957]LogModuleManager: Shutting down and abandoning module AlembicImporter (374)
[2019.12.26-20.50.11:480][957]LogModuleManager: Shutting down and abandoning module AlembicLibrary (373)
[2019.12.26-20.50.11:480][957]LogModuleManager: Shutting down and abandoning module GeometryCache (372)
[2019.12.26-20.50.11:480][957]LogModuleManager: Shutting down and abandoning module GeometryCacheEd (371)
[2019.12.26-20.50.11:481][957]LogModuleManager: Shutting down and abandoning module VariantManagerContent (366)
[2019.12.26-20.50.11:481][957]LogModuleManager: Shutting down and abandoning module DatasmithContentEditor (364)
[2019.12.26-20.50.11:481][957]LogModuleManager: Shutting down and abandoning module SpeedTreeImporter (362)
[2019.12.26-20.50.11:482][957]LogModuleManager: Shutting down and abandoning module PluginBrowser (360)
[2019.12.26-20.50.11:485][957]LogModuleManager: Shutting down and abandoning module MobileLauncherProfileWizard (358)
[2019.12.26-20.50.11:486][957]LogModuleManager: Shutting down and abandoning module PolygonModeling (356)
[2019.12.26-20.50.11:486][957]LogModuleManager: Shutting down and abandoning module MeshEditor (354)
[2019.12.26-20.50.11:486][957]LogModuleManager: Shutting down and abandoning module MaterialAnalyzer (352)
[2019.12.26-20.50.11:487][957]LogModuleManager: Shutting down and abandoning module GLTFImporter (350)
[2019.12.26-20.50.11:487][957]LogModuleManager: Shutting down and abandoning module EditorScriptingUtilities (348)
[2019.12.26-20.50.11:487][957]LogModuleManager: Shutting down and abandoning module CurveEditorTools (346)
[2019.12.26-20.50.11:487][957]LogModuleManager: Shutting down and abandoning module CurveEditor (345)
[2019.12.26-20.50.11:487][957]LogModuleManager: Shutting down and abandoning module CryptoKeysOpenSSL (342)
[2019.12.26-20.50.11:487][957]LogModuleManager: Shutting down and abandoning module CryptoKeys (340)
[2019.12.26-20.50.11:487][957]LogModuleManager: Shutting down and abandoning module VisualStudioSourceCodeAccess (338)
[2019.12.26-20.50.11:488][957]LogModuleManager: Shutting down and abandoning module VisualStudioCodeSourceCodeAccess (336)
[2019.12.26-20.50.11:488][957]LogModuleManager: Shutting down and abandoning module UObjectPlugin (334)
[2019.12.26-20.50.11:488][957]LogModuleManager: Shutting down and abandoning module SubversionSourceControl (332)
[2019.12.26-20.50.11:490][957]LogModuleManager: Shutting down and abandoning module PerforceSourceControl (330)
[2019.12.26-20.50.11:491][957]LogModuleManager: Shutting down and abandoning module GitSourceControl (328)
[2019.12.26-20.50.11:493][957]LogModuleManager: Shutting down and abandoning module SourceControl (327)
[2019.12.26-20.50.11:493][957]LogModuleManager: Shutting down and abandoning module CLionSourceCodeAccess (324)
[2019.12.26-20.50.11:493][957]LogModuleManager: Shutting down and abandoning module AnimationSharingEd (322)
[2019.12.26-20.50.11:493][957]LogModuleManager: Shutting down and abandoning module ActorLayerUtilitiesEditor (320)
[2019.12.26-20.50.11:493][957]LogModuleManager: Shutting down and abandoning module ActorLayerUtilities (318)
[2019.12.26-20.50.11:493][957]LogModuleManager: Shutting down and abandoning module LightPropagationVolumeEditor (316)
[2019.12.26-20.50.11:494][957]LogModuleManager: Shutting down and abandoning module PaperTiledImporter (314)
[2019.12.26-20.50.11:494][957]LogModuleManager: Shutting down and abandoning module PaperSpriteSheetImporter (312)
[2019.12.26-20.50.11:494][957]LogModuleManager: Shutting down and abandoning module Paper2DEditor (310)
[2019.12.26-20.50.11:497][957]LogModuleManager: Shutting down and abandoning module SignificanceManager (308)
[2019.12.26-20.50.11:497][957]LogModuleManager: Shutting down and abandoning module RuntimePhysXCooking (306)
[2019.12.26-20.50.11:497][957]LogModuleManager: Shutting down and abandoning module PhysXVehiclesEditor (304)
[2019.12.26-20.50.11:498][957]LogModuleManager: Shutting down and abandoning module LocationServicesBPLibrary (300)
[2019.12.26-20.50.11:498][957]LogModuleManager: Shutting down and abandoning module ActorSequence (298)
[2019.12.26-20.50.11:498][957]LogModuleManager: Shutting down and abandoning module UdpMessaging (296)
[2019.12.26-20.50.11:598][957]LogModuleManager: Shutting down and abandoning module TcpMessaging (294)
[2019.12.26-20.50.11:703][957]LogModuleManager: Shutting down and abandoning module MagicLeapIdentity (292)
[2019.12.26-20.50.11:704][957]LogModuleManager: Shutting down and abandoning module MagicLeapSecureStorage (290)
[2019.12.26-20.50.11:704][957]LogModuleManager: Shutting down and abandoning module MagicLeapHandTracking (288)
[2019.12.26-20.50.11:704][957]LogModuleManager: Shutting down and abandoning module MagicLeapEyeTracker (286)
[2019.12.26-20.50.11:704][957]LogModuleManager: Shutting down and abandoning module MagicLeapController (284)
[2019.12.26-20.50.11:704][957]LogSlate: Slate User Destroyed.  User Index 0, Is Virtual User: 0
[2019.12.26-20.50.11:704][957]LogModuleManager: Shutting down and abandoning module MagicLeapAR (282)
[2019.12.26-20.50.11:705][957]LogModuleManager: Shutting down and abandoning module AugmentedReality (281)
[2019.12.26-20.50.11:705][957]LogModuleManager: Shutting down and abandoning module GameplayTagsEditor (278)
[2019.12.26-20.50.11:706][957]LogModuleManager: Shutting down and abandoning module FacialAnimationEditor (276)
[2019.12.26-20.50.11:706][957]LogModuleManager: Shutting down and abandoning module FacialAnimation (274)
[2019.12.26-20.50.11:706][957]LogModuleManager: Shutting down and abandoning module DataValidation (272)
[2019.12.26-20.50.11:707][957]LogModuleManager: Shutting down and abandoning module AssetManagerEditor (270)
[2019.12.26-20.50.11:710][957]LogModuleManager: Shutting down and abandoning module LevelEditor (269)
[2019.12.26-20.50.11:713][957]LogModuleManager: Shutting down and abandoning module PixelInspectorModule (268)
[2019.12.26-20.50.11:715][957]LogModuleManager: Shutting down and abandoning module CommonMenuExtensions (266)
[2019.12.26-20.50.11:716][957]LogModuleManager: Shutting down and abandoning module MainFrame (264)
[2019.12.26-20.50.11:717][957]LogModuleManager: Shutting down and abandoning module HotReload (263)
[2019.12.26-20.50.11:718][957]LogModuleManager: Shutting down and abandoning module ContentBrowser (259)
[2019.12.26-20.50.11:719][957]LogModuleManager: Shutting down and abandoning module TreeMap (257)
[2019.12.26-20.50.11:720][957]LogModuleManager: Shutting down and abandoning module AnimationSharing (254)
[2019.12.26-20.50.11:720][957]LogModuleManager: Shutting down and abandoning module LightPropagationVolumeRuntime (252)
[2019.12.26-20.50.11:720][957]LogModuleManager: Shutting down and abandoning module Paper2D (250)
[2019.12.26-20.50.11:721][957]LogModuleManager: Shutting down and abandoning module WindowsMoviePlayer (248)
[2019.12.26-20.50.11:726][957]LogModuleManager: Shutting down and abandoning module WebMMoviePlayer (246)
[2019.12.26-20.50.11:727][957]LogModuleManager: Shutting down and abandoning module NetworkReplayStreaming (244)
[2019.12.26-20.50.11:727][957]LogModuleManager: Shutting down and abandoning module PacketHandler (242)
[2019.12.26-20.50.11:727][957]LogModuleManager: Shutting down and abandoning module ClothingSystemEditor (240)
[2019.12.26-20.50.11:727][957]LogModuleManager: Shutting down and abandoning module ClothingSystemRuntime (238)
[2019.12.26-20.50.11:729][957]LogModuleManager: Shutting down and abandoning module MediaAssets (236)
[2019.12.26-20.50.11:729][957]LogModuleManager: Shutting down and abandoning module Overlay (234)
[2019.12.26-20.50.11:729][957]LogModuleManager: Shutting down and abandoning module OverlayEditor (233)
[2019.12.26-20.50.11:729][957]LogModuleManager: Shutting down and abandoning module VREditor (230)
[2019.12.26-20.50.11:731][957]LogModuleManager: Shutting down and abandoning module StringTableEditor (228)
[2019.12.26-20.50.11:733][957]LogModuleManager: Shutting down and abandoning module GameplayTasksEditor (226)
[2019.12.26-20.50.11:733][957]LogModuleManager: Shutting down and abandoning module BehaviorTreeEditor (224)
[2019.12.26-20.50.11:736][957]LogModuleManager: Shutting down and abandoning module FunctionalTesting (222)
[2019.12.26-20.50.11:736][957]LogModuleManager: Shutting down and abandoning module CollisionAnalyzer (220)
[2019.12.26-20.50.11:738][957]LogModuleManager: Shutting down and abandoning module WorkspaceMenuStructure (219)
[2019.12.26-20.50.11:738][957]LogModuleManager: Shutting down and abandoning module UMG (216)
[2019.12.26-20.50.11:738][957]LogModuleManager: Shutting down and abandoning module UMGEditor (215)
[2019.12.26-20.50.11:738][957]LogModuleManager: Shutting down and abandoning module Sequencer (214)
[2019.12.26-20.50.11:738][957]LogModuleManager: Shutting down and abandoning module MessageLog (211)
[2019.12.26-20.50.11:739][957]LogModuleManager: Shutting down and abandoning module SlateReflector (206)
[2019.12.26-20.50.11:742][957]LogModuleManager: Shutting down and abandoning module Slate (204)
[2019.12.26-20.50.11:742][957]LogModuleManager: Shutting down and abandoning module LandscapeEditorUtilities (202)
[2019.12.26-20.50.11:742][957]LogModuleManager: Shutting down and abandoning module EditorStyle (200)
[2019.12.26-20.50.11:746][957]LogModuleManager: Shutting down and abandoning module UnrealEd (198)
[2019.12.26-20.50.11:746][957]LogModuleManager: Shutting down and abandoning module MRMesh (196)
[2019.12.26-20.50.11:746][957]LogModuleManager: Shutting down and abandoning module SourceCodeAccess (194)
[2019.12.26-20.50.11:747][957]LogModuleManager: Shutting down and abandoning module HeadMountedDisplay (192)
[2019.12.26-20.50.11:747][957]LogModuleManager: Shutting down and abandoning module XAudio2 (190)
[2019.12.26-20.50.11:747][957]LogModuleManager: Shutting down and abandoning module Networking (188)
[2019.12.26-20.50.11:747][957]LogModuleManager: Shutting down and abandoning module Core (186)
[2019.12.26-20.50.11:747][957]LogModuleManager: Shutting down and abandoning module KismetCompiler (184)
[2019.12.26-20.50.11:747][957]LogModuleManager: Shutting down and abandoning module MeshUtilities (182)
[2019.12.26-20.50.11:747][957]LogModuleManager: Shutting down and abandoning module MeshMergeUtilities (181)
[2019.12.26-20.50.11:748][957]LogModuleManager: Shutting down and abandoning module MeshReductionInterface (180)
[2019.12.26-20.50.11:748][957]LogModuleManager: Shutting down and abandoning module SkeletalMeshReduction (179)
[2019.12.26-20.50.11:749][957]LogModuleManager: Shutting down and abandoning module ProxyLODMeshReduction (177)
[2019.12.26-20.50.11:752][957]LogModuleManager: Shutting down and abandoning module QuadricMeshReduction (175)
[2019.12.26-20.50.11:753][957]LogModuleManager: Shutting down and abandoning module MaterialBaking (171)
[2019.12.26-20.50.11:753][957]LogModuleManager: Shutting down and abandoning module NullInstallBundleManager (166)
[2019.12.26-20.50.11:753][957]LogModuleManager: Shutting down and abandoning module DerivedDataCache (164)
[2019.12.26-20.50.11:855][957]LogDerivedDataCache: Shutdown
[2019.12.26-20.50.11:855][957]LogModuleManager: Shutting down and abandoning module XGEController (162)
[2019.12.26-20.50.11:858][957]LogXGEController: Cleaning working directory: C:/Users/MA/AppData/Local/Temp/UnrealXGEWorkingDir/
[2019.12.26-20.50.11:858][957]LogModuleManager: Shutting down and abandoning module TargetPlatform (160)
[2019.12.26-20.50.11:858][957]LogModuleManager: Shutting down and abandoning module VulkanShaderFormat (159)
[2019.12.26-20.50.11:859][957]LogModuleManager: Shutting down and abandoning module ShaderFormatVectorVM (157)
[2019.12.26-20.50.11:859][957]LogModuleManager: Shutting down and abandoning module ShaderFormatOpenGL (155)
[2019.12.26-20.50.11:860][957]LogModuleManager: Shutting down and abandoning module ShaderFormatD3D (153)
[2019.12.26-20.50.11:860][957]LogModuleManager: Shutting down and abandoning module MetalShaderFormat (151)
[2019.12.26-20.50.11:861][957]LogModuleManager: Shutting down and abandoning module TextureFormatUncompressed (149)
[2019.12.26-20.50.11:862][957]LogModuleManager: Shutting down and abandoning module TextureFormatPVR (147)
[2019.12.26-20.50.11:862][957]LogModuleManager: Shutting down and abandoning module TextureFormatDXT (145)
[2019.12.26-20.50.11:862][957]LogModuleManager: Shutting down and abandoning module TextureFormatIntelISPCTexComp (143)
[2019.12.26-20.50.11:865][957]LogModuleManager: Shutting down and abandoning module TextureFormatASTC (141)
[2019.12.26-20.50.11:865][957]LogModuleManager: Shutting down and abandoning module ImageWrapper (140)
[2019.12.26-20.50.11:865][957]LogModuleManager: Shutting down and abandoning module TextureFormatAndroid (137)
[2019.12.26-20.50.11:865][957]LogModuleManager: Shutting down and abandoning module AudioFormatOpus (135)
[2019.12.26-20.50.11:865][957]LogModuleManager: Shutting down and abandoning module AudioFormatOgg (133)
[2019.12.26-20.50.11:867][957]LogModuleManager: Shutting down and abandoning module AudioFormatADPCM (131)
[2019.12.26-20.50.11:867][957]LogModuleManager: Shutting down and abandoning module LuminTargetPlatform (129)
[2019.12.26-20.50.11:870][957]LogModuleManager: Shutting down and abandoning module LinuxTargetPlatform (127)
[2019.12.26-20.50.11:870][957]LogModuleManager: Shutting down and abandoning module LinuxServerTargetPlatform (125)
[2019.12.26-20.50.11:870][957]LogModuleManager: Shutting down and abandoning module LinuxNoEditorTargetPlatform (123)
[2019.12.26-20.50.11:871][957]LogModuleManager: Shutting down and abandoning module LinuxClientTargetPlatform (121)
[2019.12.26-20.50.11:871][957]LogModuleManager: Shutting down and abandoning module TVOSTargetPlatform (119)
[2019.12.26-20.50.11:874][957]LogModuleManager: Shutting down and abandoning module Messaging (117)
[2019.12.26-20.50.11:874][957]LogModuleManager: Shutting down and abandoning module IOSTargetPlatform (115)
[2019.12.26-20.50.11:877][957]LogModuleManager: Shutting down and abandoning module HTML5TargetPlatform (113)
[2019.12.26-20.50.11:878][957]LogModuleManager: Shutting down and abandoning module AndroidTargetPlatform (111)
[2019.12.26-20.50.11:897][957]LogModuleManager: Shutting down and abandoning module WindowsTargetPlatform (109)
[2019.12.26-20.50.11:897][957]LogModuleManager: Shutting down and abandoning module WindowsServerTargetPlatform (107)
[2019.12.26-20.50.11:897][957]LogModuleManager: Shutting down and abandoning module WindowsNoEditorTargetPlatform (105)
[2019.12.26-20.50.11:897][957]LogModuleManager: Shutting down and abandoning module WindowsClientTargetPlatform (103)
[2019.12.26-20.50.11:898][957]LogModuleManager: Shutting down and abandoning module MacTargetPlatform (101)
[2019.12.26-20.50.11:898][957]LogModuleManager: Shutting down and abandoning module MacServerTargetPlatform (99)
[2019.12.26-20.50.11:898][957]LogModuleManager: Shutting down and abandoning module MacNoEditorTargetPlatform (97)
[2019.12.26-20.50.11:898][957]LogModuleManager: Shutting down and abandoning module MacClientTargetPlatform (95)
[2019.12.26-20.50.11:898][957]LogModuleManager: Shutting down and abandoning module AllDesktopTargetPlatform (93)
[2019.12.26-20.50.11:898][957]LogModuleManager: Shutting down and abandoning module InputCore (90)
[2019.12.26-20.50.11:898][957]LogModuleManager: Shutting down and abandoning module Settings (88)
[2019.12.26-20.50.11:898][957]LogModuleManager: Shutting down and abandoning module DirectoryWatcher (86)
[2019.12.26-20.50.11:898][957]LogModuleManager: Shutting down and abandoning module PhysXCooking (84)
[2019.12.26-20.50.11:899][957]LogModuleManager: Shutting down and abandoning module WindowsPlatformFeatures (82)
[2019.12.26-20.50.11:899][957]LogModuleManager: Shutting down and abandoning module GameplayMediaEncoder (81)
[2019.12.26-20.50.11:900][957]LogModuleManager: Shutting down and abandoning module SteamVR (78)
[2019.12.26-20.50.11:900][957]LogHMD: Freeing OpenVRDLLHandle.
[2019.12.26-20.50.11:900][957]LogModuleManager: Shutting down and abandoning module OculusHMD (76)
[2019.12.26-20.50.11:901][957]LogModuleManager: Shutting down and abandoning module ExampleDeviceProfileSelector (74)
[2019.12.26-20.50.11:901][957]LogModuleManager: Shutting down and abandoning module LauncherChunkInstaller (72)
[2019.12.26-20.50.11:901][957]LogModuleManager: Shutting down and abandoning module OnlineBlueprintSupport (70)
[2019.12.26-20.50.11:901][957]LogModuleManager: Shutting down and abandoning module OnlineSubsystem (66)
[2019.12.26-20.50.11:905][957]LogModuleManager: Shutting down and abandoning module XMPP (61)
[2019.12.26-20.50.11:908][957]LogModuleManager: Shutting down and abandoning module WebSockets (60)
[2019.12.26-20.50.11:914][957]LogModuleManager: Shutting down and abandoning module HTTP (57)
[2019.12.26-20.50.11:914][957]LogHttp: Display: Http module shutting down, but needs to wait on 1 outstanding Http requests:
[2019.12.26-20.50.11:914][957]LogHttp: Display: 	verb=[POST] url=[https://datarouter.ol.epicgames.com/datarouter/api/v1/public/data?SessionID=%7B9C8C6781-4490-B0E2-0485-25BE8FEC7F11%7D&AppID=UEEditor.Rocket.Release&AppVersion=4.23.1-9631420%2B%2B%2BUE4%2BRelease-4.23&UserID=60fc57d247dfc17de90711927fd7a4e7%7Ca823292f2050481cb446752f76a489de%7Ce396ade7-f1a2-4aa4-955b-b521d6864aa4&AppEnvironment=datacollector-binary&UploadType=eteventstream] status=Processing
[2019.12.26-20.50.11:943][957]LogModuleManager: Shutting down and abandoning module SSL (56)
[2019.12.26-20.50.11:946][957]LogModuleManager: Shutting down and abandoning module WmfMedia (52)
[2019.12.26-20.50.11:951][957]LogModuleManager: Shutting down and abandoning module Media (51)
[2019.12.26-20.50.11:952][957]LogModuleManager: Shutting down and abandoning module MagicLeap (48)
[2019.12.26-20.50.11:953][957]LogModuleManager: Shutting down and abandoning module DatasmithContent (46)
[2019.12.26-20.50.11:954][957]LogModuleManager: Shutting down and abandoning module AISupportModule (44)
[2019.12.26-20.50.11:954][957]LogModuleManager: Shutting down and abandoning module PlatformCryptoOpenSSL (42)
[2019.12.26-20.50.11:955][957]LogModuleManager: Shutting down and abandoning module PlatformCrypto (40)
[2019.12.26-20.50.11:955][957]LogModuleManager: Shutting down and abandoning module AnimationModifiers (38)
[2019.12.26-20.50.11:956][957]LogModuleManager: Shutting down and abandoning module PropertyEditor (37)
[2019.12.26-20.50.11:962][957]LogModuleManager: Shutting down and abandoning module AudioEditor (34)
[2019.12.26-20.50.11:963][957]LogModuleManager: Shutting down and abandoning module TextureCompressor (32)
[2019.12.26-20.50.11:965][957]LogModuleManager: Shutting down and abandoning module RenderCore (30)
[2019.12.26-20.50.11:965][957]LogModuleManager: Shutting down and abandoning module Landscape (28)
[2019.12.26-20.50.11:965][957]LogModuleManager: Shutting down and abandoning module SlateRHIRenderer (26)
[2019.12.26-20.50.11:966][957]LogModuleManager: Shutting down and abandoning module OpenGLDrv (24)
[2019.12.26-20.50.11:967][957]LogModuleManager: Shutting down and abandoning module D3D11RHI (22)
[2019.12.26-20.50.11:967][957]LogModuleManager: Shutting down and abandoning module AnimGraphRuntime (20)
[2019.12.26-20.50.11:967][957]LogModuleManager: Shutting down and abandoning module Renderer (18)
[2019.12.26-20.50.11:968][957]LogModuleManager: Shutting down and abandoning module Engine (16)
[2019.12.26-20.50.11:968][957]LogModuleManager: Shutting down and abandoning module CoreUObject (14)
[2019.12.26-20.50.11:968][957]LogModuleManager: Shutting down and abandoning module NetworkFile (12)
[2019.12.26-20.50.11:968][957]LogModuleManager: Shutting down and abandoning module CookedIterativeFile (10)
[2019.12.26-20.50.11:968][957]LogModuleManager: Shutting down and abandoning module StreamingFile (8)
[2019.12.26-20.50.11:968][957]LogModuleManager: Shutting down and abandoning module SandboxFile (6)
[2019.12.26-20.50.11:969][957]LogModuleManager: Shutting down and abandoning module PakFile (4)
[2019.12.26-20.50.11:969][957]LogModuleManager: Shutting down and abandoning module RSA (3)
[2019.12.26-20.50.11:971][957]LogD3D11RHI: Shutdown
[2019.12.26-20.50.11:972][957]LogD3D11RHI: CleanupD3DDevice
[2019.12.26-20.50.11:976][957]LogRendererCore: FGlobalDynamicReadBuffer::Cleanup()
[2019.12.26-20.50.11:978][957]LogRendererCore: FGlobalDynamicReadBuffer::Cleanup()
[2019.12.26-20.50.11:978][957]LogRendererCore: FGlobalDynamicReadBuffer::Cleanup()
[2019.12.26-20.50.12:025][957]LogD3D11RHI: [IntelMetricsDiscovery] Stopped
[2019.12.26-20.50.12:172][957]LogD3D11RHI: ~FD3D11DynamicRHI
[2019.12.26-20.50.12:179][957]LogExit: Exiting.
[2019.12.26-20.50.12:191][957]Log file closed, 12/26/19 23:50:12
