Log file open, 11/14/19 10:33:08
LogWindows: Failed to load 'aqProf.dll' (GetLastError=126)
LogWindows: File 'aqProf.dll' does not exist
LogWindows: Failed to load 'VtuneApi.dll' (GetLastError=126)
LogWindows: File 'VtuneApi.dll' does not exist
LogWindows: Failed to load 'VtuneApi32e.dll' (GetLastError=126)
LogWindows: File 'VtuneApi32e.dll' does not exist
LogConsoleResponse: Display: Failed to find resolution value strings in scalability ini. Falling back to default.
LogInit: Display: Running engine for game: MyGame
LogPlatformFile: Not using cached read wrapper
LogTaskGraph: Started task graph with 5 named threads and 11 total threads with 3 sets of task threads.
LogStats: Stats thread started at 0.963888
LogD3D11RHI: Loaded GFSDK_Aftermath_Lib.x64.dll
LogICUInternationalization: ICU TimeZone Detection - Raw Offset: +3:00, Platform Override: ''
LogPluginManager: Mounting plugin Paper2D
LogPluginManager: Mounting plugin AISupport
LogPluginManager: Mounting plugin LightPropagationVolume
LogPluginManager: Mounting plugin ActorLayerUtilities
LogPluginManager: Mounting plugin AnimationSharing
LogPluginManager: Mounting plugin CLionSourceCodeAccess
LogPluginManager: Mounting plugin CodeLiteSourceCodeAccess
LogPluginManager: Mounting plugin GitSourceControl
LogPluginManager: Mounting plugin KDevelopSourceCodeAccess
LogPluginManager: Mounting plugin NullSourceCodeAccess
LogPluginManager: Mounting plugin PerforceSourceControl
LogPluginManager: Mounting plugin SubversionSourceControl
LogPluginManager: Mounting plugin UObjectPlugin
LogPluginManager: Mounting plugin VisualStudioCodeSourceCodeAccess
LogPluginManager: Mounting plugin VisualStudioSourceCodeAccess
LogPluginManager: Mounting plugin XCodeSourceCodeAccess
LogPluginManager: Mounting plugin AssetManagerEditor
LogPluginManager: Mounting plugin CryptoKeys
LogPluginManager: Mounting plugin CurveEditorTools
LogPluginManager: Mounting plugin DataValidation
LogPluginManager: Mounting plugin EditorScriptingUtilities
LogPluginManager: Mounting plugin FacialAnimation
LogPluginManager: Mounting plugin GameplayTagsEditor
LogPluginManager: Mounting plugin GLTFImporter
LogPluginManager: Mounting plugin MacGraphicsSwitching
LogPluginManager: Mounting plugin MaterialAnalyzer
LogPluginManager: Mounting plugin MeshEditor
LogPluginManager: Mounting plugin MobileLauncherProfileWizard
LogPluginManager: Mounting plugin PluginBrowser
LogPluginManager: Mounting plugin SpeedTreeImporter
LogPluginManager: Mounting plugin DatasmithContent
LogPluginManager: Mounting plugin VariantManagerContent
LogPluginManager: Mounting plugin AlembicImporter
LogPluginManager: Mounting plugin AutomationUtils
LogPluginManager: Mounting plugin BackChannel
LogPluginManager: Mounting plugin BlastPlugin
LogPluginManager: Mounting plugin ChaosSolverPlugin
LogPluginManager: Mounting plugin CharacterAI
LogPluginManager: Mounting plugin DataPrepEditor
LogPluginManager: Mounting plugin GeometryCache
LogPluginManager: Mounting plugin GeometryCollectionPlugin
LogPluginManager: Mounting plugin HTML5Networking
LogPluginManager: Mounting plugin PlatformCrypto
LogPluginManager: Mounting plugin ProxyLODPlugin
LogPluginManager: Mounting plugin SkeletalReduction
LogPluginManager: Mounting plugin MagicLeap
LogPluginManager: Mounting plugin MagicLeapMedia
LogPluginManager: Mounting plugin AndroidMedia
LogPluginManager: Mounting plugin AvfMedia
LogPluginManager: Mounting plugin ImgMedia
LogPluginManager: Mounting plugin MediaCompositing
LogPluginManager: Mounting plugin MediaPlayerEditor
LogPluginManager: Mounting plugin WebMMedia
LogPluginManager: Mounting plugin WmfMedia
LogPluginManager: Mounting plugin TcpMessaging
LogPluginManager: Mounting plugin UdpMessaging
LogPluginManager: Mounting plugin ActorSequence
LogPluginManager: Mounting plugin LevelSequenceEditor
LogPluginManager: Mounting plugin MatineeToLevelSequence
LogPluginManager: Mounting plugin NetcodeUnitTest
LogPluginManager: Mounting plugin NUTUnrealEngine4
LogPluginManager: Mounting plugin OnlineSubsystemGooglePlay
LogPluginManager: Mounting plugin OnlineSubsystemIOS
LogPluginManager: Mounting plugin OnlineSubsystem
LogPluginManager: Mounting plugin OnlineSubsystemNull
LogPluginManager: Mounting plugin OnlineSubsystemUtils
LogPluginManager: Mounting plugin LauncherChunkInstaller
LogPluginManager: Mounting plugin AndroidDeviceProfileSelector
LogPluginManager: Mounting plugin AndroidMoviePlayer
LogPluginManager: Mounting plugin AndroidPermission
LogPluginManager: Mounting plugin AppleImageUtils
LogPluginManager: Mounting plugin AppleMoviePlayer
LogPluginManager: Mounting plugin ArchVisCharacter
LogPluginManager: Mounting plugin AudioCapture
LogPluginManager: Mounting plugin CableComponent
LogPluginManager: Mounting plugin CustomMeshComponent
LogPluginManager: Mounting plugin EditableMesh
LogPluginManager: Mounting plugin ExampleDeviceProfileSelector
LogPluginManager: Mounting plugin GoogleCloudMessaging
LogPluginManager: Mounting plugin IOSDeviceProfileSelector
LogPluginManager: Mounting plugin LinuxDeviceProfileSelector
LogPluginManager: Mounting plugin LocationServicesBPLibrary
LogPluginManager: Mounting plugin MobilePatchingUtils
LogPluginManager: Mounting plugin OculusVR
LogPluginManager: Mounting plugin PhysXVehicles
LogPluginManager: Mounting plugin ProceduralMeshComponent
LogPluginManager: Mounting plugin RuntimePhysXCooking
LogPluginManager: Mounting plugin SignificanceManager
LogPluginManager: Mounting plugin SteamVR
LogPluginManager: Mounting plugin WebMMoviePlayer
LogPluginManager: Mounting plugin WindowsMoviePlayer
LogPluginManager: Mounting plugin ScreenshotTools
LogPluginManager: Mounting plugin DatasmithC4DImporter
LogPluginManager: Mounting plugin DatasmithCADImporter
LogPluginManager: Mounting plugin DatasmithFBXImporter
LogPluginManager: Mounting plugin DatasmithGLTFImporter
LogPluginManager: Mounting plugin DatasmithIFCImporter
LogPluginManager: Mounting plugin DatasmithImporter
LogPluginManager: Mounting plugin MDLImporter
LogPluginManager: Mounting plugin StaticMeshEditorExtension
LogPluginManager: Mounting plugin VariantManager
LogInit: Using libcurl 7.55.1-DEV
LogInit:  - built for x86_64-pc-win32
LogInit:  - supports SSL with OpenSSL/1.1.1
LogInit:  - supports HTTP deflate (compression) using libz 1.2.8
LogInit:  - other features:
LogInit:      CURL_VERSION_SSL
LogInit:      CURL_VERSION_LIBZ
LogInit:      CURL_VERSION_IPV6
LogInit:      CURL_VERSION_ASYNCHDNS
LogInit:      CURL_VERSION_LARGEFILE
LogInit:      CURL_VERSION_IDN
LogInit:  CurlRequestOptions (configurable via config and command line):
LogInit:  - bVerifyPeer = true  - Libcurl will verify peer certificate
LogInit:  - bUseHttpProxy = false  - Libcurl will NOT use HTTP proxy
LogInit:  - bDontReuseConnections = false  - Libcurl will reuse connections
LogInit:  - MaxHostConnections = 16  - Libcurl will limit the number of connections to a host
LogInit:  - LocalHostAddr = Default
LogInit:  - BufferSize = 65536
LogOnline: OSS: Creating online subsystem instance for: NULL
LogInit: WinSock: version 1.1 (2.2), MaxSocks=32767, MaxUdp=65467
LogInit: Build: ++UE4+Release-4.23-CL-8386587
LogInit: Engine Version: 4.23.0-8386587+++UE4+Release-4.23
LogInit: Compatible Engine Version: 4.23.0-8386587+++UE4+Release-4.23
LogInit: Net CL: 8386587
LogInit: OS: Windows 10 (Release 1607) (), CPU:        Intel(R) Core(TM) i5-3230M CPU @ 2.60GHz, GPU: Intel(R) HD Graphics 4000
LogInit: Compiled (64-bit): Aug 31 2019 02:04:44
LogInit: Compiled with Visual C++: 19.16.27030.01
LogInit: Build Configuration: Development
LogInit: Branch Name: ++UE4+Release-4.23
LogInit: Command Line: 
LogInit: Base Directory: C:/Program Files/Epic Games/UE_4.23/Engine/Binaries/Win64/
LogInit: Installed Engine Build: 1
LogDevObjectVersion: Number of dev versions registered: 23
LogDevObjectVersion:   Dev-Blueprints (B0D832E4-1F89-4F0D-ACCF-7EB736FD4AA2): 10
LogDevObjectVersion:   Dev-Build (E1C64328-A22C-4D53-A36C-8E866417BD8C): 0
LogDevObjectVersion:   Dev-Core (375EC13C-06E4-48FB-B500-84F0262A717E): 3
LogDevObjectVersion:   Dev-Editor (E4B068ED-F494-42E9-A231-DA0B2E46BB41): 34
LogDevObjectVersion:   Dev-Framework (CFFC743F-43B0-4480-9391-14DF171D2073): 35
LogDevObjectVersion:   Dev-Mobile (B02B49B5-BB20-44E9-A304-32B752E40360): 2
LogDevObjectVersion:   Dev-Networking (A4E4105C-59A1-49B5-A7C5-40C4547EDFEE): 0
LogDevObjectVersion:   Dev-Online (39C831C9-5AE6-47DC-9A44-9C173E1C8E7C): 0
LogDevObjectVersion:   Dev-Physics (78F01B33-EBEA-4F98-B9B4-84EACCB95AA2): 0
LogDevObjectVersion:   Dev-Platform (6631380F-2D4D-43E0-8009-CF276956A95A): 0
LogDevObjectVersion:   Dev-Rendering (12F88B9F-8875-4AFC-A67C-D90C383ABD29): 31
LogDevObjectVersion:   Dev-Sequencer (7B5AE74C-D270-4C10-A958-57980B212A5A): 11
LogDevObjectVersion:   Dev-VR (D7296918-1DD6-4BDD-9DE2-64A83CC13884): 2
LogDevObjectVersion:   Dev-LoadTimes (C2A15278-BFE7-4AFE-6C17-90FF531DF755): 1
LogDevObjectVersion:   Private-Geometry (6EACA3D4-40EC-4CC1-B786-8BED09428FC5): 3
LogDevObjectVersion:   Dev-AnimPhys (29E575DD-E0A3-4627-9D10-D276232CDCEA): 17
LogDevObjectVersion:   Dev-Anim (AF43A65D-7FD3-4947-9873-3E8ED9C1BB05): 2
LogDevObjectVersion:   Dev-ReflectionCapture (6B266CEC-1EC7-4B8F-A30B-E4D90942FC07): 1
LogDevObjectVersion:   Dev-Automation (0DF73D61-A23F-47EA-B727-89E90C41499A): 1
LogDevObjectVersion:   FortniteMain (601D1886-AC64-4F84-AA16-D3DE0DEAC7D6): 27
LogDevObjectVersion:   Dev-Enterprise (9DFFBCD6-494F-0158-E221-12823C92A888): 6
LogDevObjectVersion:   Dev-Niagara (F2AED0AC-9AFE-416F-8664-AA7FFA26D6FC): 1
LogDevObjectVersion:   Dev-Destruction (174F1F0B-B4C6-45A5-B13F-2EE8D0FB917D): 9
LogInit: Presizing for max 16777216 objects, including 0 objects not considered by GC, pre-allocating 0 bytes for permanent pool.
LogInit: Object subsystem initialized
LogConfig: Setting CVar [[con.DebugEarlyDefault:1]]
LogConfig: Setting CVar [[r.setres:1280x720]]
[2019.11.14-07.33.09:460][  0]LogConfig: Setting CVar [[r.VSync:0]]
[2019.11.14-07.33.09:460][  0]LogConfig: Setting CVar [[r.RHICmdBypass:0]]
[2019.11.14-07.33.09:461][  0]LogConfig: Applying CVar settings from Section [/Script/Engine.RendererSettings] File [F:/Универ/7 семестр/АКГ/AKG/MyGame/Saved/Config/Windows/Engine.ini]
[2019.11.14-07.33.09:461][  0]LogConfig: Setting CVar [[r.GPUCrashDebugging:0]]
[2019.11.14-07.33.09:461][  0]LogConfig: Setting CVar [[r.DefaultFeature.AutoExposure.ExtendDefaultLuminanceRange:1]]
[2019.11.14-07.33.09:461][  0]LogConfig: Applying CVar settings from Section [/Script/Engine.RendererOverrideSettings] File [F:/Универ/7 семестр/АКГ/AKG/MyGame/Saved/Config/Windows/Engine.ini]
[2019.11.14-07.33.09:461][  0]LogConfig: Applying CVar settings from Section [/Script/Engine.StreamingSettings] File [F:/Универ/7 семестр/АКГ/AKG/MyGame/Saved/Config/Windows/Engine.ini]
[2019.11.14-07.33.09:461][  0]LogConfig: Setting CVar [[s.MinBulkDataSizeForAsyncLoading:131072]]
[2019.11.14-07.33.09:461][  0]LogConfig: Setting CVar [[s.AsyncLoadingThreadEnabled:0]]
[2019.11.14-07.33.09:461][  0]LogConfig: Setting CVar [[s.EventDrivenLoaderEnabled:1]]
[2019.11.14-07.33.09:461][  0]LogConfig: Setting CVar [[s.WarnIfTimeLimitExceeded:0]]
[2019.11.14-07.33.09:461][  0]LogConfig: Setting CVar [[s.TimeLimitExceededMultiplier:1.5]]
[2019.11.14-07.33.09:462][  0]LogConfig: Setting CVar [[s.TimeLimitExceededMinTime:0.005]]
[2019.11.14-07.33.09:462][  0]LogConfig: Setting CVar [[s.UseBackgroundLevelStreaming:1]]
[2019.11.14-07.33.09:462][  0]LogConfig: Setting CVar [[s.PriorityAsyncLoadingExtraTime:15.0]]
[2019.11.14-07.33.09:462][  0]LogConfig: Setting CVar [[s.LevelStreamingActorsUpdateTimeLimit:5.0]]
[2019.11.14-07.33.09:462][  0]LogConfig: Setting CVar [[s.PriorityLevelStreamingActorsUpdateExtraTime:5.0]]
[2019.11.14-07.33.09:462][  0]LogConfig: Setting CVar [[s.LevelStreamingComponentsRegistrationGranularity:10]]
[2019.11.14-07.33.09:462][  0]LogConfig: Setting CVar [[s.UnregisterComponentsTimeLimit:1.0]]
[2019.11.14-07.33.09:462][  0]LogConfig: Setting CVar [[s.LevelStreamingComponentsUnregistrationGranularity:5]]
[2019.11.14-07.33.09:462][  0]LogConfig: Applying CVar settings from Section [/Script/Engine.GarbageCollectionSettings] File [F:/Универ/7 семестр/АКГ/AKG/MyGame/Saved/Config/Windows/Engine.ini]
[2019.11.14-07.33.09:462][  0]LogConfig: Setting CVar [[gc.MaxObjectsNotConsideredByGC:1]]
[2019.11.14-07.33.09:462][  0]LogConfig: Setting CVar [[gc.SizeOfPermanentObjectPool:0]]
[2019.11.14-07.33.09:462][  0]LogConfig: Setting CVar [[gc.FlushStreamingOnGC:0]]
[2019.11.14-07.33.09:462][  0]LogConfig: Setting CVar [[gc.NumRetriesBeforeForcingGC:10]]
[2019.11.14-07.33.09:462][  0]LogConfig: Setting CVar [[gc.AllowParallelGC:1]]
[2019.11.14-07.33.09:462][  0]LogConfig: Setting CVar [[gc.TimeBetweenPurgingPendingKillObjects:61.1]]
[2019.11.14-07.33.09:462][  0]LogConfig: Setting CVar [[gc.MaxObjectsInEditor:16777216]]
[2019.11.14-07.33.09:462][  0]LogConfig: Setting CVar [[gc.IncrementalBeginDestroyEnabled:1]]
[2019.11.14-07.33.09:462][  0]LogConfig: Setting CVar [[gc.CreateGCClusters:1]]
[2019.11.14-07.33.09:462][  0]LogConfig: Setting CVar [[gc.MinGCClusterSize:5]]
[2019.11.14-07.33.09:462][  0]LogConfig: Setting CVar [[gc.ActorClusteringEnabled:0]]
[2019.11.14-07.33.09:462][  0]LogConfig: Setting CVar [[gc.BlueprintClusteringEnabled:0]]
[2019.11.14-07.33.09:462][  0]LogConfig: Setting CVar [[gc.UseDisregardForGCOnDedicatedServers:0]]
[2019.11.14-07.33.09:462][  0]LogConfig: Applying CVar settings from Section [/Script/Engine.NetworkSettings] File [F:/Универ/7 семестр/АКГ/AKG/MyGame/Saved/Config/Windows/Engine.ini]
[2019.11.14-07.33.09:462][  0]LogConfig: Applying CVar settings from Section [/Script/UnrealEd.CookerSettings] File [F:/Универ/7 семестр/АКГ/AKG/MyGame/Saved/Config/Windows/Engine.ini]
[2019.11.14-07.33.09:471][  0]LogConfig: Applying CVar settings from Section [ViewDistanceQuality@3] File [F:/Универ/7 семестр/АКГ/AKG/MyGame/Saved/Config/Windows/Scalability.ini]
[2019.11.14-07.33.09:471][  0]LogConfig: Setting CVar [[r.SkeletalMeshLODBias:0]]
[2019.11.14-07.33.09:471][  0]LogConfig: Setting CVar [[r.ViewDistanceScale:1.0]]
[2019.11.14-07.33.09:471][  0]LogConfig: Applying CVar settings from Section [AntiAliasingQuality@3] File [F:/Универ/7 семестр/АКГ/AKG/MyGame/Saved/Config/Windows/Scalability.ini]
[2019.11.14-07.33.09:471][  0]LogConfig: Setting CVar [[r.PostProcessAAQuality:4]]
[2019.11.14-07.33.09:471][  0]LogConfig: Applying CVar settings from Section [ShadowQuality@3] File [F:/Универ/7 семестр/АКГ/AKG/MyGame/Saved/Config/Windows/Scalability.ini]
[2019.11.14-07.33.09:471][  0]LogConfig: Setting CVar [[r.LightFunctionQuality:1]]
[2019.11.14-07.33.09:471][  0]LogConfig: Setting CVar [[r.ShadowQuality:5]]
[2019.11.14-07.33.09:471][  0]LogConfig: Setting CVar [[r.Shadow.CSM.MaxCascades:10]]
[2019.11.14-07.33.09:471][  0]LogConfig: Setting CVar [[r.Shadow.MaxResolution:2048]]
[2019.11.14-07.33.09:471][  0]LogConfig: Setting CVar [[r.Shadow.MaxCSMResolution:2048]]
[2019.11.14-07.33.09:471][  0]LogConfig: Setting CVar [[r.Shadow.RadiusThreshold:0.01]]
[2019.11.14-07.33.09:471][  0]LogConfig: Setting CVar [[r.Shadow.DistanceScale:1.0]]
[2019.11.14-07.33.09:471][  0]LogConfig: Setting CVar [[r.Shadow.CSM.TransitionScale:1.0]]
[2019.11.14-07.33.09:471][  0]LogConfig: Setting CVar [[r.Shadow.PreShadowResolutionFactor:1.0]]
[2019.11.14-07.33.09:471][  0]LogConfig: Setting CVar [[r.DistanceFieldShadowing:1]]
[2019.11.14-07.33.09:471][  0]LogConfig: Setting CVar [[r.DistanceFieldAO:1]]
[2019.11.14-07.33.09:471][  0]LogConfig: Setting CVar [[r.AOQuality:2]]
[2019.11.14-07.33.09:471][  0]LogConfig: Setting CVar [[r.VolumetricFog:1]]
[2019.11.14-07.33.09:471][  0]LogConfig: Setting CVar [[r.VolumetricFog.GridPixelSize:8]]
[2019.11.14-07.33.09:471][  0]LogConfig: Setting CVar [[r.VolumetricFog.GridSizeZ:128]]
[2019.11.14-07.33.09:471][  0]LogConfig: Setting CVar [[r.VolumetricFog.HistoryMissSupersampleCount:4]]
[2019.11.14-07.33.09:471][  0]LogConfig: Setting CVar [[r.LightMaxDrawDistanceScale:1]]
[2019.11.14-07.33.09:471][  0]LogConfig: Setting CVar [[r.CapsuleShadows:1]]
[2019.11.14-07.33.09:471][  0]LogConfig: Applying CVar settings from Section [PostProcessQuality@3] File [F:/Универ/7 семестр/АКГ/AKG/MyGame/Saved/Config/Windows/Scalability.ini]
[2019.11.14-07.33.09:471][  0]LogConfig: Setting CVar [[r.MotionBlurQuality:4]]
[2019.11.14-07.33.09:471][  0]LogConfig: Setting CVar [[r.AmbientOcclusionMipLevelFactor:0.4]]
[2019.11.14-07.33.09:471][  0]LogConfig: Setting CVar [[r.AmbientOcclusionMaxQuality:100]]
[2019.11.14-07.33.09:471][  0]LogConfig: Setting CVar [[r.AmbientOcclusionLevels:-1]]
[2019.11.14-07.33.09:471][  0]LogConfig: Setting CVar [[r.AmbientOcclusionRadiusScale:1.0]]
[2019.11.14-07.33.09:471][  0]LogConfig: Setting CVar [[r.DepthOfFieldQuality:2]]
[2019.11.14-07.33.09:471][  0]LogConfig: Setting CVar [[r.RenderTargetPoolMin:400]]
[2019.11.14-07.33.09:471][  0]LogConfig: Setting CVar [[r.LensFlareQuality:2]]
[2019.11.14-07.33.09:471][  0]LogConfig: Setting CVar [[r.SceneColorFringeQuality:1]]
[2019.11.14-07.33.09:471][  0]LogConfig: Setting CVar [[r.EyeAdaptationQuality:2]]
[2019.11.14-07.33.09:471][  0]LogConfig: Setting CVar [[r.BloomQuality:5]]
[2019.11.14-07.33.09:471][  0]LogConfig: Setting CVar [[r.FastBlurThreshold:100]]
[2019.11.14-07.33.09:471][  0]LogConfig: Setting CVar [[r.Upscale.Quality:3]]
[2019.11.14-07.33.09:472][  0]LogConfig: Setting CVar [[r.Tonemapper.GrainQuantization:1]]
[2019.11.14-07.33.09:472][  0]LogConfig: Setting CVar [[r.LightShaftQuality:1]]
[2019.11.14-07.33.09:472][  0]LogConfig: Setting CVar [[r.Filter.SizeScale:1]]
[2019.11.14-07.33.09:472][  0]LogConfig: Setting CVar [[r.Tonemapper.Quality:5]]
[2019.11.14-07.33.09:472][  0]LogConfig: Setting CVar [[r.DOF.Gather.AccumulatorQuality:1        ; higher gathering accumulator quality]]
[2019.11.14-07.33.09:472][  0]LogConfig: Setting CVar [[r.DOF.Gather.PostfilterMethod:1          ; Median3x3 postfilering method]]
[2019.11.14-07.33.09:472][  0]LogConfig: Setting CVar [[r.DOF.Gather.EnableBokehSettings:0       ; no bokeh simulation when gathering]]
[2019.11.14-07.33.09:472][  0]LogConfig: Setting CVar [[r.DOF.Gather.RingCount:4                 ; medium number of samples when gathering]]
[2019.11.14-07.33.09:472][  0]LogConfig: Setting CVar [[r.DOF.Scatter.ForegroundCompositing:1    ; additive foreground scattering]]
[2019.11.14-07.33.09:472][  0]LogConfig: Setting CVar [[r.DOF.Scatter.BackgroundCompositing:2    ; additive background scattering]]
[2019.11.14-07.33.09:472][  0]LogConfig: Setting CVar [[r.DOF.Scatter.EnableBokehSettings:1      ; bokeh simulation when scattering]]
[2019.11.14-07.33.09:472][  0]LogConfig: Setting CVar [[r.DOF.Scatter.MaxSpriteRatio:0.1         ; only a maximum of 10% of scattered bokeh]]
[2019.11.14-07.33.09:472][  0]LogConfig: Setting CVar [[r.DOF.Recombine.Quality:1                ; cheap slight out of focus]]
[2019.11.14-07.33.09:472][  0]LogConfig: Setting CVar [[r.DOF.Recombine.EnableBokehSettings:0    ; no bokeh simulation on slight out of focus]]
[2019.11.14-07.33.09:472][  0]LogConfig: Setting CVar [[r.DOF.TemporalAAQuality:1                ; more stable temporal accumulation]]
[2019.11.14-07.33.09:472][  0]LogConfig: Setting CVar [[r.DOF.Kernel.MaxForegroundRadius:0.025]]
[2019.11.14-07.33.09:472][  0]LogConfig: Setting CVar [[r.DOF.Kernel.MaxBackgroundRadius:0.025]]
[2019.11.14-07.33.09:472][  0]LogConfig: Applying CVar settings from Section [TextureQuality@3] File [F:/Универ/7 семестр/АКГ/AKG/MyGame/Saved/Config/Windows/Scalability.ini]
[2019.11.14-07.33.09:472][  0]LogConfig: Setting CVar [[r.Streaming.MipBias:0]]
[2019.11.14-07.33.09:472][  0]LogConfig: Setting CVar [[r.Streaming.AmortizeCPUToGPUCopy:0]]
[2019.11.14-07.33.09:472][  0]LogConfig: Setting CVar [[r.Streaming.MaxNumTexturesToStreamPerFrame:0]]
[2019.11.14-07.33.09:472][  0]LogConfig: Setting CVar [[r.Streaming.Boost:1]]
[2019.11.14-07.33.09:472][  0]LogConfig: Setting CVar [[r.MaxAnisotropy:8]]
[2019.11.14-07.33.09:472][  0]LogConfig: Setting CVar [[r.Streaming.LimitPoolSizeToVRAM:0]]
[2019.11.14-07.33.09:472][  0]LogConfig: Setting CVar [[r.Streaming.PoolSize:1000]]
[2019.11.14-07.33.09:472][  0]LogConfig: Setting CVar [[r.Streaming.MaxEffectiveScreenSize:0]]
[2019.11.14-07.33.09:472][  0]LogConfig: Applying CVar settings from Section [EffectsQuality@3] File [F:/Универ/7 семестр/АКГ/AKG/MyGame/Saved/Config/Windows/Scalability.ini]
[2019.11.14-07.33.09:472][  0]LogConfig: Setting CVar [[r.TranslucencyLightingVolumeDim:64]]
[2019.11.14-07.33.09:472][  0]LogConfig: Setting CVar [[r.RefractionQuality:2]]
[2019.11.14-07.33.09:472][  0]LogConfig: Setting CVar [[r.SSR.Quality:3]]
[2019.11.14-07.33.09:472][  0]LogConfig: Setting CVar [[r.SceneColorFormat:4]]
[2019.11.14-07.33.09:472][  0]LogConfig: Setting CVar [[r.DetailMode:2]]
[2019.11.14-07.33.09:472][  0]LogConfig: Setting CVar [[r.TranslucencyVolumeBlur:1]]
[2019.11.14-07.33.09:472][  0]LogConfig: Setting CVar [[r.MaterialQualityLevel:1 ; High quality]]
[2019.11.14-07.33.09:472][  0]LogConfig: Setting CVar [[r.SSS.Scale:1]]
[2019.11.14-07.33.09:472][  0]LogConfig: Setting CVar [[r.SSS.SampleSet:2]]
[2019.11.14-07.33.09:472][  0]LogConfig: Setting CVar [[r.SSS.Quality:1]]
[2019.11.14-07.33.09:472][  0]LogConfig: Setting CVar [[r.SSS.HalfRes:1]]
[2019.11.14-07.33.09:472][  0]LogConfig: Setting CVar [[r.EmitterSpawnRateScale:1.0]]
[2019.11.14-07.33.09:472][  0]LogConfig: Setting CVar [[r.ParticleLightQuality:2]]
[2019.11.14-07.33.09:472][  0]LogConfig: Applying CVar settings from Section [FoliageQuality@3] File [F:/Универ/7 семестр/АКГ/AKG/MyGame/Saved/Config/Windows/Scalability.ini]
[2019.11.14-07.33.09:472][  0]LogConfig: Setting CVar [[foliage.DensityScale:1.0]]
[2019.11.14-07.33.09:472][  0]LogConfig: Setting CVar [[grass.DensityScale:1.0]]
[2019.11.14-07.33.09:473][  0]LogInit: Selected Device Profile: [Windows]
[2019.11.14-07.33.09:474][  0]LogInit: Applying CVar settings loaded from the selected device profile: [Windows]
[2019.11.14-07.33.09:486][  0]LogHAL: Display: Platform has ~ 8 GB [8129122304 / 8589934592 / 8], which maps to Default [LargestMinGB=32, LargerMinGB=12, DefaultMinGB=8, SmallerMinGB=6, SmallestMinGB=0)
[2019.11.14-07.33.09:486][  0]LogInit: Going up to parent DeviceProfile []
[2019.11.14-07.33.09:486][  0]LogConfig: Applying CVar settings from Section [ViewDistanceQuality@3] File [F:/Универ/7 семестр/АКГ/AKG/MyGame/Saved/Config/Windows/Scalability.ini]
[2019.11.14-07.33.09:486][  0]LogConfig: Setting CVar [[r.SkeletalMeshLODBias:0]]
[2019.11.14-07.33.09:486][  0]LogConfig: Setting CVar [[r.ViewDistanceScale:1.0]]
[2019.11.14-07.33.09:486][  0]LogConfig: Applying CVar settings from Section [AntiAliasingQuality@3] File [F:/Универ/7 семестр/АКГ/AKG/MyGame/Saved/Config/Windows/Scalability.ini]
[2019.11.14-07.33.09:486][  0]LogConfig: Setting CVar [[r.PostProcessAAQuality:4]]
[2019.11.14-07.33.09:486][  0]LogConfig: Applying CVar settings from Section [ShadowQuality@3] File [F:/Универ/7 семестр/АКГ/AKG/MyGame/Saved/Config/Windows/Scalability.ini]
[2019.11.14-07.33.09:487][  0]LogConfig: Setting CVar [[r.LightFunctionQuality:1]]
[2019.11.14-07.33.09:487][  0]LogConfig: Setting CVar [[r.ShadowQuality:5]]
[2019.11.14-07.33.09:487][  0]LogConfig: Setting CVar [[r.Shadow.CSM.MaxCascades:10]]
[2019.11.14-07.33.09:487][  0]LogConfig: Setting CVar [[r.Shadow.MaxResolution:2048]]
[2019.11.14-07.33.09:487][  0]LogConfig: Setting CVar [[r.Shadow.MaxCSMResolution:2048]]
[2019.11.14-07.33.09:487][  0]LogConfig: Setting CVar [[r.Shadow.RadiusThreshold:0.01]]
[2019.11.14-07.33.09:487][  0]LogConfig: Setting CVar [[r.Shadow.DistanceScale:1.0]]
[2019.11.14-07.33.09:487][  0]LogConfig: Setting CVar [[r.Shadow.CSM.TransitionScale:1.0]]
[2019.11.14-07.33.09:487][  0]LogConfig: Setting CVar [[r.Shadow.PreShadowResolutionFactor:1.0]]
[2019.11.14-07.33.09:487][  0]LogConfig: Setting CVar [[r.DistanceFieldShadowing:1]]
[2019.11.14-07.33.09:487][  0]LogConfig: Setting CVar [[r.DistanceFieldAO:1]]
[2019.11.14-07.33.09:487][  0]LogConfig: Setting CVar [[r.AOQuality:2]]
[2019.11.14-07.33.09:487][  0]LogConfig: Setting CVar [[r.VolumetricFog:1]]
[2019.11.14-07.33.09:487][  0]LogConfig: Setting CVar [[r.VolumetricFog.GridPixelSize:8]]
[2019.11.14-07.33.09:487][  0]LogConfig: Setting CVar [[r.VolumetricFog.GridSizeZ:128]]
[2019.11.14-07.33.09:487][  0]LogConfig: Setting CVar [[r.VolumetricFog.HistoryMissSupersampleCount:4]]
[2019.11.14-07.33.09:487][  0]LogConfig: Setting CVar [[r.LightMaxDrawDistanceScale:1]]
[2019.11.14-07.33.09:487][  0]LogConfig: Setting CVar [[r.CapsuleShadows:1]]
[2019.11.14-07.33.09:487][  0]LogConfig: Applying CVar settings from Section [PostProcessQuality@3] File [F:/Универ/7 семестр/АКГ/AKG/MyGame/Saved/Config/Windows/Scalability.ini]
[2019.11.14-07.33.09:487][  0]LogConfig: Setting CVar [[r.MotionBlurQuality:4]]
[2019.11.14-07.33.09:487][  0]LogConfig: Setting CVar [[r.AmbientOcclusionMipLevelFactor:0.4]]
[2019.11.14-07.33.09:487][  0]LogConfig: Setting CVar [[r.AmbientOcclusionMaxQuality:100]]
[2019.11.14-07.33.09:487][  0]LogConfig: Setting CVar [[r.AmbientOcclusionLevels:-1]]
[2019.11.14-07.33.09:487][  0]LogConfig: Setting CVar [[r.AmbientOcclusionRadiusScale:1.0]]
[2019.11.14-07.33.09:487][  0]LogConfig: Setting CVar [[r.DepthOfFieldQuality:2]]
[2019.11.14-07.33.09:487][  0]LogConfig: Setting CVar [[r.RenderTargetPoolMin:400]]
[2019.11.14-07.33.09:487][  0]LogConfig: Setting CVar [[r.LensFlareQuality:2]]
[2019.11.14-07.33.09:487][  0]LogConfig: Setting CVar [[r.SceneColorFringeQuality:1]]
[2019.11.14-07.33.09:487][  0]LogConfig: Setting CVar [[r.EyeAdaptationQuality:2]]
[2019.11.14-07.33.09:487][  0]LogConfig: Setting CVar [[r.BloomQuality:5]]
[2019.11.14-07.33.09:487][  0]LogConfig: Setting CVar [[r.FastBlurThreshold:100]]
[2019.11.14-07.33.09:487][  0]LogConfig: Setting CVar [[r.Upscale.Quality:3]]
[2019.11.14-07.33.09:487][  0]LogConfig: Setting CVar [[r.Tonemapper.GrainQuantization:1]]
[2019.11.14-07.33.09:487][  0]LogConfig: Setting CVar [[r.LightShaftQuality:1]]
[2019.11.14-07.33.09:487][  0]LogConfig: Setting CVar [[r.Filter.SizeScale:1]]
[2019.11.14-07.33.09:487][  0]LogConfig: Setting CVar [[r.Tonemapper.Quality:5]]
[2019.11.14-07.33.09:487][  0]LogConfig: Setting CVar [[r.DOF.Gather.AccumulatorQuality:1        ; higher gathering accumulator quality]]
[2019.11.14-07.33.09:487][  0]LogConfig: Setting CVar [[r.DOF.Gather.PostfilterMethod:1          ; Median3x3 postfilering method]]
[2019.11.14-07.33.09:487][  0]LogConfig: Setting CVar [[r.DOF.Gather.EnableBokehSettings:0       ; no bokeh simulation when gathering]]
[2019.11.14-07.33.09:487][  0]LogConfig: Setting CVar [[r.DOF.Gather.RingCount:4                 ; medium number of samples when gathering]]
[2019.11.14-07.33.09:487][  0]LogConfig: Setting CVar [[r.DOF.Scatter.ForegroundCompositing:1    ; additive foreground scattering]]
[2019.11.14-07.33.09:487][  0]LogConfig: Setting CVar [[r.DOF.Scatter.BackgroundCompositing:2    ; additive background scattering]]
[2019.11.14-07.33.09:487][  0]LogConfig: Setting CVar [[r.DOF.Scatter.EnableBokehSettings:1      ; bokeh simulation when scattering]]
[2019.11.14-07.33.09:487][  0]LogConfig: Setting CVar [[r.DOF.Scatter.MaxSpriteRatio:0.1         ; only a maximum of 10% of scattered bokeh]]
[2019.11.14-07.33.09:487][  0]LogConfig: Setting CVar [[r.DOF.Recombine.Quality:1                ; cheap slight out of focus]]
[2019.11.14-07.33.09:487][  0]LogConfig: Setting CVar [[r.DOF.Recombine.EnableBokehSettings:0    ; no bokeh simulation on slight out of focus]]
[2019.11.14-07.33.09:487][  0]LogConfig: Setting CVar [[r.DOF.TemporalAAQuality:1                ; more stable temporal accumulation]]
[2019.11.14-07.33.09:487][  0]LogConfig: Setting CVar [[r.DOF.Kernel.MaxForegroundRadius:0.025]]
[2019.11.14-07.33.09:487][  0]LogConfig: Setting CVar [[r.DOF.Kernel.MaxBackgroundRadius:0.025]]
[2019.11.14-07.33.09:487][  0]LogConfig: Applying CVar settings from Section [TextureQuality@3] File [F:/Универ/7 семестр/АКГ/AKG/MyGame/Saved/Config/Windows/Scalability.ini]
[2019.11.14-07.33.09:488][  0]LogConfig: Setting CVar [[r.Streaming.MipBias:0]]
[2019.11.14-07.33.09:488][  0]LogConfig: Setting CVar [[r.Streaming.AmortizeCPUToGPUCopy:0]]
[2019.11.14-07.33.09:488][  0]LogConfig: Setting CVar [[r.Streaming.MaxNumTexturesToStreamPerFrame:0]]
[2019.11.14-07.33.09:488][  0]LogConfig: Setting CVar [[r.Streaming.Boost:1]]
[2019.11.14-07.33.09:488][  0]LogConfig: Setting CVar [[r.MaxAnisotropy:8]]
[2019.11.14-07.33.09:488][  0]LogConfig: Setting CVar [[r.Streaming.LimitPoolSizeToVRAM:0]]
[2019.11.14-07.33.09:488][  0]LogConfig: Setting CVar [[r.Streaming.PoolSize:1000]]
[2019.11.14-07.33.09:488][  0]LogConfig: Setting CVar [[r.Streaming.MaxEffectiveScreenSize:0]]
[2019.11.14-07.33.09:488][  0]LogConfig: Applying CVar settings from Section [EffectsQuality@3] File [F:/Универ/7 семестр/АКГ/AKG/MyGame/Saved/Config/Windows/Scalability.ini]
[2019.11.14-07.33.09:488][  0]LogConfig: Setting CVar [[r.TranslucencyLightingVolumeDim:64]]
[2019.11.14-07.33.09:488][  0]LogConfig: Setting CVar [[r.RefractionQuality:2]]
[2019.11.14-07.33.09:488][  0]LogConfig: Setting CVar [[r.SSR.Quality:3]]
[2019.11.14-07.33.09:488][  0]LogConfig: Setting CVar [[r.SceneColorFormat:4]]
[2019.11.14-07.33.09:488][  0]LogConfig: Setting CVar [[r.DetailMode:2]]
[2019.11.14-07.33.09:488][  0]LogConfig: Setting CVar [[r.TranslucencyVolumeBlur:1]]
[2019.11.14-07.33.09:488][  0]LogConfig: Setting CVar [[r.MaterialQualityLevel:1 ; High quality]]
[2019.11.14-07.33.09:488][  0]LogConfig: Setting CVar [[r.SSS.Scale:1]]
[2019.11.14-07.33.09:488][  0]LogConfig: Setting CVar [[r.SSS.SampleSet:2]]
[2019.11.14-07.33.09:488][  0]LogConfig: Setting CVar [[r.SSS.Quality:1]]
[2019.11.14-07.33.09:488][  0]LogConfig: Setting CVar [[r.SSS.HalfRes:1]]
[2019.11.14-07.33.09:488][  0]LogConfig: Setting CVar [[r.EmitterSpawnRateScale:1.0]]
[2019.11.14-07.33.09:488][  0]LogConfig: Setting CVar [[r.ParticleLightQuality:2]]
[2019.11.14-07.33.09:488][  0]LogConfig: Applying CVar settings from Section [FoliageQuality@3] File [F:/Универ/7 семестр/АКГ/AKG/MyGame/Saved/Config/Windows/Scalability.ini]
[2019.11.14-07.33.09:488][  0]LogConfig: Setting CVar [[foliage.DensityScale:1.0]]
[2019.11.14-07.33.09:488][  0]LogConfig: Setting CVar [[grass.DensityScale:1.0]]
[2019.11.14-07.33.09:488][  0]LogConfig: Applying CVar settings from Section [Startup] File [../../../Engine/Config/ConsoleVariables.ini]
[2019.11.14-07.33.09:495][  0]LogConfig: Setting CVar [[net.UseAdaptiveNetUpdateFrequency:0]]
[2019.11.14-07.33.09:495][  0]LogConfig: Setting CVar [[p.chaos.AllowCreatePhysxBodies:1]]
[2019.11.14-07.33.09:495][  0]LogConfig: Applying CVar settings from Section [ConsoleVariables] File [F:/Универ/7 семестр/АКГ/AKG/MyGame/Saved/Config/Windows/Engine.ini]
[2019.11.14-07.33.09:497][  0]LogInit: Computer: DESKTOP-IL8FIDG
[2019.11.14-07.33.09:497][  0]LogInit: User: User
[2019.11.14-07.33.09:497][  0]LogInit: CPU Page size=4096, Cores=2
[2019.11.14-07.33.09:497][  0]LogInit: High frequency timer resolution =2.533316 MHz
[2019.11.14-07.33.09:497][  0]LogMemory: Memory total: Physical=7.6GB (8GB approx)
[2019.11.14-07.33.09:497][  0]LogMemory: Platform Memory Stats for Windows
[2019.11.14-07.33.09:497][  0]LogMemory: Process Physical Memory: 100.14 MB used, 100.14 MB peak
[2019.11.14-07.33.09:497][  0]LogMemory: Process Virtual Memory: 87.75 MB used, 87.75 MB peak
[2019.11.14-07.33.09:497][  0]LogMemory: Physical Memory: 4269.38 MB used,  3483.16 MB free, 7752.54 MB total
[2019.11.14-07.33.09:497][  0]LogMemory: Virtual Memory: 521.30 MB used,  134217208.00 MB free, 134217728.00 MB total
[2019.11.14-07.33.09:502][  0]LogWindows: WindowsPlatformFeatures enabled
[2019.11.14-07.33.09:845][  0]LogInit: Using OS detected language (ru-RU).
[2019.11.14-07.33.09:845][  0]LogInit: Using OS detected locale (ru-RU).
[2019.11.14-07.33.09:848][  0]LogTextLocalizationManager: No specific localization for 'ru-RU' exists, so the 'ru' localization will be used.
[2019.11.14-07.33.09:848][  0]LogTextLocalizationResource: LocRes '../../../Engine/Content/Localization/Editor/ru/Editor.locres' could not be opened for reading!
[2019.11.14-07.33.09:848][  0]LogTextLocalizationResource: LocRes '../../../Engine/Content/Localization/EditorTutorials/ru/EditorTutorials.locres' could not be opened for reading!
[2019.11.14-07.33.09:849][  0]LogTextLocalizationResource: LocRes '../../../Engine/Content/Localization/Keywords/ru/Keywords.locres' could not be opened for reading!
[2019.11.14-07.33.09:849][  0]LogTextLocalizationResource: LocRes '../../../Engine/Content/Localization/Category/ru/Category.locres' could not be opened for reading!
[2019.11.14-07.33.09:849][  0]LogTextLocalizationResource: LocRes '../../../Engine/Content/Localization/ToolTips/ru/ToolTips.locres' could not be opened for reading!
[2019.11.14-07.33.09:850][  0]LogTextLocalizationResource: LocRes '../../../Engine/Content/Localization/PropertyNames/ru/PropertyNames.locres' could not be opened for reading!
[2019.11.14-07.33.09:850][  0]LogTextLocalizationResource: LocRes '../../../Engine/Content/Localization/Engine/ru/Engine.locres' could not be opened for reading!
[2019.11.14-07.33.09:885][  0]LogInit: Setting process to per monitor DPI aware
[2019.11.14-07.33.10:012][  0]LogSlate: New Slate User Created.  User Index 0, Is Virtual User: 0
[2019.11.14-07.33.10:012][  0]LogSlate: Slate User Registered.  User Index 0, Is Virtual User: 0
[2019.11.14-07.33.13:138][  0]LogHMD: Failed to initialize OpenVR with code 110
[2019.11.14-07.33.13:138][  0]LogD3D11RHI: D3D11 adapters:
[2019.11.14-07.33.13:285][  0]LogD3D11RHI:    0. 'NVIDIA GeForce GT 740M' (Feature Level 11_0)
[2019.11.14-07.33.13:285][  0]LogD3D11RHI:       986/0/3876 MB DedicatedVideo/DedicatedSystem/SharedSystem, Outputs:1, VendorId:0x10de
[2019.11.14-07.33.13:291][  0]LogD3D11RHI:    1. 'Intel(R) HD Graphics 4000' (Feature Level 11_0)
[2019.11.14-07.33.13:291][  0]LogD3D11RHI:       32/0/1760 MB DedicatedVideo/DedicatedSystem/SharedSystem, Outputs:0, VendorId:0x8086
[2019.11.14-07.33.13:293][  0]LogD3D11RHI:    2. 'Microsoft Basic Render Driver' (Feature Level 11_0)
[2019.11.14-07.33.13:294][  0]LogD3D11RHI:       0/0/3876 MB DedicatedVideo/DedicatedSystem/SharedSystem, Outputs:0, VendorId:0x1414
[2019.11.14-07.33.13:294][  0]LogD3D11RHI: Chosen D3D11 Adapter: 0
[2019.11.14-07.33.13:304][  0]LogD3D11RHI: Creating new Direct3DDevice
[2019.11.14-07.33.13:304][  0]LogD3D11RHI:     GPU DeviceId: 0x1292 (for the marketing name, search the web for "GPU Device Id")
[2019.11.14-07.33.13:304][  0]LogWindows: EnumDisplayDevices:
[2019.11.14-07.33.13:305][  0]LogWindows:    0. 'Intel(R) HD Graphics 4000' (P:1 D:1)
[2019.11.14-07.33.13:305][  0]LogWindows:    1. 'Intel(R) HD Graphics 4000' (P:0 D:0)
[2019.11.14-07.33.13:305][  0]LogWindows:    2. 'Intel(R) HD Graphics 4000' (P:0 D:0)
[2019.11.14-07.33.13:306][  0]LogWindows: DebugString: PrimaryIsNotTheChoosenAdapter PrimaryIsNotTheChoosenAdapter PrimaryIsNotTheChoosenAdapter FoundDriverCount:0 
[2019.11.14-07.33.13:306][  0]LogD3D11RHI:     Adapter Name: NVIDIA GeForce GT 740M
[2019.11.14-07.33.13:306][  0]LogD3D11RHI:   Driver Version: Unknown (internal:Unknown, unified:Unknown)
[2019.11.14-07.33.13:306][  0]LogD3D11RHI:      Driver Date: Unknown
[2019.11.14-07.33.13:306][  0]LogRHI: Texture pool is 690 MB (70% of 986 MB)
[2019.11.14-07.33.13:409][  0]LogD3D11RHI: Async texture creation enabled
[2019.11.14-07.33.13:446][  0]LogD3D11RHI: GPU Timing Frequency: 1000.000000 (Debug: 2 1)
[2019.11.14-07.33.14:330][  0]LogTemp: Display: Module 'AllDesktopTargetPlatform' loaded TargetPlatform 'AllDesktop'
[2019.11.14-07.33.14:353][  0]LogTemp: Display: Module 'MacClientTargetPlatform' loaded TargetPlatform 'MacClient'
[2019.11.14-07.33.14:374][  0]LogTemp: Display: Module 'MacNoEditorTargetPlatform' loaded TargetPlatform 'MacNoEditor'
[2019.11.14-07.33.14:394][  0]LogTemp: Display: Module 'MacServerTargetPlatform' loaded TargetPlatform 'MacServer'
[2019.11.14-07.33.14:422][  0]LogTemp: Display: Module 'MacTargetPlatform' loaded TargetPlatform 'Mac'
[2019.11.14-07.33.14:440][  0]LogTemp: Display: Module 'WindowsClientTargetPlatform' loaded TargetPlatform 'WindowsClient'
[2019.11.14-07.33.14:460][  0]LogTemp: Display: Module 'WindowsNoEditorTargetPlatform' loaded TargetPlatform 'WindowsNoEditor'
[2019.11.14-07.33.14:478][  0]LogTemp: Display: Module 'WindowsServerTargetPlatform' loaded TargetPlatform 'WindowsServer'
[2019.11.14-07.33.14:489][  0]LogTemp: Display: Module 'WindowsTargetPlatform' loaded TargetPlatform 'Windows'
[2019.11.14-07.33.14:569][  0]LogTemp: Display: Module 'AndroidTargetPlatform' loaded TargetPlatform 'Android'
[2019.11.14-07.33.14:569][  0]LogTemp: Display: Module 'AndroidTargetPlatform' loaded TargetPlatform 'Android_ASTC'
[2019.11.14-07.33.14:569][  0]LogTemp: Display: Module 'AndroidTargetPlatform' loaded TargetPlatform 'Android_ATC'
[2019.11.14-07.33.14:569][  0]LogTemp: Display: Module 'AndroidTargetPlatform' loaded TargetPlatform 'Android_DXT'
[2019.11.14-07.33.14:569][  0]LogTemp: Display: Module 'AndroidTargetPlatform' loaded TargetPlatform 'Android_ETC1'
[2019.11.14-07.33.14:569][  0]LogTemp: Display: Module 'AndroidTargetPlatform' loaded TargetPlatform 'Android_ETC1a'
[2019.11.14-07.33.14:569][  0]LogTemp: Display: Module 'AndroidTargetPlatform' loaded TargetPlatform 'Android_ETC2'
[2019.11.14-07.33.14:569][  0]LogTemp: Display: Module 'AndroidTargetPlatform' loaded TargetPlatform 'Android_PVRTC'
[2019.11.14-07.33.14:569][  0]LogTemp: Display: Module 'AndroidTargetPlatform' loaded TargetPlatform 'AndroidClient'
[2019.11.14-07.33.14:569][  0]LogTemp: Display: Module 'AndroidTargetPlatform' loaded TargetPlatform 'Android_ASTCClient'
[2019.11.14-07.33.14:569][  0]LogTemp: Display: Module 'AndroidTargetPlatform' loaded TargetPlatform 'Android_ATCClient'
[2019.11.14-07.33.14:569][  0]LogTemp: Display: Module 'AndroidTargetPlatform' loaded TargetPlatform 'Android_DXTClient'
[2019.11.14-07.33.14:569][  0]LogTemp: Display: Module 'AndroidTargetPlatform' loaded TargetPlatform 'Android_ETC1Client'
[2019.11.14-07.33.14:569][  0]LogTemp: Display: Module 'AndroidTargetPlatform' loaded TargetPlatform 'Android_ETC1aClient'
[2019.11.14-07.33.14:569][  0]LogTemp: Display: Module 'AndroidTargetPlatform' loaded TargetPlatform 'Android_ETC2Client'
[2019.11.14-07.33.14:569][  0]LogTemp: Display: Module 'AndroidTargetPlatform' loaded TargetPlatform 'Android_PVRTCClient'
[2019.11.14-07.33.14:570][  0]LogTemp: Display: Module 'AndroidTargetPlatform' loaded TargetPlatform 'Android_Multi'
[2019.11.14-07.33.14:570][  0]LogTemp: Display: Module 'AndroidTargetPlatform' loaded TargetPlatform 'Android_MultiClient'
[2019.11.14-07.33.14:575][  0]LogTemp: Display: Module 'HTML5TargetPlatform' loaded TargetPlatform 'HTML5'
[2019.11.14-07.33.14:625][  0]LogTemp: Display: Module 'IOSTargetPlatform' loaded TargetPlatform 'IOSClient'
[2019.11.14-07.33.14:625][  0]LogTemp: Display: Module 'IOSTargetPlatform' loaded TargetPlatform 'IOS'
[2019.11.14-07.33.14:650][  0]LogTemp: Display: Module 'TVOSTargetPlatform' loaded TargetPlatform 'TVOSClient'
[2019.11.14-07.33.14:650][  0]LogTemp: Display: Module 'TVOSTargetPlatform' loaded TargetPlatform 'TVOS'
[2019.11.14-07.33.14:663][  0]LogTemp: Display: Module 'LinuxClientTargetPlatform' loaded TargetPlatform 'LinuxClient'
[2019.11.14-07.33.14:678][  0]LogTemp: Display: Module 'LinuxNoEditorTargetPlatform' loaded TargetPlatform 'LinuxNoEditor'
[2019.11.14-07.33.14:694][  0]LogTemp: Display: Module 'LinuxServerTargetPlatform' loaded TargetPlatform 'LinuxServer'
[2019.11.14-07.33.14:722][  0]LogTemp: Display: Module 'LinuxTargetPlatform' loaded TargetPlatform 'Linux'
[2019.11.14-07.33.14:771][  0]LogTemp: Display: Module 'LuminTargetPlatform' loaded TargetPlatform 'Lumin'
[2019.11.14-07.33.14:771][  0]LogTemp: Display: Module 'LuminTargetPlatform' loaded TargetPlatform 'LuminClient'
[2019.11.14-07.33.14:771][  0]LogTargetPlatformManager: Display: Building Assets For Windows
[2019.11.14-07.33.14:841][  0]LogAudioDebug: Display: Lib vorbis DLL was dynamically loaded.
[2019.11.14-07.33.15:056][  0]LogShaderCompilers: Guid format shader working directory is 10 characters bigger than the processId version (F:/Универ/7 семестр/АКГ/AKG/MyGame/Intermediate/Shaders/WorkingDirectory/12852/).
[2019.11.14-07.33.15:057][  0]LogShaderCompilers: Cleaned the shader compiler working directory 'C:/Users/User/AppData/Local/Temp/UnrealShaderWorkingDir/4CD30D3D4BEAB90F43384E90F1B10F57/'.
[2019.11.14-07.33.15:064][  0]LogXGEController: Cleaning working directory: C:/Users/User/AppData/Local/Temp/UnrealXGEWorkingDir/
[2019.11.14-07.33.15:064][  0]LogXGEController: Cannot use XGE Controller as Incredibuild is not installed on this machine.
[2019.11.14-07.33.15:064][  0]LogShaderCompilers: Cannot use XGE Shader Compiler as Incredibuild is not installed on this machine.
[2019.11.14-07.33.15:064][  0]LogShaderCompilers: Display: Using Local Shader Compiler.
[2019.11.14-07.33.19:096][  0]LogDerivedDataCache: Display: Max Cache Size: 512 MB
[2019.11.14-07.33.19:374][  0]LogDerivedDataCache: Loaded boot cache 0.28s 74MB C:/Users/User/AppData/Local/UnrealEngine/4.23/DerivedDataCache/Boot.ddc.
[2019.11.14-07.33.19:374][  0]LogDerivedDataCache: Display: Loaded Boot cache: C:/Users/User/AppData/Local/UnrealEngine/4.23/DerivedDataCache/Boot.ddc
[2019.11.14-07.33.19:375][  0]LogDerivedDataCache: FDerivedDataBackendGraph:  Pak pak cache file F:/Универ/7 семестр/АКГ/AKG/MyGame/DerivedDataCache/DDC.ddp not found, will not use a pak cache.
[2019.11.14-07.33.19:375][  0]LogDerivedDataCache: Unable to find inner node Pak for hierarchical cache Hierarchy.
[2019.11.14-07.33.19:375][  0]LogDerivedDataCache: FDerivedDataBackendGraph:  CompressedPak pak cache file F:/Универ/7 семестр/АКГ/AKG/MyGame/DerivedDataCache/Compressed.ddp not found, will not use a pak cache.
[2019.11.14-07.33.19:375][  0]LogDerivedDataCache: Unable to find inner node CompressedPak for hierarchical cache Hierarchy.
[2019.11.14-07.33.19:408][  0]LogDerivedDataCache: Display: Pak cache opened for reading ../../../Engine/DerivedDataCache/Compressed.ddp.
[2019.11.14-07.33.19:421][  0]LogDerivedDataCache: Display: Pak cache opened for reading ../../../Enterprise/DerivedDataCache/Compressed.ddp.
[2019.11.14-07.33.19:423][  0]LogDerivedDataCache: Using Local data cache path C:/Users/User/AppData/Local/UnrealEngine/Common/DerivedDataCache: Writable
[2019.11.14-07.33.19:423][  0]LogDerivedDataCache: Shared data cache path not found in *engine.ini, will not use an Shared cache.
[2019.11.14-07.33.19:423][  0]LogDerivedDataCache: Unable to find inner node Shared for hierarchical cache Hierarchy.
[2019.11.14-07.33.19:469][  0]LogMaterial: Verifying Global Shaders for PCD3D_SM5
[2019.11.14-07.33.19:479][  0]LogSlate: Using FreeType 2.6.0
[2019.11.14-07.33.19:500][  0]LogSlate: SlateFontServices - WITH_FREETYPE: 1, WITH_HARFBUZZ: 1
[2019.11.14-07.33.19:920][  0]LogAssetRegistry: FAssetRegistry took 0.0059 seconds to start up
[2019.11.14-07.33.20:718][  0]LogInit: Selected Device Profile: [Windows]
[2019.11.14-07.33.21:282][  0]LogMeshReduction: Using QuadricMeshReduction for automatic static mesh reduction
[2019.11.14-07.33.21:282][  0]LogMeshReduction: Using SimplygonMeshReduction for automatic skeletal mesh reduction
[2019.11.14-07.33.21:282][  0]LogMeshReduction: Using ProxyLODMeshReduction for automatic mesh merging
[2019.11.14-07.33.21:282][  0]LogMeshReduction: No distributed automatic mesh merging module available
[2019.11.14-07.33.21:283][  0]LogMeshMerging: No distributed automatic mesh merging module available
[2019.11.14-07.33.21:357][  0]LogNetVersion: MyGame 1.0.0, NetCL: 8386587, EngineNetVer: 11, GameNetVer: 0 (Checksum: 4240746401)
[2019.11.14-07.33.23:263][  0]LogPackageLocalizationCache: Processed 18 localized package path(s) for 1 prioritized culture(s) in 0.134969 seconds
[2019.11.14-07.33.23:272][  0]LogUObjectArray: 43444 objects as part of root set at end of initial load.
[2019.11.14-07.33.23:272][  0]LogUObjectAllocator: 7548648 out of 0 bytes used by permanent object pool.
[2019.11.14-07.33.23:272][  0]LogUObjectArray: CloseDisregardForGC: 0/0 objects in disregard for GC pool
[2019.11.14-07.33.30:432][  0]LogTcpMessaging: Initializing TcpMessaging bridge
[2019.11.14-07.33.30:446][  0]LogUdpMessaging: Initializing bridge on interface 0.0.0.0:0 to multicast group 230.0.0.1:6666.
[2019.11.14-07.33.30:692][  0]SourceControl: Source control is disabled
[2019.11.14-07.33.30:692][  0]SourceControl: Source control is disabled
[2019.11.14-07.33.30:710][  0]SourceControl: Source control is disabled
[2019.11.14-07.33.30:716][  0]SourceControl: Source control is disabled
[2019.11.14-07.33.31:713][  0]LogAndroidPermission: UAndroidPermissionCallbackProxy::GetInstance
[2019.11.14-07.33.31:939][  0]LogOcInput: OculusInput pre-init called
[2019.11.14-07.33.31:966][  0]LogWindows: Failed to load 'OVRPlugin.dll' (GetLastError=126)
[2019.11.14-07.33.31:966][  0]LogWindows: File 'OVRPlugin.dll' does not exist
[2019.11.14-07.33.38:016][  0]LogEngine: Initializing Engine...
[2019.11.14-07.33.38:022][  0]LogHMD: Failed to initialize OpenVR with code 110
[2019.11.14-07.33.38:030][  0]LogStats: UGameplayTagsManager::InitializeManager -  0.003 s
[2019.11.14-07.33.38:829][  0]LogInit: Initializing FReadOnlyCVARCache
[2019.11.14-07.33.38:944][  0]LogAIModule: Creating AISystem for world Untitled
[2019.11.14-07.33.39:012][  0]LogInit: XAudio2 using 'Наушники гарнитуры (Logitech H570e Stereo)' : 2 channels at 44.1 kHz using 16 bits per sample (channel mask 0x3)
[2019.11.14-07.33.39:039][  0]LogInit: FAudioDevice initialized.
[2019.11.14-07.33.39:040][  0]LogNetVersion: Set ProjectVersion to 1.0.0.0. Version Checksum will be recalculated on next use.
[2019.11.14-07.33.39:157][  0]LogDerivedDataCache: Saved boot cache 0.12s 74MB C:/Users/User/AppData/Local/UnrealEngine/4.23/DerivedDataCache/Boot.ddc.
[2019.11.14-07.33.39:166][  0]LogInit: Texture streaming: Enabled
[2019.11.14-07.33.39:238][  0]LogEngineSessionManager: EngineSessionManager initialized
[2019.11.14-07.33.39:434][  0]LogInit: Transaction tracking system initialized
[2019.11.14-07.33.39:581][  0]BlueprintLog: New page: Editor Load
[2019.11.14-07.33.39:927][  0]LocalizationService: Localization service is disabled
[2019.11.14-07.33.41:223][  0]LogCook: Display: Max memory allowance for cook 16384mb min free memory 0mb
[2019.11.14-07.33.41:224][  0]LogCook: Display: Mobile HDR setting 1
[2019.11.14-07.33.41:866][  0]LogFileCache: Scanning file cache for directory 'F:/Универ/7 семестр/АКГ/AKG/MyGame/Content/' took 0.05s
[2019.11.14-07.33.45:202][  0]SourceControl: Source control is disabled
[2019.11.14-07.33.45:208][  0]Cmd: MAP LOAD FILE="F:/Универ/7 семестр/АКГ/AKG/MyGame/Content/StarterContent/Maps/Minimal_Default.umap" TEMPLATE=0 SHOWPROGRESS=1 FEATURELEVEL=3
[2019.11.14-07.33.45:302][  0]LightingResults: New page: Lighting Build
[2019.11.14-07.33.45:329][  0]LogWorld: UWorld::CleanupWorld for Untitled, bSessionEnded=true, bCleanupResources=true
[2019.11.14-07.33.45:336][  0]MapCheck: New page: Map Check
[2019.11.14-07.33.45:337][  0]LightingResults: New page: Lighting Build
[2019.11.14-07.33.45:430][  0]LogUObjectHash: Compacting FUObjectHashTables data took   3.43ms
[2019.11.14-07.33.51:476][  0]LogAIModule: Creating AISystem for world Minimal_Default
[2019.11.14-07.33.52:004][  0]LogEditorServer: Finished looking for orphan Actors (0.000 secs)
[2019.11.14-07.33.52:135][  0]LogUObjectHash: Compacting FUObjectHashTables data took   7.16ms
[2019.11.14-07.33.52:137][  0]Cmd: MAP CHECKDEP NOCLEARLOG
[2019.11.14-07.33.52:138][  0]MapCheck: Map check complete: 0 Error(s), 0 Warning(s), took 1,204ms to complete.
[2019.11.14-07.33.52:138][  0]LogFileHelpers: Loading map 'Minimal_Default' took 6.934
[2019.11.14-07.33.52:550][  0]LogSlate: Updating window title bar state: overlay mode, drag disabled, window buttons hidden, title bar hidden
[2019.11.14-07.33.52:569][  0]LogSlate: Updating window title bar state: overlay mode, drag disabled, window buttons hidden, title bar hidden
[2019.11.14-07.33.52:588][  0]LogSlate: Updating window title bar state: overlay mode, drag disabled, window buttons hidden, title bar hidden
[2019.11.14-07.33.52:608][  0]LogSlate: Updating window title bar state: overlay mode, drag disabled, window buttons hidden, title bar hidden
[2019.11.14-07.33.52:730][  0]LogCollectionManager: Loaded 0 collections in 0.005203 seconds
[2019.11.14-07.33.52:776][  0]LogFileCache: Scanning file cache for directory 'F:/Универ/7 семестр/АКГ/AKG/MyGame/Saved/Collections/' took 0.00s
[2019.11.14-07.33.52:776][  0]LogFileCache: Scanning file cache for directory 'F:/Универ/7 семестр/АКГ/AKG/MyGame/Content/Developers/User/Collections/' took 0.00s
[2019.11.14-07.33.52:776][  0]LogFileCache: Scanning file cache for directory 'F:/Универ/7 семестр/АКГ/AKG/MyGame/Content/Collections/' took 0.00s
[2019.11.14-07.33.52:776][  0]LogCollectionManager: Rebuilt the GUID cache for 0 collections in 0.000003 seconds
[2019.11.14-07.33.52:802][  0]LogContentBrowser: Native class hierarchy populated in 0.0220 seconds. Added 3045 classes and 765 folders.
[2019.11.14-07.33.52:835][  0]LogContentBrowser: Native class hierarchy updated for 'WidgetCarousel' in 0.0003 seconds. Added 0 classes and 0 folders.
[2019.11.14-07.33.53:476][  0]LogContentBrowser: Native class hierarchy updated for 'AddContentDialog' in 0.0005 seconds. Added 0 classes and 0 folders.
[2019.11.14-07.33.53:835][  0]LogSlate: Took 0.016051 seconds to synchronously load lazily loaded font '../../../Engine/Content/Slate/Fonts/Roboto-Regular.ttf' (155K)
[2019.11.14-07.33.53:854][  0]LogSlate: Took 0.007814 seconds to synchronously load lazily loaded font '../../../Engine/Content/Slate/Fonts/Roboto-Bold.ttf' (160K)
[2019.11.14-07.33.53:867][  0]LogSlate: Took 0.009454 seconds to synchronously load lazily loaded font '../../../Engine/Content/Editor/Slate/Fonts/FontAwesome.ttf' (139K)
[2019.11.14-07.33.54:056][  0]LogRenderer: Reallocating scene render targets to support 1044x612 Format 10 NumSamples 1 (Frame:1).
[2019.11.14-07.33.54:326][  0]LogSlate: Took 0.013786 seconds to synchronously load lazily loaded font '../../../Engine/Content/Slate/Fonts/Roboto-Light.ttf' (167K)
[2019.11.14-07.33.54:931][  0]LogContentBrowser: Native class hierarchy updated for 'HierarchicalLODOutliner' in 0.0004 seconds. Added 0 classes and 0 folders.
[2019.11.14-07.33.54:931][  0]LogLoad: (Engine Initialization) Total time: 53.51 seconds
[2019.11.14-07.33.54:931][  0]LogLoad: (Engine Initialization) Total Blueprint compile time: 0.00 seconds
[2019.11.14-07.33.55:176][  0]LogContentStreaming: Texture pool size now 1000 MB
[2019.11.14-07.33.55:566][  2]LogSkinnedMeshComp: Warning: GetSocketByName(head): No SkeletalMesh for Component(CharacterMesh0) Actor(MyPawn_C_0)
[2019.11.14-07.33.55:566][  2]LogSkinnedMeshComp: Warning: GetSocketByName(head): No SkeletalMesh for Component(CharacterMesh0) Actor(MyPawn_C_0)
[2019.11.14-07.33.55:566][  2]LogSkinnedMeshComp: Warning: GetSocketByName(head): No SkeletalMesh for Component(CharacterMesh0) Actor(MyPawn_C_0)
[2019.11.14-07.33.55:568][  2]LogSlate: New Slate User Created.  User Index 8, Is Virtual User: 1
[2019.11.14-07.33.55:568][  2]LogSlate: Slate User Registered.  User Index 8, Is Virtual User: 1
[2019.11.14-07.33.55:569][  2]LogSkinnedMeshComp: Warning: GetSocketByName(head): No SkeletalMesh for Component(CharacterMesh0) Actor(MyPawn_C_0)
[2019.11.14-07.33.59:089][ 39]LogAssetRegistry: Asset discovery search completed in 39.1710 seconds
[2019.11.14-07.33.59:098][ 39]LogCollectionManager: Rebuilt the object cache for 0 collections in 0.000009 seconds (found 0 objects)
[2019.11.14-07.33.59:098][ 39]LogCollectionManager: Fixed up redirectors for 0 collections in 0.000114 seconds (updated 0 objects)
[2019.11.14-07.34.21:190][105]LogUObjectHash: Compacting FUObjectHashTables data took   2.49ms
[2019.11.14-07.34.21:380][105]LogSlate: Window 'MyGame - Unreal Editor' being destroyed
[2019.11.14-07.34.21:381][105]LogWindowsTextInputMethodSystem: Display: IME system now deactivated.
[2019.11.14-07.34.21:600][106]Cmd: QUIT_EDITOR
[2019.11.14-07.34.21:672][106]LogExit: Preparing to exit.
[2019.11.14-07.34.22:528][106]LogWorld: UWorld::CleanupWorld for World_0, bSessionEnded=true, bCleanupResources=true
[2019.11.14-07.34.22:529][106]LogWorld: UWorld::CleanupWorld for World_2, bSessionEnded=true, bCleanupResources=true
[2019.11.14-07.34.22:529][106]LogWorld: UWorld::CleanupWorld for World_3, bSessionEnded=true, bCleanupResources=true
[2019.11.14-07.34.22:529][106]LogWorld: UWorld::CleanupWorld for World_4, bSessionEnded=true, bCleanupResources=true
[2019.11.14-07.34.22:529][106]LogWorld: UWorld::CleanupWorld for World_1, bSessionEnded=true, bCleanupResources=true
[2019.11.14-07.34.22:578][106]LogDemo: Cleaned up 0 splitscreen connections with owner deletion
[2019.11.14-07.34.22:607][106]LogWorld: UWorld::CleanupWorld for None, bSessionEnded=true, bCleanupResources=true
[2019.11.14-07.34.22:607][106]LogExit: Editor shut down
[2019.11.14-07.34.22:609][106]LogExit: Transaction tracking system shut down
[2019.11.14-07.34.23:208][106]LogExit: Object subsystem successfully closed.
[2019.11.14-07.34.23:246][106]LogShaderCompilers: Display: Shaders left to compile 0
[2019.11.14-07.34.23:364][106]LogModuleManager: Shutting down and abandoning module HierarchicalLODOutliner (728)
[2019.11.14-07.34.23:364][106]LogModuleManager: Shutting down and abandoning module AddContentDialog (726)
[2019.11.14-07.34.23:365][106]LogModuleManager: Shutting down and abandoning module WidgetCarousel (725)
[2019.11.14-07.34.23:365][106]LogModuleManager: Shutting down and abandoning module EditorWidgets (722)
[2019.11.14-07.34.23:365][106]LogModuleManager: Shutting down and abandoning module CollectionManager (720)
[2019.11.14-07.34.23:365][106]LogModuleManager: Shutting down and abandoning module SceneOutliner (718)
[2019.11.14-07.34.23:366][106]LogModuleManager: Shutting down and abandoning module StatsViewer (716)
[2019.11.14-07.34.23:367][106]LogModuleManager: Shutting down and abandoning module VirtualTexturingEditor (714)
[2019.11.14-07.34.23:368][106]LogModuleManager: Shutting down and abandoning module FoliageEdit (712)
[2019.11.14-07.34.23:369][106]LogModuleManager: Shutting down and abandoning module LandscapeEditor (710)
[2019.11.14-07.34.23:372][106]LogModuleManager: Shutting down and abandoning module MeshPaintMode (708)
[2019.11.14-07.34.23:373][106]LogModuleManager: Shutting down and abandoning module SceneDepthPickerMode (706)
[2019.11.14-07.34.23:373][106]LogModuleManager: Shutting down and abandoning module ActorPickerMode (704)
[2019.11.14-07.34.23:373][106]LogModuleManager: Shutting down and abandoning module GeometryMode (702)
[2019.11.14-07.34.23:373][106]LogModuleManager: Shutting down and abandoning module TextureAlignMode (700)
[2019.11.14-07.34.23:373][106]LogModuleManager: Shutting down and abandoning module BspMode (698)
[2019.11.14-07.34.23:373][106]LogModuleManager: Shutting down and abandoning module PIEPreviewDeviceProfileSelector (696)
[2019.11.14-07.34.23:375][106]LogModuleManager: Shutting down and abandoning module SequenceRecorderSections (694)
[2019.11.14-07.34.23:375][106]LogModuleManager: Shutting down and abandoning module AutomationWorker (692)
[2019.11.14-07.34.23:375][106]LogModuleManager: Shutting down and abandoning module DatasmithFBXImporter (690)
[2019.11.14-07.34.23:376][106]LogModuleManager: Shutting down and abandoning module DatasmithDeltaGenImporter (688)
[2019.11.14-07.34.23:380][106]LogModuleManager: Shutting down and abandoning module DatasmithVREDImporter (686)
[2019.11.14-07.34.23:380][106]LogModuleManager: Shutting down and abandoning module OculusMR (684)
[2019.11.14-07.34.23:380][106]LogModuleManager: Shutting down and abandoning module AudioCaptureEditor (682)
[2019.11.14-07.34.23:380][106]LogModuleManager: Shutting down and abandoning module MatineeToLevelSequence (680)
[2019.11.14-07.34.23:381][106]LogModuleManager: Shutting down and abandoning module LevelSequenceEditor (678)
[2019.11.14-07.34.23:384][106]LogModuleManager: Shutting down and abandoning module PlacementMode (677)
[2019.11.14-07.34.23:384][106]LogModuleManager: Shutting down and abandoning module MaterialEditor (676)
[2019.11.14-07.34.23:387][106]LogModuleManager: Shutting down and abandoning module ActorSequenceEditor (672)
[2019.11.14-07.34.23:387][106]LogModuleManager: Shutting down and abandoning module WmfMediaFactory (670)
[2019.11.14-07.34.23:387][106]LogModuleManager: Shutting down and abandoning module WmfMediaEditor (668)
[2019.11.14-07.34.23:388][106]LogModuleManager: Shutting down and abandoning module WebMMediaFactory (666)
[2019.11.14-07.34.23:388][106]LogModuleManager: Shutting down and abandoning module WebMMediaEditor (664)
[2019.11.14-07.34.23:388][106]LogModuleManager: Shutting down and abandoning module WebMMedia (662)
[2019.11.14-07.34.23:388][106]LogModuleManager: Shutting down and abandoning module MediaPlayerEditor (660)
[2019.11.14-07.34.23:390][106]LogModuleManager: Shutting down and abandoning module MediaCompositingEditor (658)
[2019.11.14-07.34.23:392][106]LogModuleManager: Shutting down and abandoning module SequenceRecorder (657)
[2019.11.14-07.34.23:392][106]LogModuleManager: Shutting down and abandoning module OpenExrWrapper (654)
[2019.11.14-07.34.23:392][106]LogModuleManager: Shutting down and abandoning module ImgMediaFactory (652)
[2019.11.14-07.34.23:393][106]LogModuleManager: Shutting down and abandoning module ImgMediaEditor (650)
[2019.11.14-07.34.23:393][106]LogModuleManager: Shutting down and abandoning module AvfMediaFactory (648)
[2019.11.14-07.34.23:393][106]LogModuleManager: Shutting down and abandoning module AvfMediaEditor (646)
[2019.11.14-07.34.23:393][106]LogModuleManager: Shutting down and abandoning module AndroidMediaFactory (644)
[2019.11.14-07.34.23:393][106]LogModuleManager: Shutting down and abandoning module AndroidMediaEditor (642)
[2019.11.14-07.34.23:393][106]LogModuleManager: Shutting down and abandoning module MagicLeapCameraPreviewFactory (640)
[2019.11.14-07.34.23:393][106]LogModuleManager: Shutting down and abandoning module MagicLeapMediaCodecFactory (638)
[2019.11.14-07.34.23:393][106]LogModuleManager: Shutting down and abandoning module MagicLeapMediaFactory (636)
[2019.11.14-07.34.23:393][106]LogModuleManager: Shutting down and abandoning module MagicLeapMediaEditor (634)
[2019.11.14-07.34.23:393][106]LogModuleManager: Shutting down and abandoning module CharacterAI (632)
[2019.11.14-07.34.23:393][106]LogModuleManager: Shutting down and abandoning module SmartSnapping (630)
[2019.11.14-07.34.23:393][106]LogModuleManager: Shutting down and abandoning module SessionServices (628)
[2019.11.14-07.34.23:393][106]LogModuleManager: Shutting down and abandoning module MeshPaint (626)
[2019.11.14-07.34.23:395][106]LogModuleManager: Shutting down and abandoning module ViewportSnapping (624)
[2019.11.14-07.34.23:395][106]LogModuleManager: Shutting down and abandoning module ViewportInteraction (622)
[2019.11.14-07.34.23:395][106]LogModuleManager: Shutting down and abandoning module ClothPainter (620)
[2019.11.14-07.34.23:397][106]LogModuleManager: Shutting down and abandoning module SkeletalMeshEditor (619)
[2019.11.14-07.34.23:400][106]LogModuleManager: Shutting down and abandoning module LogVisualizer (616)
[2019.11.14-07.34.23:402][106]LogModuleManager: Shutting down and abandoning module IntroTutorials (614)
[2019.11.14-07.34.23:402][106]LogModuleManager: Shutting down and abandoning module GameProjectGeneration (613)
[2019.11.14-07.34.23:403][106]LogModuleManager: Shutting down and abandoning module LuminPlatformEditor (610)
[2019.11.14-07.34.23:403][106]LogModuleManager: Shutting down and abandoning module IOSPlatformEditor (608)
[2019.11.14-07.34.23:404][106]LogModuleManager: Shutting down and abandoning module HTML5PlatformEditor (606)
[2019.11.14-07.34.23:404][106]LogModuleManager: Shutting down and abandoning module AndroidPlatformEditor (604)
[2019.11.14-07.34.23:404][106]LogModuleManager: Shutting down and abandoning module AndroidDeviceDetection (603)
[2019.11.14-07.34.24:072][106]LogModuleManager: Shutting down and abandoning module WindowsPlatformEditor (600)
[2019.11.14-07.34.24:073][106]LogModuleManager: Shutting down and abandoning module LuminRuntimeSettings (598)
[2019.11.14-07.34.24:073][106]LogModuleManager: Shutting down and abandoning module IOSRuntimeSettings (596)
[2019.11.14-07.34.24:073][106]LogModuleManager: Shutting down and abandoning module AndroidRuntimeSettings (594)
[2019.11.14-07.34.24:073][106]LogModuleManager: Shutting down and abandoning module TimeManagementEditor (592)
[2019.11.14-07.34.24:073][106]LogModuleManager: Shutting down and abandoning module InputBindingEditor (590)
[2019.11.14-07.34.24:073][106]LogModuleManager: Shutting down and abandoning module MergeActors (588)
[2019.11.14-07.34.24:075][106]LogModuleManager: Shutting down and abandoning module LocalizationDashboard (586)
[2019.11.14-07.34.24:076][106]LogModuleManager: Shutting down and abandoning module LocalizationService (585)
[2019.11.14-07.34.24:077][106]LogModuleManager: Shutting down and abandoning module HardwareTargeting (582)
[2019.11.14-07.34.24:077][106]LogModuleManager: Shutting down and abandoning module DeviceProfileEditor (580)
[2019.11.14-07.34.24:077][106]LogModuleManager: Shutting down and abandoning module UndoHistory (578)
[2019.11.14-07.34.24:078][106]LogModuleManager: Shutting down and abandoning module XmlParser (576)
[2019.11.14-07.34.24:078][106]LogModuleManager: Shutting down and abandoning module Blutility (574)
[2019.11.14-07.34.24:078][106]LogModuleManager: Shutting down and abandoning module ProjectSettingsViewer (572)
[2019.11.14-07.34.24:078][106]LogModuleManager: Shutting down and abandoning module ProjectTargetPlatformEditor (571)
[2019.11.14-07.34.24:078][106]LogModuleManager: Shutting down and abandoning module EditorSettingsViewer (568)
[2019.11.14-07.34.24:078][106]LogModuleManager: Shutting down and abandoning module SettingsEditor (566)
[2019.11.14-07.34.24:079][106]LogModuleManager: Shutting down and abandoning module ProjectLauncher (564)
[2019.11.14-07.34.24:080][106]LogModuleManager: Shutting down and abandoning module SessionFrontend (562)
[2019.11.14-07.34.24:080][106]LogModuleManager: Shutting down and abandoning module ProfilerClient (560)
[2019.11.14-07.34.24:081][106]LogModuleManager: Shutting down and abandoning module DeviceManager (558)
[2019.11.14-07.34.24:082][106]LogModuleManager: Shutting down and abandoning module TargetDeviceServices (557)
[2019.11.14-07.34.24:124][106]LogModuleManager: Shutting down and abandoning module AutomationController (554)
[2019.11.14-07.34.24:125][106]LogModuleManager: Shutting down and abandoning module AutomationWindow (552)
[2019.11.14-07.34.24:126][106]LogModuleManager: Shutting down and abandoning module Layers (550)
[2019.11.14-07.34.24:129][106]LogModuleManager: Shutting down and abandoning module ComponentVisualizers (548)
[2019.11.14-07.34.24:129][106]LogModuleManager: Shutting down and abandoning module DetailCustomizations (546)
[2019.11.14-07.34.24:129][106]LogModuleManager: Shutting down and abandoning module PackagesDialog (544)
[2019.11.14-07.34.24:130][106]LogModuleManager: Shutting down and abandoning module AnimationBlueprintEditor (542)
[2019.11.14-07.34.24:133][106]LogModuleManager: Shutting down and abandoning module Persona (540)
[2019.11.14-07.34.24:135][106]LogModuleManager: Shutting down and abandoning module AnimGraph (539)
[2019.11.14-07.34.24:135][106]LogModuleManager: Shutting down and abandoning module Kismet (536)
[2019.11.14-07.34.24:140][106]LogModuleManager: Shutting down and abandoning module KismetWidgets (535)
[2019.11.14-07.34.24:140][106]LogModuleManager: Shutting down and abandoning module GraphEditor (532)
[2019.11.14-07.34.24:143][106]LogModuleManager: Shutting down and abandoning module StructViewer (530)
[2019.11.14-07.34.24:143][106]LogModuleManager: Shutting down and abandoning module ClassViewer (528)
[2019.11.14-07.34.24:143][106]LogModuleManager: Shutting down and abandoning module Toolbox (526)
[2019.11.14-07.34.24:143][106]LogModuleManager: Shutting down and abandoning module ModuleUI (524)
[2019.11.14-07.34.24:144][106]LogModuleManager: Shutting down and abandoning module MovieSceneTools (522)
[2019.11.14-07.34.24:145][106]LogModuleManager: Shutting down and abandoning module OutputLog (520)
[2019.11.14-07.34.24:146][106]LogModuleManager: Shutting down and abandoning module GammaUI (518)
[2019.11.14-07.34.24:146][106]LogModuleManager: Shutting down and abandoning module Documentation (516)
[2019.11.14-07.34.24:147][106]LogModuleManager: Shutting down and abandoning module LiveCoding (514)
[2019.11.14-07.34.24:148][106]LogModuleManager: Shutting down and abandoning module LevelSequence (512)
[2019.11.14-07.34.24:148][106]LogModuleManager: Shutting down and abandoning module MovieSceneTracks (510)
[2019.11.14-07.34.24:148][106]LogModuleManager: Shutting down and abandoning module MovieScene (508)
[2019.11.14-07.34.24:149][106]LogModuleManager: Shutting down and abandoning module StreamingPauseRendering (506)
[2019.11.14-07.34.24:149][106]LogModuleManager: Shutting down and abandoning module LauncherPlatform (504)
[2019.11.14-07.34.24:149][106]LogModuleManager: Shutting down and abandoning module AnalyticsET (502)
[2019.11.14-07.34.24:149][106]LogModuleManager: Shutting down and abandoning module PortalServices (500)
[2019.11.14-07.34.24:149][106]LogModuleManager: Shutting down and abandoning module PortalRpc (498)
[2019.11.14-07.34.24:149][106]LogModuleManager: Shutting down and abandoning module MessagingRpc (496)
[2019.11.14-07.34.24:149][106]LogModuleManager: Shutting down and abandoning module AIModule (494)
[2019.11.14-07.34.24:150][106]LogModuleManager: Shutting down and abandoning module GameplayDebugger (493)
[2019.11.14-07.34.24:150][106]LogModuleManager: Shutting down and abandoning module AITestSuite (491)
[2019.11.14-07.34.24:150][106]LogModuleManager: Shutting down and abandoning module NavigationSystem (489)
[2019.11.14-07.34.24:150][106]LogModuleManager: Shutting down and abandoning module DesktopPlatform (486)
[2019.11.14-07.34.24:151][106]LogModuleManager: Shutting down and abandoning module ImageWriteQueue (484)
[2019.11.14-07.34.24:159][106]LogModuleManager: Shutting down and abandoning module ProfilerService (482)
[2019.11.14-07.34.24:305][106]LogModuleManager: Shutting down and abandoning module TaskGraph (480)
[2019.11.14-07.34.24:307][106]LogModuleManager: Shutting down and abandoning module DatasmithCADTranslator (478)
[2019.11.14-07.34.24:309][106]LogModuleManager: Shutting down and abandoning module DatasmithC4DImporter (476)
[2019.11.14-07.34.24:309][106]LogModuleManager: Shutting down and abandoning module VariantManager (474)
[2019.11.14-07.34.24:311][106]LogModuleManager: Shutting down and abandoning module StaticMeshEditorExtension (472)
[2019.11.14-07.34.24:312][106]LogModuleManager: Shutting down and abandoning module MeshProcessingLibrary (471)
[2019.11.14-07.34.24:312][106]LogModuleManager: Shutting down and abandoning module MDLImporter (468)
[2019.11.14-07.34.24:313][106]LogModuleManager: Shutting down and abandoning module DatasmithCoreTechExtension (466)
[2019.11.14-07.34.24:313][106]LogModuleManager: Shutting down and abandoning module StaticMeshEditor (465)
[2019.11.14-07.34.24:315][106]LogModuleManager: Shutting down and abandoning module AdvancedPreviewScene (464)
[2019.11.14-07.34.24:315][106]LogModuleManager: Shutting down and abandoning module DatasmithOpenNurbsTranslator (460)
[2019.11.14-07.34.24:316][106]LogModuleManager: Shutting down and abandoning module DatasmithNativeTranslator (458)
[2019.11.14-07.34.24:316][106]LogModuleManager: Shutting down and abandoning module DatasmithIFCImporter (456)
[2019.11.14-07.34.24:317][106]LogModuleManager: Shutting down and abandoning module DatasmithGLTFImporter (454)
[2019.11.14-07.34.24:318][106]LogModuleManager: Shutting down and abandoning module DatasmithImporter (453)
[2019.11.14-07.34.24:321][106]LogModuleManager: Shutting down and abandoning module ScreenshotTools (450)
[2019.11.14-07.34.24:321][106]LogModuleManager: Shutting down and abandoning module SteamVRController (448)
[2019.11.14-07.34.24:321][106]LogModuleManager: Shutting down and abandoning module ProceduralMeshComponentEditor (446)
[2019.11.14-07.34.24:321][106]LogModuleManager: Shutting down and abandoning module ProceduralMeshComponent (444)
[2019.11.14-07.34.24:321][106]LogModuleManager: Shutting down and abandoning module OculusEditor (442)
[2019.11.14-07.34.24:321][106]LogModuleManager: Shutting down and abandoning module OculusInput (440)
[2019.11.14-07.34.24:321][106]LogModuleManager: Shutting down and abandoning module MobilePatchingUtils (438)
[2019.11.14-07.34.24:321][106]LogModuleManager: Shutting down and abandoning module EditableMesh (436)
[2019.11.14-07.34.24:322][106]LogModuleManager: Shutting down and abandoning module CustomMeshComponent (434)
[2019.11.14-07.34.24:322][106]LogModuleManager: Shutting down and abandoning module CableComponent (432)
[2019.11.14-07.34.24:322][106]LogModuleManager: Shutting down and abandoning module AudioCapture (430)
[2019.11.14-07.34.24:322][106]LogModuleManager: Shutting down and abandoning module ArchVisCharacter (428)
[2019.11.14-07.34.24:322][106]LogModuleManager: Shutting down and abandoning module AppleImageUtilsBlueprintSupport (426)
[2019.11.14-07.34.24:322][106]LogModuleManager: Shutting down and abandoning module AppleImageUtils (424)
[2019.11.14-07.34.24:322][106]LogModuleManager: Shutting down and abandoning module AndroidPermission (422)
[2019.11.14-07.34.24:322][106]LogModuleManager: Shutting down and abandoning module NUTUnrealEngine4 (420)
[2019.11.14-07.34.24:323][106]LogModuleManager: Shutting down and abandoning module NetcodeUnitTest (418)
[2019.11.14-07.34.24:323][106]LogModuleManager: Shutting down and abandoning module MediaCompositing (416)
[2019.11.14-07.34.24:324][106]LogModuleManager: Shutting down and abandoning module ImgMedia (414)
[2019.11.14-07.34.24:324][106]LogModuleManager: Shutting down and abandoning module MagicLeapHelperVulkan (412)
[2019.11.14-07.34.24:324][106]LogModuleManager: Shutting down and abandoning module MagicLeapHelperOpenGL (410)
[2019.11.14-07.34.24:324][106]LogModuleManager: Shutting down and abandoning module MagicLeapAudio (408)
[2019.11.14-07.34.24:324][106]LogModuleManager: Shutting down and abandoning module HTML5Networking (406)
[2019.11.14-07.34.24:324][106]LogModuleManager: Shutting down and abandoning module GeometryCollectionTracks (404)
[2019.11.14-07.34.24:324][106]LogModuleManager: Shutting down and abandoning module GeometryCollectionSequencer (403)
[2019.11.14-07.34.24:324][106]LogModuleManager: Shutting down and abandoning module GeometryCollectionEditor (400)
[2019.11.14-07.34.24:324][106]LogModuleManager: Shutting down and abandoning module GeometryCollectionExampleCore (398)
[2019.11.14-07.34.24:325][106]LogModuleManager: Shutting down and abandoning module GeometryCacheTracks (396)
[2019.11.14-07.34.24:325][106]LogModuleManager: Shutting down and abandoning module GeometryCacheSequencer (394)
[2019.11.14-07.34.24:325][106]LogModuleManager: Shutting down and abandoning module DataprepLibraries (392)
[2019.11.14-07.34.24:325][106]LogModuleManager: Shutting down and abandoning module DataprepCore (390)
[2019.11.14-07.34.24:325][106]LogModuleManager: Shutting down and abandoning module DataprepEditor (388)
[2019.11.14-07.34.24:328][106]LogModuleManager: Shutting down and abandoning module ChaosSolverEditor (386)
[2019.11.14-07.34.24:328][106]LogModuleManager: Shutting down and abandoning module BlastCore (384)
[2019.11.14-07.34.24:328][106]LogModuleManager: Shutting down and abandoning module BlastAuthoring (382)
[2019.11.14-07.34.24:328][106]LogModuleManager: Shutting down and abandoning module BackChannel (380)
[2019.11.14-07.34.24:328][106]LogModuleManager: Shutting down and abandoning module AutomationUtilsEditor (378)
[2019.11.14-07.34.24:328][106]LogModuleManager: Shutting down and abandoning module AutomationUtils (376)
[2019.11.14-07.34.24:328][106]LogModuleManager: Shutting down and abandoning module AlembicImporter (374)
[2019.11.14-07.34.24:329][106]LogModuleManager: Shutting down and abandoning module AlembicLibrary (373)
[2019.11.14-07.34.24:329][106]LogModuleManager: Shutting down and abandoning module GeometryCache (372)
[2019.11.14-07.34.24:329][106]LogModuleManager: Shutting down and abandoning module GeometryCacheEd (371)
[2019.11.14-07.34.24:329][106]LogModuleManager: Shutting down and abandoning module VariantManagerContent (366)
[2019.11.14-07.34.24:329][106]LogModuleManager: Shutting down and abandoning module DatasmithContentEditor (364)
[2019.11.14-07.34.24:329][106]LogModuleManager: Shutting down and abandoning module SpeedTreeImporter (362)
[2019.11.14-07.34.24:329][106]LogModuleManager: Shutting down and abandoning module PluginBrowser (360)
[2019.11.14-07.34.24:331][106]LogModuleManager: Shutting down and abandoning module MobileLauncherProfileWizard (358)
[2019.11.14-07.34.24:332][106]LogModuleManager: Shutting down and abandoning module PolygonModeling (356)
[2019.11.14-07.34.24:332][106]LogModuleManager: Shutting down and abandoning module MeshEditor (354)
[2019.11.14-07.34.24:333][106]LogModuleManager: Shutting down and abandoning module MaterialAnalyzer (352)
[2019.11.14-07.34.24:333][106]LogModuleManager: Shutting down and abandoning module GLTFImporter (350)
[2019.11.14-07.34.24:333][106]LogModuleManager: Shutting down and abandoning module EditorScriptingUtilities (348)
[2019.11.14-07.34.24:333][106]LogModuleManager: Shutting down and abandoning module CurveEditorTools (346)
[2019.11.14-07.34.24:334][106]LogModuleManager: Shutting down and abandoning module CurveEditor (345)
[2019.11.14-07.34.24:337][106]LogModuleManager: Shutting down and abandoning module CryptoKeysOpenSSL (342)
[2019.11.14-07.34.24:337][106]LogModuleManager: Shutting down and abandoning module CryptoKeys (340)
[2019.11.14-07.34.24:337][106]LogModuleManager: Shutting down and abandoning module VisualStudioSourceCodeAccess (338)
[2019.11.14-07.34.24:337][106]LogModuleManager: Shutting down and abandoning module VisualStudioCodeSourceCodeAccess (336)
[2019.11.14-07.34.24:337][106]LogModuleManager: Shutting down and abandoning module UObjectPlugin (334)
[2019.11.14-07.34.24:337][106]LogModuleManager: Shutting down and abandoning module SubversionSourceControl (332)
[2019.11.14-07.34.24:339][106]LogModuleManager: Shutting down and abandoning module PerforceSourceControl (330)
[2019.11.14-07.34.24:340][106]LogModuleManager: Shutting down and abandoning module GitSourceControl (328)
[2019.11.14-07.34.24:342][106]LogModuleManager: Shutting down and abandoning module SourceControl (327)
[2019.11.14-07.34.24:342][106]LogModuleManager: Shutting down and abandoning module CLionSourceCodeAccess (324)
[2019.11.14-07.34.24:342][106]LogModuleManager: Shutting down and abandoning module AnimationSharingEd (322)
[2019.11.14-07.34.24:342][106]LogModuleManager: Shutting down and abandoning module ActorLayerUtilitiesEditor (320)
[2019.11.14-07.34.24:342][106]LogModuleManager: Shutting down and abandoning module ActorLayerUtilities (318)
[2019.11.14-07.34.24:342][106]LogModuleManager: Shutting down and abandoning module LightPropagationVolumeEditor (316)
[2019.11.14-07.34.24:342][106]LogModuleManager: Shutting down and abandoning module PaperTiledImporter (314)
[2019.11.14-07.34.24:342][106]LogModuleManager: Shutting down and abandoning module PaperSpriteSheetImporter (312)
[2019.11.14-07.34.24:342][106]LogModuleManager: Shutting down and abandoning module Paper2DEditor (310)
[2019.11.14-07.34.24:345][106]LogModuleManager: Shutting down and abandoning module SignificanceManager (308)
[2019.11.14-07.34.24:345][106]LogModuleManager: Shutting down and abandoning module RuntimePhysXCooking (306)
[2019.11.14-07.34.24:345][106]LogModuleManager: Shutting down and abandoning module PhysXVehiclesEditor (304)
[2019.11.14-07.34.24:345][106]LogModuleManager: Shutting down and abandoning module LocationServicesBPLibrary (300)
[2019.11.14-07.34.24:345][106]LogModuleManager: Shutting down and abandoning module ActorSequence (298)
[2019.11.14-07.34.24:345][106]LogModuleManager: Shutting down and abandoning module UdpMessaging (296)
[2019.11.14-07.34.24:446][106]LogModuleManager: Shutting down and abandoning module TcpMessaging (294)
[2019.11.14-07.34.24:547][106]LogModuleManager: Shutting down and abandoning module MagicLeapIdentity (292)
[2019.11.14-07.34.24:547][106]LogModuleManager: Shutting down and abandoning module MagicLeapSecureStorage (290)
[2019.11.14-07.34.24:547][106]LogModuleManager: Shutting down and abandoning module MagicLeapHandTracking (288)
[2019.11.14-07.34.24:547][106]LogModuleManager: Shutting down and abandoning module MagicLeapEyeTracker (286)
[2019.11.14-07.34.24:548][106]LogModuleManager: Shutting down and abandoning module MagicLeapController (284)
[2019.11.14-07.34.24:548][106]LogSlate: Slate User Destroyed.  User Index 0, Is Virtual User: 0
[2019.11.14-07.34.24:548][106]LogSlate: Slate User Destroyed.  User Index 8, Is Virtual User: 1
[2019.11.14-07.34.24:548][106]LogModuleManager: Shutting down and abandoning module MagicLeapAR (282)
[2019.11.14-07.34.24:548][106]LogModuleManager: Shutting down and abandoning module AugmentedReality (281)
[2019.11.14-07.34.24:548][106]LogModuleManager: Shutting down and abandoning module GameplayTagsEditor (278)
[2019.11.14-07.34.24:549][106]LogModuleManager: Shutting down and abandoning module FacialAnimationEditor (276)
[2019.11.14-07.34.24:549][106]LogModuleManager: Shutting down and abandoning module FacialAnimation (274)
[2019.11.14-07.34.24:549][106]LogModuleManager: Shutting down and abandoning module DataValidation (272)
[2019.11.14-07.34.24:550][106]LogModuleManager: Shutting down and abandoning module AssetManagerEditor (270)
[2019.11.14-07.34.24:552][106]LogModuleManager: Shutting down and abandoning module LevelEditor (269)
[2019.11.14-07.34.24:553][106]LogModuleManager: Shutting down and abandoning module PixelInspectorModule (268)
[2019.11.14-07.34.24:554][106]LogModuleManager: Shutting down and abandoning module CommonMenuExtensions (266)
[2019.11.14-07.34.24:555][106]LogModuleManager: Shutting down and abandoning module MainFrame (264)
[2019.11.14-07.34.24:555][106]LogModuleManager: Shutting down and abandoning module HotReload (263)
[2019.11.14-07.34.24:556][106]LogModuleManager: Shutting down and abandoning module ContentBrowser (259)
[2019.11.14-07.34.24:559][106]LogModuleManager: Shutting down and abandoning module TreeMap (257)
[2019.11.14-07.34.24:560][106]LogModuleManager: Shutting down and abandoning module AnimationSharing (254)
[2019.11.14-07.34.24:560][106]LogModuleManager: Shutting down and abandoning module LightPropagationVolumeRuntime (252)
[2019.11.14-07.34.24:560][106]LogModuleManager: Shutting down and abandoning module Paper2D (250)
[2019.11.14-07.34.24:561][106]LogModuleManager: Shutting down and abandoning module WindowsMoviePlayer (248)
[2019.11.14-07.34.24:571][106]LogModuleManager: Shutting down and abandoning module WebMMoviePlayer (246)
[2019.11.14-07.34.24:571][106]LogModuleManager: Shutting down and abandoning module NetworkReplayStreaming (244)
[2019.11.14-07.34.24:571][106]LogModuleManager: Shutting down and abandoning module PacketHandler (242)
[2019.11.14-07.34.24:571][106]LogModuleManager: Shutting down and abandoning module ClothingSystemEditor (240)
[2019.11.14-07.34.24:571][106]LogModuleManager: Shutting down and abandoning module ClothingSystemRuntime (238)
[2019.11.14-07.34.24:572][106]LogModuleManager: Shutting down and abandoning module MediaAssets (236)
[2019.11.14-07.34.24:572][106]LogModuleManager: Shutting down and abandoning module Overlay (234)
[2019.11.14-07.34.24:572][106]LogModuleManager: Shutting down and abandoning module OverlayEditor (233)
[2019.11.14-07.34.24:572][106]LogModuleManager: Shutting down and abandoning module VREditor (230)
[2019.11.14-07.34.24:573][106]LogModuleManager: Shutting down and abandoning module StringTableEditor (228)
[2019.11.14-07.34.24:574][106]LogModuleManager: Shutting down and abandoning module GameplayTasksEditor (226)
[2019.11.14-07.34.24:574][106]LogModuleManager: Shutting down and abandoning module BehaviorTreeEditor (224)
[2019.11.14-07.34.24:577][106]LogModuleManager: Shutting down and abandoning module FunctionalTesting (222)
[2019.11.14-07.34.24:577][106]LogModuleManager: Shutting down and abandoning module CollisionAnalyzer (220)
[2019.11.14-07.34.24:579][106]LogModuleManager: Shutting down and abandoning module WorkspaceMenuStructure (219)
[2019.11.14-07.34.24:580][106]LogModuleManager: Shutting down and abandoning module UMG (216)
[2019.11.14-07.34.24:580][106]LogModuleManager: Shutting down and abandoning module UMGEditor (215)
[2019.11.14-07.34.24:581][106]LogModuleManager: Shutting down and abandoning module Sequencer (214)
[2019.11.14-07.34.24:585][106]LogModuleManager: Shutting down and abandoning module MessageLog (211)
[2019.11.14-07.34.24:585][106]LogModuleManager: Shutting down and abandoning module SlateReflector (206)
[2019.11.14-07.34.24:588][106]LogModuleManager: Shutting down and abandoning module Slate (204)
[2019.11.14-07.34.24:588][106]LogModuleManager: Shutting down and abandoning module LandscapeEditorUtilities (202)
[2019.11.14-07.34.24:588][106]LogModuleManager: Shutting down and abandoning module EditorStyle (200)
[2019.11.14-07.34.24:590][106]LogModuleManager: Shutting down and abandoning module UnrealEd (198)
[2019.11.14-07.34.24:590][106]LogModuleManager: Shutting down and abandoning module MRMesh (196)
[2019.11.14-07.34.24:590][106]LogModuleManager: Shutting down and abandoning module SourceCodeAccess (194)
[2019.11.14-07.34.24:590][106]LogModuleManager: Shutting down and abandoning module HeadMountedDisplay (192)
[2019.11.14-07.34.24:590][106]LogModuleManager: Shutting down and abandoning module XAudio2 (190)
[2019.11.14-07.34.24:590][106]LogModuleManager: Shutting down and abandoning module Networking (188)
[2019.11.14-07.34.24:590][106]LogModuleManager: Shutting down and abandoning module Core (186)
[2019.11.14-07.34.24:591][106]LogModuleManager: Shutting down and abandoning module KismetCompiler (184)
[2019.11.14-07.34.24:591][106]LogModuleManager: Shutting down and abandoning module MeshUtilities (182)
[2019.11.14-07.34.24:591][106]LogModuleManager: Shutting down and abandoning module MeshMergeUtilities (181)
[2019.11.14-07.34.24:591][106]LogModuleManager: Shutting down and abandoning module MeshReductionInterface (180)
[2019.11.14-07.34.24:591][106]LogModuleManager: Shutting down and abandoning module SkeletalMeshReduction (179)
[2019.11.14-07.34.24:592][106]LogModuleManager: Shutting down and abandoning module ProxyLODMeshReduction (177)
[2019.11.14-07.34.24:593][106]LogModuleManager: Shutting down and abandoning module QuadricMeshReduction (175)
[2019.11.14-07.34.24:594][106]LogModuleManager: Shutting down and abandoning module MaterialBaking (171)
[2019.11.14-07.34.24:595][106]LogModuleManager: Shutting down and abandoning module NullInstallBundleManager (166)
[2019.11.14-07.34.24:595][106]LogModuleManager: Shutting down and abandoning module DerivedDataCache (164)
[2019.11.14-07.34.25:001][106]LogDerivedDataCache: Shutdown
[2019.11.14-07.34.25:002][106]LogModuleManager: Shutting down and abandoning module XGEController (162)
[2019.11.14-07.34.25:002][106]LogXGEController: Cleaning working directory: C:/Users/User/AppData/Local/Temp/UnrealXGEWorkingDir/
[2019.11.14-07.34.25:002][106]LogModuleManager: Shutting down and abandoning module TargetPlatform (160)
[2019.11.14-07.34.25:003][106]LogModuleManager: Shutting down and abandoning module VulkanShaderFormat (159)
[2019.11.14-07.34.25:004][106]LogModuleManager: Shutting down and abandoning module ShaderFormatVectorVM (157)
[2019.11.14-07.34.25:004][106]LogModuleManager: Shutting down and abandoning module ShaderFormatOpenGL (155)
[2019.11.14-07.34.25:005][106]LogModuleManager: Shutting down and abandoning module ShaderFormatD3D (153)
[2019.11.14-07.34.25:005][106]LogModuleManager: Shutting down and abandoning module MetalShaderFormat (151)
[2019.11.14-07.34.25:006][106]LogModuleManager: Shutting down and abandoning module TextureFormatUncompressed (149)
[2019.11.14-07.34.25:006][106]LogModuleManager: Shutting down and abandoning module TextureFormatPVR (147)
[2019.11.14-07.34.25:006][106]LogModuleManager: Shutting down and abandoning module TextureFormatDXT (145)
[2019.11.14-07.34.25:007][106]LogModuleManager: Shutting down and abandoning module TextureFormatIntelISPCTexComp (143)
[2019.11.14-07.34.25:008][106]LogModuleManager: Shutting down and abandoning module TextureFormatASTC (141)
[2019.11.14-07.34.25:008][106]LogModuleManager: Shutting down and abandoning module ImageWrapper (140)
[2019.11.14-07.34.25:008][106]LogModuleManager: Shutting down and abandoning module TextureFormatAndroid (137)
[2019.11.14-07.34.25:008][106]LogModuleManager: Shutting down and abandoning module AudioFormatOpus (135)
[2019.11.14-07.34.25:008][106]LogModuleManager: Shutting down and abandoning module AudioFormatOgg (133)
[2019.11.14-07.34.25:008][106]LogModuleManager: Shutting down and abandoning module AudioFormatADPCM (131)
[2019.11.14-07.34.25:008][106]LogModuleManager: Shutting down and abandoning module LuminTargetPlatform (129)
[2019.11.14-07.34.25:010][106]LogModuleManager: Shutting down and abandoning module LinuxTargetPlatform (127)
[2019.11.14-07.34.25:010][106]LogModuleManager: Shutting down and abandoning module LinuxServerTargetPlatform (125)
[2019.11.14-07.34.25:010][106]LogModuleManager: Shutting down and abandoning module LinuxNoEditorTargetPlatform (123)
[2019.11.14-07.34.25:011][106]LogModuleManager: Shutting down and abandoning module LinuxClientTargetPlatform (121)
[2019.11.14-07.34.25:011][106]LogModuleManager: Shutting down and abandoning module TVOSTargetPlatform (119)
[2019.11.14-07.34.25:012][106]LogModuleManager: Shutting down and abandoning module Messaging (117)
[2019.11.14-07.34.25:012][106]LogModuleManager: Shutting down and abandoning module IOSTargetPlatform (115)
[2019.11.14-07.34.25:013][106]LogModuleManager: Shutting down and abandoning module HTML5TargetPlatform (113)
[2019.11.14-07.34.25:013][106]LogModuleManager: Shutting down and abandoning module AndroidTargetPlatform (111)
[2019.11.14-07.34.25:023][106]LogModuleManager: Shutting down and abandoning module WindowsTargetPlatform (109)
[2019.11.14-07.34.25:023][106]LogModuleManager: Shutting down and abandoning module WindowsServerTargetPlatform (107)
[2019.11.14-07.34.25:023][106]LogModuleManager: Shutting down and abandoning module WindowsNoEditorTargetPlatform (105)
[2019.11.14-07.34.25:023][106]LogModuleManager: Shutting down and abandoning module WindowsClientTargetPlatform (103)
[2019.11.14-07.34.25:023][106]LogModuleManager: Shutting down and abandoning module MacTargetPlatform (101)
[2019.11.14-07.34.25:023][106]LogModuleManager: Shutting down and abandoning module MacServerTargetPlatform (99)
[2019.11.14-07.34.25:023][106]LogModuleManager: Shutting down and abandoning module MacNoEditorTargetPlatform (97)
[2019.11.14-07.34.25:023][106]LogModuleManager: Shutting down and abandoning module MacClientTargetPlatform (95)
[2019.11.14-07.34.25:023][106]LogModuleManager: Shutting down and abandoning module AllDesktopTargetPlatform (93)
[2019.11.14-07.34.25:023][106]LogModuleManager: Shutting down and abandoning module InputCore (90)
[2019.11.14-07.34.25:023][106]LogModuleManager: Shutting down and abandoning module Settings (88)
[2019.11.14-07.34.25:023][106]LogModuleManager: Shutting down and abandoning module DirectoryWatcher (86)
[2019.11.14-07.34.25:034][106]LogModuleManager: Shutting down and abandoning module PhysXCooking (84)
[2019.11.14-07.34.25:034][106]LogModuleManager: Shutting down and abandoning module WindowsPlatformFeatures (82)
[2019.11.14-07.34.25:034][106]LogModuleManager: Shutting down and abandoning module GameplayMediaEncoder (81)
[2019.11.14-07.34.25:034][106]LogModuleManager: Shutting down and abandoning module SteamVR (78)
[2019.11.14-07.34.25:034][106]LogHMD: Freeing OpenVRDLLHandle.
[2019.11.14-07.34.25:035][106]LogModuleManager: Shutting down and abandoning module OculusHMD (76)
[2019.11.14-07.34.25:035][106]LogModuleManager: Shutting down and abandoning module ExampleDeviceProfileSelector (74)
[2019.11.14-07.34.25:035][106]LogModuleManager: Shutting down and abandoning module LauncherChunkInstaller (72)
[2019.11.14-07.34.25:035][106]LogModuleManager: Shutting down and abandoning module OnlineBlueprintSupport (70)
[2019.11.14-07.34.25:035][106]LogModuleManager: Shutting down and abandoning module OnlineSubsystem (66)
[2019.11.14-07.34.25:039][106]LogModuleManager: Shutting down and abandoning module XMPP (61)
[2019.11.14-07.34.25:041][106]LogModuleManager: Shutting down and abandoning module WebSockets (60)
[2019.11.14-07.34.25:072][106]LogModuleManager: Shutting down and abandoning module HTTP (57)
[2019.11.14-07.34.25:072][106]LogHttp: Display: Http module shutting down, but needs to wait on 1 outstanding Http requests:
[2019.11.14-07.34.25:072][106]LogHttp: Display: 	verb=[POST] url=[https://datarouter.ol.epicgames.com/datarouter/api/v1/public/data?SessionID=%7B799F4691-4B80-607D-760F-059ECCDF70B6%7D&AppID=UEEditor.Rocket.Release&AppVersion=4.23.0-8386587%2B%2B%2BUE4%2BRelease-4.23&UserID=086db09a4cdb7684d97d76953f5354c1%7C26d70b04e7e44015bfc6eaad0731ba1c%7Ca331a702-b6c9-4085-921d-8e1ca02b9726&AppEnvironment=datacollector-binary&UploadType=eteventstream] status=Processing
[2019.11.14-07.34.25:074][106]LogModuleManager: Shutting down and abandoning module SSL (56)
[2019.11.14-07.34.25:077][106]LogModuleManager: Shutting down and abandoning module WmfMedia (52)
[2019.11.14-07.34.25:078][106]LogModuleManager: Shutting down and abandoning module Media (51)
[2019.11.14-07.34.25:079][106]LogModuleManager: Shutting down and abandoning module MagicLeap (48)
[2019.11.14-07.34.25:080][106]LogModuleManager: Shutting down and abandoning module DatasmithContent (46)
[2019.11.14-07.34.25:080][106]LogModuleManager: Shutting down and abandoning module AISupportModule (44)
[2019.11.14-07.34.25:080][106]LogModuleManager: Shutting down and abandoning module PlatformCryptoOpenSSL (42)
[2019.11.14-07.34.25:081][106]LogModuleManager: Shutting down and abandoning module PlatformCrypto (40)
[2019.11.14-07.34.25:081][106]LogModuleManager: Shutting down and abandoning module AnimationModifiers (38)
[2019.11.14-07.34.25:083][106]LogModuleManager: Shutting down and abandoning module PropertyEditor (37)
[2019.11.14-07.34.25:084][106]LogModuleManager: Shutting down and abandoning module AudioEditor (34)
[2019.11.14-07.34.25:086][106]LogModuleManager: Shutting down and abandoning module TextureCompressor (32)
[2019.11.14-07.34.25:086][106]LogModuleManager: Shutting down and abandoning module RenderCore (30)
[2019.11.14-07.34.25:086][106]LogModuleManager: Shutting down and abandoning module Landscape (28)
[2019.11.14-07.34.25:086][106]LogModuleManager: Shutting down and abandoning module SlateRHIRenderer (26)
[2019.11.14-07.34.25:088][106]LogModuleManager: Shutting down and abandoning module OpenGLDrv (24)
[2019.11.14-07.34.25:089][106]LogModuleManager: Shutting down and abandoning module D3D11RHI (22)
[2019.11.14-07.34.25:089][106]LogModuleManager: Shutting down and abandoning module AnimGraphRuntime (20)
[2019.11.14-07.34.25:090][106]LogModuleManager: Shutting down and abandoning module Renderer (18)
[2019.11.14-07.34.25:090][106]LogModuleManager: Shutting down and abandoning module Engine (16)
[2019.11.14-07.34.25:090][106]LogModuleManager: Shutting down and abandoning module CoreUObject (14)
[2019.11.14-07.34.25:090][106]LogModuleManager: Shutting down and abandoning module NetworkFile (12)
[2019.11.14-07.34.25:090][106]LogModuleManager: Shutting down and abandoning module CookedIterativeFile (10)
[2019.11.14-07.34.25:091][106]LogModuleManager: Shutting down and abandoning module StreamingFile (8)
[2019.11.14-07.34.25:091][106]LogModuleManager: Shutting down and abandoning module SandboxFile (6)
[2019.11.14-07.34.25:091][106]LogModuleManager: Shutting down and abandoning module PakFile (4)
[2019.11.14-07.34.25:091][106]LogModuleManager: Shutting down and abandoning module RSA (3)
[2019.11.14-07.34.25:092][106]LogD3D11RHI: Shutdown
[2019.11.14-07.34.25:092][106]LogD3D11RHI: CleanupD3DDevice
[2019.11.14-07.34.25:094][106]LogRendererCore: FGlobalDynamicReadBuffer::Cleanup()
[2019.11.14-07.34.25:094][106]LogRendererCore: FGlobalDynamicReadBuffer::Cleanup()
[2019.11.14-07.34.25:094][106]LogRendererCore: FGlobalDynamicReadBuffer::Cleanup()
[2019.11.14-07.34.25:272][106]LogD3D11RHI: ~FD3D11DynamicRHI
[2019.11.14-07.34.25:277][106]LogExit: Exiting.
[2019.11.14-07.34.25:301][106]Log file closed, 11/14/19 10:34:25
